[    0.000000] Linux version 4.15.0-191-generic (buildd@lcy02-amd64-032) (gcc version 7.5.0 (Ubuntu 7.5.0-3ubuntu1~18.04)) #202-Ubuntu SMP Thu Aug 4 01:49:29 UTC 2022 (Ubuntu 4.15.0-191.202-generic 4.15.18)
[    0.000000] Command line: BOOT_IMAGE=/boot/vmlinuz-4.15.0-191-generic root=LABEL=cloudimg-rootfs ro console=tty1 console=ttyS0
[    0.000000] KERNEL supported cpus:
[    0.000000]   Intel GenuineIntel
[    0.000000]   AMD AuthenticAMD
[    0.000000]   Centaur CentaurHauls
[    0.000000] x86/fpu: Supporting XSAVE feature 0x001: 'x87 floating point registers'
[    0.000000] x86/fpu: Supporting XSAVE feature 0x002: 'SSE registers'
[    0.000000] x86/fpu: Supporting XSAVE feature 0x004: 'AVX registers'
[    0.000000] x86/fpu: xstate_offset[2]:  576, xstate_sizes[2]:  256
[    0.000000] x86/fpu: Enabled xstate features 0x7, context size is 832 bytes, using 'standard' format.
[    0.000000] e820: BIOS-provided physical RAM map:
[    0.000000] BIOS-e820: [mem 0x0000000000000000-0x000000000009fbff] usable
[    0.000000] BIOS-e820: [mem 0x000000000009fc00-0x000000000009ffff] reserved
[    0.000000] BIOS-e820: [mem 0x00000000000f0000-0x00000000000fffff] reserved
[    0.000000] BIOS-e820: [mem 0x0000000000100000-0x000000003ffeffff] usable
[    0.000000] BIOS-e820: [mem 0x000000003fff0000-0x000000003fffffff] ACPI data
[    0.000000] BIOS-e820: [mem 0x00000000fec00000-0x00000000fec00fff] reserved
[    0.000000] BIOS-e820: [mem 0x00000000fee00000-0x00000000fee00fff] reserved
[    0.000000] BIOS-e820: [mem 0x00000000fffc0000-0x00000000ffffffff] reserved
[    0.000000] NX (Execute Disable) protection: active
[    0.000000] SMBIOS 2.5 present.
[    0.000000] DMI: innotek GmbH VirtualBox/VirtualBox, BIOS VirtualBox 12/01/2006
[    0.000000] Hypervisor detected: KVM
[    0.000000] e820: last_pfn = 0x3fff0 max_arch_pfn = 0x400000000
[    0.000000] MTRR: Disabled
[    0.000000] x86/PAT: MTRRs disabled, skipping PAT initialization too.
[    0.000000] CPU MTRRs all blank - virtualized system.
[    0.000000] x86/PAT: Configuration [0-7]: WB  WT  UC- UC  WB  WT  UC- UC  
[    0.000000] found SMP MP-table at [mem 0x0009fff0-0x0009ffff]
[    0.000000] Scanning 1 areas for low memory corruption
[    0.000000] RAMDISK: [mem 0x359c9000-0x36cdbfff]
[    0.000000] ACPI: Early table checksum verification disabled
[    0.000000] ACPI: RSDP 0x00000000000E0000 000024 (v02 VBOX  )
[    0.000000] ACPI: XSDT 0x000000003FFF0030 00003C (v01 VBOX   VBOXXSDT 00000001 ASL  00000061)
[    0.000000] ACPI: FACP 0x000000003FFF00F0 0000F4 (v04 VBOX   VBOXFACP 00000001 ASL  00000061)
[    0.000000] ACPI: DSDT 0x000000003FFF0470 002325 (v02 VBOX   VBOXBIOS 00000002 INTL 20200925)
[    0.000000] ACPI: FACS 0x000000003FFF0200 000040
[    0.000000] ACPI: FACS 0x000000003FFF0200 000040
[    0.000000] ACPI: APIC 0x000000003FFF0240 00005C (v02 VBOX   VBOXAPIC 00000001 ASL  00000061)
[    0.000000] ACPI: SSDT 0x000000003FFF02A0 0001CC (v01 VBOX   VBOXCPUT 00000002 INTL 20200925)
[    0.000000] ACPI: Reserving FACP table memory at [mem 0x3fff00f0-0x3fff01e3]
[    0.000000] ACPI: Reserving DSDT table memory at [mem 0x3fff0470-0x3fff2794]
[    0.000000] ACPI: Reserving FACS table memory at [mem 0x3fff0200-0x3fff023f]
[    0.000000] ACPI: Reserving FACS table memory at [mem 0x3fff0200-0x3fff023f]
[    0.000000] ACPI: Reserving APIC table memory at [mem 0x3fff0240-0x3fff029b]
[    0.000000] ACPI: Reserving SSDT table memory at [mem 0x3fff02a0-0x3fff046b]
[    0.000000] No NUMA configuration found
[    0.000000] Faking a node at [mem 0x0000000000000000-0x000000003ffeffff]
[    0.000000] NODE_DATA(0) allocated [mem 0x3ffc5000-0x3ffeffff]
[    0.000000] kvm-clock: cpu 0, msr 0:3ff44001, primary cpu clock
[    0.000000] kvm-clock: Using msrs 4b564d01 and 4b564d00
[    0.000000] kvm-clock: using sched offset of 3070739676 cycles
[    0.000000] clocksource: kvm-clock: mask: 0xffffffffffffffff max_cycles: 0x1cd42e4dffb, max_idle_ns: 881590591483 ns
[    0.000000] Zone ranges:
[    0.000000]   DMA      [mem 0x0000000000001000-0x0000000000ffffff]
[    0.000000]   DMA32    [mem 0x0000000001000000-0x000000003ffeffff]
[    0.000000]   Normal   empty
[    0.000000]   Device   empty
[    0.000000] Movable zone start for each node
[    0.000000] Early memory node ranges
[    0.000000]   node   0: [mem 0x0000000000001000-0x000000000009efff]
[    0.000000]   node   0: [mem 0x0000000000100000-0x000000003ffeffff]
[    0.000000] Reserved but unavailable: 104 pages
[    0.000000] Initmem setup node 0 [mem 0x0000000000001000-0x000000003ffeffff]
[    0.000000] ACPI: PM-Timer IO Port: 0x4008
[    0.000000] IOAPIC[0]: apic_id 2, version 32, address 0xfec00000, GSI 0-23
[    0.000000] ACPI: INT_SRC_OVR (bus 0 bus_irq 0 global_irq 2 dfl dfl)
[    0.000000] ACPI: INT_SRC_OVR (bus 0 bus_irq 9 global_irq 9 low level)
[    0.000000] Using ACPI (MADT) for SMP configuration information
[    0.000000] smpboot: Allowing 2 CPUs, 0 hotplug CPUs
[    0.000000] PM: Registered nosave memory: [mem 0x00000000-0x00000fff]
[    0.000000] PM: Registered nosave memory: [mem 0x0009f000-0x0009ffff]
[    0.000000] PM: Registered nosave memory: [mem 0x000a0000-0x000effff]
[    0.000000] PM: Registered nosave memory: [mem 0x000f0000-0x000fffff]
[    0.000000] e820: [mem 0x40000000-0xfebfffff] available for PCI devices
[    0.000000] Booting paravirtualized kernel on KVM
[    0.000000] clocksource: refined-jiffies: mask: 0xffffffff max_cycles: 0xffffffff, max_idle_ns: 7645519600211568 ns
[    0.000000] random: get_random_bytes called from start_kernel+0x99/0x500 with crng_init=0
[    0.000000] setup_percpu: NR_CPUS:8192 nr_cpumask_bits:2 nr_cpu_ids:2 nr_node_ids:1
[    0.000000] percpu: Embedded 50 pages/cpu s167936 r8192 d28672 u1048576
[    0.000000] PV qspinlock hash table entries: 256 (order: 0, 4096 bytes)
[    0.000000] Built 1 zonelists, mobility grouping on.  Total pages: 257913
[    0.000000] Policy zone: DMA32
[    0.000000] Kernel command line: BOOT_IMAGE=/boot/vmlinuz-4.15.0-191-generic root=LABEL=cloudimg-rootfs ro console=tty1 console=ttyS0
[    0.000000] Memory: 982644K/1048120K available (12300K kernel code, 2484K rwdata, 4324K rodata, 2468K init, 2724K bss, 65476K reserved, 0K cma-reserved)
[    0.000000] SLUB: HWalign=64, Order=0-3, MinObjects=0, CPUs=2, Nodes=1
[    0.000000] Kernel/User page tables isolation: enabled
[    0.000000] ftrace: allocating 39485 entries in 155 pages
[    0.004000] Hierarchical RCU implementation.
[    0.004000] 	RCU restricting CPUs from NR_CPUS=8192 to nr_cpu_ids=2.
[    0.004000] 	Tasks RCU enabled.
[    0.004000] RCU: Adjusting geometry for rcu_fanout_leaf=16, nr_cpu_ids=2
[    0.004000] NR_IRQS: 524544, nr_irqs: 440, preallocated irqs: 16
[    0.004000] Console: colour VGA+ 80x25
[    0.004000] console [tty1] enabled
[    0.004000] console [ttyS0] enabled
[    0.004000] ACPI: Core revision 20170831
[    0.004000] ACPI: 2 ACPI AML tables successfully acquired and loaded
[    0.004000] APIC: Switch to symmetric I/O mode setup
[    0.004000] x2apic enabled
[    0.004000] Switched APIC routing to physical x2apic.
[    0.004000] ..TIMER: vector=0x30 apic1=0 pin1=2 apic2=-1 pin2=-1
[    0.004000] tsc: Detected 2419.200 MHz processor
[    0.004000] Calibrating delay loop (skipped) preset value.. 4838.40 BogoMIPS (lpj=9676800)
[    0.004000] pid_max: default: 32768 minimum: 301
[    0.004024] Security Framework initialized
[    0.004435] Yama: becoming mindful.
[    0.004808] AppArmor: AppArmor initialized
[    0.005855] Dentry cache hash table entries: 131072 (order: 8, 1048576 bytes)
[    0.006702] Inode-cache hash table entries: 65536 (order: 7, 524288 bytes)
[    0.008014] Mount-cache hash table entries: 2048 (order: 2, 16384 bytes)
[    0.008737] Mountpoint-cache hash table entries: 2048 (order: 2, 16384 bytes)
[    0.009747] Last level iTLB entries: 4KB 0, 2MB 0, 4MB 0
[    0.010318] Last level dTLB entries: 4KB 0, 2MB 0, 4MB 0, 1GB 0
[    0.010942] Spectre V1 : Mitigation: usercopy/swapgs barriers and __user pointer sanitization
[    0.012002] Spectre V2 : Mitigation: Retpolines
[    0.012489] Spectre V2 : Spectre v2 / SpectreRSB mitigation: Filling RSB on context switch
[    0.013306] Speculative Store Bypass: Vulnerable
[    0.013836] MDS: Mitigation: Clear CPU buffers
[    0.014460] Freeing SMP alternatives memory: 36K
[    0.125467] smpboot: CPU0: 11th Gen Intel(R) Core(TM) i5-1135G7 @ 2.40GHz (family: 0x6, model: 0x8c, stepping: 0x1)
[    0.127182] Performance Events: unsupported p6 CPU model 140 no PMU driver, software events only.
[    0.128000] Hierarchical SRCU implementation.
[    0.128000] NMI watchdog: Perf event create on CPU 0 failed with -2
[    0.128001] NMI watchdog: Perf NMI watchdog permanently disabled
[    0.128681] smp: Bringing up secondary CPUs ...
[    0.129183] x86: Booting SMP configuration:
[    0.129609] .... node  #0, CPUs:      #1
[    0.004000] kvm-clock: cpu 1, msr 0:3ff44041, secondary cpu clock
[    0.132017] smp: Brought up 1 node, 2 CPUs
[    0.132500] smpboot: Max logical packages: 1
[    0.132935] smpboot: Total of 2 processors activated (9676.80 BogoMIPS)
[    0.133651] devtmpfs: initialized
[    0.133651] x86/mm: Memory block size: 128MB
[    0.136111] evm: security.selinux
[    0.136513] evm: security.SMACK64
[    0.136902] evm: security.SMACK64EXEC
[    0.137319] evm: security.SMACK64TRANSMUTE
[    0.137768] evm: security.SMACK64MMAP
[    0.138166] evm: security.apparmor
[    0.138516] evm: security.ima
[    0.138832] evm: security.capability
[    0.139224] clocksource: jiffies: mask: 0xffffffff max_cycles: 0xffffffff, max_idle_ns: 7645041785100000 ns
[    0.140006] futex hash table entries: 512 (order: 3, 32768 bytes)
[    0.140709] pinctrl core: initialized pinctrl subsystem
[    0.141804] RTC time: 22:00:40, date: 09/13/22
[    0.142473] NET: Registered protocol family 16
[    0.143025] audit: initializing netlink subsys (disabled)
[    0.144020] audit: type=2000 audit(1663106445.326:1): state=initialized audit_enabled=0 res=1
[    0.144900] cpuidle: using governor ladder
[    0.144900] cpuidle: using governor menu
[    0.144900] ACPI: bus type PCI registered
[    0.145297] acpiphp: ACPI Hot Plug PCI Controller Driver version: 0.5
[    0.145970] PCI: Using configuration type 1 for base access
[    0.148710] HugeTLB registered 2.00 MiB page size, pre-allocated 0 pages
[    0.148720] ACPI: Added _OSI(Module Device)
[    0.148720] ACPI: Added _OSI(Processor Device)
[    0.148931] ACPI: Added _OSI(3.0 _SCP Extensions)
[    0.149432] ACPI: Added _OSI(Processor Aggregator Device)
[    0.149957] ACPI: Added _OSI(Linux-Dell-Video)
[    0.152009] ACPI: Added _OSI(Linux-Lenovo-NV-HDMI-Audio)
[    0.152590] ACPI: Added _OSI(Linux-HPI-Hybrid-Graphics)
[    0.153304] ACPI: Executed 1 blocks of module-level executable AML code
[    0.156390] ACPI: Interpreter enabled
[    0.156846] ACPI: (supports S0 S5)
[    0.157236] ACPI: Using IOAPIC for interrupt routing
[    0.157897] PCI: Using host bridge windows from ACPI; if necessary, use "pci=nocrs" and report a bug
[    0.158885] ACPI: Enabled 2 GPEs in block 00 to 07
[    0.162764] ACPI: PCI Root Bridge [PCI0] (domain 0000 [bus 00-ff])
[    0.163417] acpi PNP0A03:00: _OSC: OS supports [ASPM ClockPM Segments MSI]
[    0.164294] acpi PNP0A03:00: _OSC: not requesting OS control; OS requires [ExtendedConfig ASPM ClockPM MSI]
[    0.165332] acpi PNP0A03:00: fail to add MMCONFIG information, can't access extended PCI configuration space under this bridge.
[    0.166750] PCI host bridge to bus 0000:00
[    0.167225] pci_bus 0000:00: root bus resource [io  0x0000-0x0cf7 window]
[    0.168002] pci_bus 0000:00: root bus resource [io  0x0d00-0xffff window]
[    0.168713] pci_bus 0000:00: root bus resource [mem 0x000a0000-0x000bffff window]
[    0.169511] pci_bus 0000:00: root bus resource [mem 0x40000000-0xfdffffff window]
[    0.170735] pci_bus 0000:00: root bus resource [bus 00-ff]
[    0.172393] pci 0000:00:01.1: legacy IDE quirk: reg 0x10: [io  0x01f0-0x01f7]
[    0.173151] pci 0000:00:01.1: legacy IDE quirk: reg 0x14: [io  0x03f6]
[    0.173800] pci 0000:00:01.1: legacy IDE quirk: reg 0x18: [io  0x0170-0x0177]
[    0.174481] pci 0000:00:01.1: legacy IDE quirk: reg 0x1c: [io  0x0376]
[    0.182985] pci 0000:00:07.0: quirk: [io  0x4000-0x403f] claimed by PIIX4 ACPI
[    0.184012] pci 0000:00:07.0: quirk: [io  0x4100-0x410f] claimed by PIIX4 SMB
[    0.189277] ACPI: PCI Interrupt Link [LNKA] (IRQs 5 9 10 *11)
[    0.190130] ACPI: PCI Interrupt Link [LNKB] (IRQs 5 9 *10 11)
[    0.190810] ACPI: PCI Interrupt Link [LNKC] (IRQs 5 *9 10 11)
[    0.191474] ACPI: PCI Interrupt Link [LNKD] (IRQs 5 9 10 *11)
[    0.192271] SCSI subsystem initialized
[    0.192753] pci 0000:00:02.0: vgaarb: setting as boot VGA device
[    0.192753] pci 0000:00:02.0: vgaarb: VGA device added: decodes=io+mem,owns=io+mem,locks=none
[    0.193484] pci 0000:00:02.0: vgaarb: bridge control possible
[    0.194033] vgaarb: loaded
[    0.194338] ACPI: bus type USB registered
[    0.194756] usbcore: registered new interface driver usbfs
[    0.196015] usbcore: registered new interface driver hub
[    0.196578] usbcore: registered new device driver usb
[    0.197140] EDAC MC: Ver: 3.0.0
[    0.197140] PCI: Using ACPI for IRQ routing
[    0.197140] NetLabel: Initializing
[    0.197140] NetLabel:  domain hash size = 128
[    0.197558] NetLabel:  protocols = UNLABELED CIPSOv4 CALIPSO
[    0.200017] NetLabel:  unlabeled traffic allowed by default
[    0.200622] clocksource: Switched to clocksource kvm-clock
[    0.208810] VFS: Disk quotas dquot_6.6.0
[    0.209265] VFS: Dquot-cache hash table entries: 512 (order 0, 4096 bytes)
[    0.210057] AppArmor: AppArmor Filesystem Enabled
[    0.210608] pnp: PnP ACPI init
[    0.211621] pnp: PnP ACPI: found 3 devices
[    0.218720] clocksource: acpi_pm: mask: 0xffffff max_cycles: 0xffffff, max_idle_ns: 2085701024 ns
[    0.219931] NET: Registered protocol family 2
[    0.220495] IP idents hash table entries: 16384 (order: 5, 131072 bytes)
[    0.221879] TCP established hash table entries: 8192 (order: 4, 65536 bytes)
[    0.222655] TCP bind hash table entries: 8192 (order: 5, 131072 bytes)
[    0.223339] TCP: Hash tables configured (established 8192 bind 8192)
[    0.224022] UDP hash table entries: 512 (order: 2, 16384 bytes)
[    0.224618] UDP-Lite hash table entries: 512 (order: 2, 16384 bytes)
[    0.225253] NET: Registered protocol family 1
[    0.225744] pci 0000:00:00.0: Limiting direct PCI/PCI transfers
[    0.226327] pci 0000:00:01.0: Activating ISA DMA hang workarounds
[    0.226938] pci 0000:00:02.0: Video device with shadowed ROM at [mem 0x000c0000-0x000dffff]
[    0.227844] Unpacking initramfs...
[    0.426463] Freeing initrd memory: 19532K
[    0.427080] clocksource: tsc: mask: 0xffffffffffffffff max_cycles: 0x22df1149949, max_idle_ns: 440795312789 ns
[    0.428132] platform rtc_cmos: registered platform RTC device (no PNP device found)
[    0.428931] Scanning for low memory corruption every 60 seconds
[    0.430076] Initialise system trusted keyrings
[    0.430561] Key type blacklist registered
[    0.431106] workingset: timestamp_bits=36 max_order=18 bucket_order=0
[    0.432422] zbud: loaded
[    0.433134] squashfs: version 4.0 (2009/01/31) Phillip Lougher
[    0.433926] fuse init (API version 7.26)
[    0.435448] Key type asymmetric registered
[    0.435933] Asymmetric key parser 'x509' registered
[    0.436504] Block layer SCSI generic (bsg) driver version 0.4 loaded (major 246)
[    0.437311] io scheduler noop registered
[    0.437764] io scheduler deadline registered
[    0.438243] io scheduler cfq registered (default)
[    0.438946] ACPI: AC Adapter [AC] (off-line)
[    0.439467] input: Power Button as /devices/LNXSYSTM:00/LNXPWRBN:00/input/input0
[    0.440344] ACPI: Power Button [PWRF]
[    0.440799] input: Sleep Button as /devices/LNXSYSTM:00/LNXSLPBN:00/input/input1
[    0.441521] ACPI: Sleep Button [SLPF]
[    0.442577] ACPI: Battery Slot [BAT0] (battery present)
[    0.443264] Serial: 8250/16550 driver, 32 ports, IRQ sharing enabled
[    0.464556] 00:02: ttyS0 at I/O 0x3f8 (irq = 4, base_baud = 115200) is a 16550A
[    0.466949] Linux agpgart interface v0.103
[    0.468354] loop: module loaded
[    0.469156] scsi host0: ata_piix
[    0.469645] scsi host1: ata_piix
[    0.470029] ata1: PATA max UDMA/33 cmd 0x1f0 ctl 0x3f6 bmdma 0xd000 irq 14
[    0.470736] ata2: PATA max UDMA/33 cmd 0x170 ctl 0x376 bmdma 0xd008 irq 15
[    0.471517] tun: Universal TUN/TAP device driver, 1.6
[    0.472135] PPP generic driver version 2.4.2
[    0.472688] ehci_hcd: USB 2.0 'Enhanced' Host Controller (EHCI) Driver
[    0.473372] ehci-pci: EHCI PCI platform driver
[    0.473861] ehci-platform: EHCI generic platform driver
[    0.474420] ohci_hcd: USB 1.1 'Open' Host Controller (OHCI) Driver
[    0.475066] ohci-pci: OHCI PCI platform driver
[    0.475558] ohci-platform: OHCI generic platform driver
[    0.476128] uhci_hcd: USB Universal Host Controller Interface driver
[    0.476825] i8042: PNP: PS/2 Controller [PNP0303:PS2K,PNP0f03:PS2M] at 0x60,0x64 irq 1,12
[    0.478043] serio: i8042 KBD port at 0x60,0x64 irq 1
[    0.478612] serio: i8042 AUX port at 0x60,0x64 irq 12
[    0.479266] mousedev: PS/2 mouse device common for all mice
[    0.480257] input: AT Translated Set 2 keyboard as /devices/platform/i8042/serio0/input/input2
[    0.481348] rtc_cmos rtc_cmos: rtc core: registered rtc_cmos as rtc0
[    0.482064] rtc_cmos rtc_cmos: alarms up to one day, 114 bytes nvram
[    0.482730] i2c /dev entries driver
[    0.483159] device-mapper: uevent: version 1.0.3
[    0.483729] device-mapper: ioctl: 4.37.0-ioctl (2017-09-20) initialised: dm-devel@redhat.com
[    0.484695] ledtrig-cpu: registered to indicate activity on CPUs
[    0.485649] NET: Registered protocol family 10
[    0.488517] Segment Routing with IPv6
[    0.489059] NET: Registered protocol family 17
[    0.489629] Key type dns_resolver registered
[    0.490233] mce: Using 0 MCE banks
[    0.490651] RAS: Correctable Errors collector initialized.
[    0.491242] sched_clock: Marking stable (490215740, 0)->(585067296, -94851556)
[    0.492304] registered taskstats version 1
[    0.492783] Loading compiled-in X.509 certificates
[    0.494753] Loaded X.509 cert 'Build time autogenerated kernel key: c22b55fccca0ab4a1b471e83eb5a5035df964114'
[    0.496231] Loaded X.509 cert 'Canonical Ltd. Live Patch Signing: 14df34d1a87cf37625abec039ef2bf521249b969'
[    0.497667] Loaded X.509 cert 'Canonical Ltd. Kernel Module Signing: 88f752e560a1e0737e31163a466ad7b70a850c19'
[    0.498715] blacklist: Loading compiled-in revocation X.509 certificates
[    0.499416] Loaded X.509 cert 'Canonical Ltd. Secure Boot Signing: 61482aa2830d0ab2ad5af10b7250da9033ddcef0'
[    0.500465] zswap: loaded using pool lzo/zbud
[    0.503074] Key type big_key registered
[    0.503539] Key type trusted registered
[    0.504995] Key type encrypted registered
[    0.505488] AppArmor: AppArmor sha1 policy hashing enabled
[    0.506089] ima: No TPM chip found, activating TPM-bypass! (rc=-19)
[    0.506749] ima: Allocated hash algorithm: sha1
[    0.507251] evm: HMAC attrs: 0x1
[    0.507785]   Magic number: 6:292:47
[    0.508337] rtc_cmos rtc_cmos: setting system clock to 2022-09-13 22:00:40 UTC (1663106440)
[    0.509331] BIOS EDD facility v0.16 2004-Jun-25, 0 devices found
[    0.509985] EDD information not available.
[    0.655261] Freeing unused kernel image memory: 2468K
[    0.664232] Write protecting the kernel read-only data: 20480k
[    0.666245] Freeing unused kernel image memory: 2008K
[    0.668066] Freeing unused kernel image memory: 1820K
[    0.673145] x86/mm: Checked W+X mappings: passed, no W+X pages found.
[    0.673773] x86/mm: Checking user space page tables
[    0.677698] x86/mm: Checked W+X mappings: passed, no W+X pages found.
Loading, please wait...
starting version 237
[    0.718102] e1000: Intel(R) PRO/1000 Network Driver - version 7.3.21-k8-NAPI
[    0.718914] e1000: Copyright (c) 1999-2006 Intel Corporation.
[    0.726121] Fusion MPT base driver 3.04.20
[    0.726702] Copyright (c) 1999-2008 LSI Corporation
[    0.731067] Fusion MPT SPI Host driver 3.04.20
[    0.733239] AVX2 version of gcm_enc/dec engaged.
[    0.733792] AES CTR mode by8 optimization enabled
[    0.941864] input: ImExPS/2 Generic Explorer Mouse as /devices/platform/i8042/serio1/input/input4
[    1.145684] e1000 0000:00:03.0 eth0: (PCI:33MHz:32-bit) 02:7d:7d:ce:01:7d
[    1.147011] e1000 0000:00:03.0 eth0: Intel(R) PRO/1000 Network Connection
[    1.831344] e1000 0000:00:08.0 eth1: (PCI:33MHz:32-bit) 08:00:27:c2:28:6f
[    1.833364] e1000 0000:00:08.0 eth1: Intel(R) PRO/1000 Network Connection
[    1.835862] e1000 0000:00:08.0 enp0s8: renamed from eth1
[    1.836517] mptbase: ioc0: Initiating bringup
[    1.936525] e1000 0000:00:03.0 enp0s3: renamed from eth0
[    1.956307] ioc0: LSI53C1030 A0: Capabilities={Initiator}
[    5.423952] scsi host2: ioc0: LSI53C1030 A0, FwRev=00000000h, Ports=1, MaxQ=256, IRQ=20
[    8.824471] scsi 2:0:0:0: Direct-Access     VBOX     HARDDISK         1.0  PQ: 0 ANSI: 5
[    9.134226] scsi target2:0:0: Beginning Domain Validation
[    9.139141] scsi target2:0:0: Domain Validation skipping write tests
[    9.141365] scsi target2:0:0: Ending Domain Validation
[    9.143325] scsi target2:0:0: asynchronous
[    9.145096] scsi 2:0:1:0: Direct-Access     VBOX     HARDDISK         1.0  PQ: 0 ANSI: 5
[   10.443064] scsi target2:0:1: Beginning Domain Validation
[   10.448005] random: fast init done
[   10.449294] scsi target2:0:1: Domain Validation skipping write tests
[   10.451427] scsi target2:0:1: Ending Domain Validation
[   10.452395] scsi target2:0:1: asynchronous
[   10.454920] random: systemd-udevd: uninitialized urandom read (16 bytes read)
[   10.455713] random: systemd-udevd: uninitialized urandom read (16 bytes read)
[   10.456481] random: systemd-udevd: uninitialized urandom read (16 bytes read)
[   10.457609] sd 2:0:0:0: [sda] 83886080 512-byte logical blocks: (42.9 GB/40.0 GiB)
[   10.457623] sd 2:0:0:0: Attached scsi generic sg0 type 0
[   10.459222] sd 2:0:0:0: [sda] Write Protect is off
[   10.459846] sd 2:0:0:0: [sda] Incomplete mode parameter data
[   10.460604] sd 2:0:0:0: [sda] Assuming drive cache: write through
[   10.461335] sd 2:0:1:0: Attached scsi generic sg1 type 0
[   10.462048] sd 2:0:1:0: [sdb] 20480 512-byte logical blocks: (10.5 MB/10.0 MiB)
[   10.463011] sd 2:0:1:0: [sdb] Write Protect is off
[   10.463632] sd 2:0:1:0: [sdb] Incomplete mode parameter data
[   10.464265] sd 2:0:1:0: [sdb] Assuming drive cache: write through
[   10.472861]  sda: sda1
[   10.473685] sd 2:0:0:0: [sda] Attached SCSI disk
[   10.474450] sd 2:0:1:0: [sdb] Attached SCSI disk
Begin: Loading essential drivers ... [   11.811240] raid6: sse2x1   gen() 22152 MB/s
[   11.863631] raid6: sse2x1   xor() 11291 MB/s
[   11.923676] raid6: sse2x2   gen() 25573 MB/s
[   11.983645] raid6: sse2x2   xor() 18063 MB/s
[   12.043393] raid6: sse2x4   gen() 29737 MB/s
[   12.095300] raid6: sse2x4   xor() 16128 MB/s
[   12.143597] raid6: avx2x1   gen() 37273 MB/s
[   12.199215] raid6: avx2x1   xor() 21652 MB/s
[   12.255948] raid6: avx2x2   gen() 50606 MB/s
[   12.319201] raid6: avx2x2   xor() 37349 MB/s
[   12.371118] raid6: avx2x4   gen() 45446 MB/s
[   12.426894] raid6: avx2x4   xor() 29744 MB/s
[   12.427594] raid6: using algorithm avx2x2 gen() 50606 MB/s
[   12.428174] raid6: .... xor() 37349 MB/s, rmw enabled
[   12.428730] raid6: using avx2x2 recovery algorithm
[   12.430183] xor: automatically using best checksumming function   avx       
[   12.431745] async_tx: api initialized (async)
done.
Begin: Running /scripts/init-premount ... done.
Begin: Mounting root file system ... Begin: Running /scripts/local-top ... done.
Begin: Running /scripts/local-premount ... [   12.462458] Btrfs loaded, crc32c=crc32c-intel
Scanning for Btrfs filesystems
done.
Warning: fsck not present, so skipping root file system
[   12.487790] EXT4-fs (sda1): mounted filesystem with ordered data mode. Opts: (null)
done.
Begin: Running /scripts/local-bottom ... done.
Begin: Running /scripts/init-bottom ... done.
[   12.618706] ip_tables: (C) 2000-2006 Netfilter Core Team
[   12.624503] systemd[1]: systemd 237 running in system mode. (+PAM +AUDIT +SELINUX +IMA +APPARMOR +SMACK +SYSVINIT +UTMP +LIBCRYPTSETUP +GCRYPT +GNUTLS +ACL +XZ +LZ4 +SECCOMP +BLKID +ELFUTILS +KMOD -IDN2 +IDN -PCRE2 default-hierarchy=hybrid)
[   12.626685] systemd[1]: Detected virtualization oracle.
[   12.627259] systemd[1]: Detected architecture x86-64.

Welcome to [1mUbuntu 18.04.6 LTS[0m!

[   12.631170] systemd[1]: Set hostname to <ubuntu>.
[   12.633341] systemd[1]: Initializing machine ID from random generator.
[   12.634082] systemd[1]: Installed transient /etc/machine-id file.
[   12.828906] systemd[1]: Reached target Swap.
[[0;32m  OK  [0m] Reached target Swap.
[   12.829916] systemd[1]: Reached target User and Group Name Lookups.
[[0;32m  OK  [0m] Reached target User and Group Name Lookups.
[   12.832079] systemd[1]: Created slice User and Session Slice.
[[0;32m  OK  [0m] Created slice User and Session Slice.
[   12.833411] systemd[1]: Created slice System Slice.
[[0;32m  OK  [0m] Created slice System Slice.
[[0;32m  OK  [0m] Listening on fsck to fsckd communication Socket.
[[0;32m  OK  [0m] Listening on Journal Socket (/dev/log).
[[0;32m  OK  [0m] Listening on Network Service Netlink Socket.
[[0;32m  OK  [0m] Listening on Device-mapper event daemon FIFOs.
[[0;32m  OK  [0m] Listening on Journal Socket.
         Starting File System Check on Root Device...
         Starting Load Kernel Modules...
[[0;32m  OK  [0m] Listening on LVM2 poll daemon socket.
[[0;32m  OK  [0m] Reached target System Time Synchronized.
[[0;32m  OK  [0m] Listening on Syslog Socket.
[[0;32m  OK  [0m] Listening on udev Control Socket.
         Mounting Huge Pages File System...
[[0;32m  OK  [0m] Set up automount Arbitrary Executab…rmats File System Automount Point.
[[0;32m  OK  [0m] Listening on Journal Audit Socket.
         Starting Journal Service...
[[0;32m  OK  [0m] Started Forward Password Requests to Wall Directory Watch.
[[0;32m  OK  [0m] Listening on udev Kernel Socket.
[[0;32m  OK  [0m] Created slice system-serial\x2dgetty.slice.
[[0;32m  OK  [0m] Listening on /dev/initctl Compatibility Named Pipe.
         Mounting POSIX Message Queue File System...
         Mounting Kernel Debug File System...
[[0;32m  OK  [0m] Reached target Slices.
         Starting Create list of required st…ce nodes for the current kernel...
[[0;32m  OK  [0m] Listening on LVM2 metadata daemon socket.
         Starting Monitoring of LVM2 mirrors…ng dmeventd or progress polling...
         Starting udev Coldplug all Devices...
         Starting Uncomplicated firewall...
[   12.870425] Loading iSCSI transport class v2.0-870.
         Starting Set the console keyboard layout...
[[0;32m  OK  [0m] Started File System Check Daemon to report status.
[   12.877580] iscsi: registered transport (tcp)
[   12.889651] iscsi: registered transport (iser)
[[0;32m  OK  [0m] Started Load Kernel Modules.
         Mounting Kernel Configuration File System...
         Starting Apply Kernel Variables...
         Mounting FUSE Control File System...
[[0;32m  OK  [0m] Started Create list of required sta…vice nodes for the current kernel.
         Starting Create Static Device Nodes in /dev...
[[0;32m  OK  [0m] Started Journal Service.
[[0;32m  OK  [0m] Started LVM2 metadata daemon.
[[0;32m  OK  [0m] Started Uncomplicated firewall.
[[0;32m  OK  [0m] Mounted Kernel Configuration File System.
[[0;32m  OK  [0m] Mounted POSIX Message Queue File System.
[[0;32m  OK  [0m] Mounted Huge Pages File System.
[[0;32m  OK  [0m] Mounted FUSE Control File System.
[[0;32m  OK  [0m] Mounted Kernel Debug File System.
[[0;32m  OK  [0m] Started udev Coldplug all Devices.
[[0;32m  OK  [0m] Started Create Static Device Nodes in /dev.
[[0;32m  OK  [0m] Started File System Check on Root Device.
         Starting Remount Root and Kernel File Systems...
[[0;32m  OK  [0m] Started Apply Kernel Variables.
[[0;32m  OK  [0m] Started Remount Root and Kernel File Systems.
         Starting udev Kernel Device Manager...
         Starting Flush Journal to Persistent Storage...
         Starting Load/Save Random Seed...
[[0;32m  OK  [0m] Started Monitoring of LVM2 mirrors,…sing dmeventd or progress polling.
[[0;32m  OK  [0m] Started Load/Save Random Seed.
[[0;32m  OK  [0m] Started udev Kernel Device Manager.
[[0;32m  OK  [0m] Started Flush Journal to Persistent Storage.
[[0;32m  OK  [0m] Found device /dev/ttyS0.
[[0;32m  OK  [0m] Listening on Load/Save RF Kill Switch Status /dev/rfkill Watch.
[[0;32m  OK  [0m] Started Set the console keyboard layout.
[[0;32m  OK  [0m] Started Dispatch Password Requests to Console Directory Watch.
[[0;32m  OK  [0m] Reached target Local Encrypted Volumes.
[[0;32m  OK  [0m] Reached target Local File Systems (Pre).
[[0;32m  OK  [0m] Reached target Local File Systems.
         Starting Set console font and keymap...
         Starting Create Volatile Files and Directories...
         Starting AppArmor initialization...
         Starting ebtables ruleset management...
         Starting Commit a transient machine-id on disk...
         Starting Tell Plymouth To Write Out Runtime Data...
[[0;32m  OK  [0m] Started Tell Plymouth To Write Out Runtime Data.
[[0;32m  OK  [0m] Started Create Volatile Files and Directories.
         Starting Update UTMP about System Boot/Shutdown...
[[0;32m  OK  [0m] Started Update UTMP about System Boot/Shutdown.
[[0;32m  OK  [0m] Started Commit a transient machine-id on disk.
[[0;32m  OK  [0m] Started ebtables ruleset management.
[[0;32m  OK  [0m] Started AppArmor initialization.
         Starting Initial cloud-init job (pre-networking)...
         Starting Load AppArmor profiles managed internally by snapd...
[[0;32m  OK  [0m] Started Load AppArmor profiles managed internally by snapd.
[[0;32m  OK  [0m] Started Set console font and keymap.
[   15.380260] cloud-init[748]: Cloud-init v. 22.2-0ubuntu1~18.04.3 running 'init-local' at Tue, 13 Sep 2022 22:00:55 +0000. Up 15.16 seconds.
[[0;32m  OK  [0m] Started Initial cloud-init job (pre-networking).
[[0;32m  OK  [0m] Reached target Network (Pre).
         Starting Network Service...
[[0;32m  OK  [0m] Started Network Service.
         Starting Wait for Network to be Configured...
         Starting Network Name Resolution...
[[0;32m  OK  [0m] Started Network Name Resolution.
[[0;32m  OK  [0m] Reached target Host and Network Name Lookups.
[[0;32m  OK  [0m] Reached target Network.
[[0;32m  OK  [0m] Started Wait for Network to be Configured.
         Starting Initial cloud-init job (metadata service crawler)...
[   17.690785] cloud-init[995]: Cloud-init v. 22.2-0ubuntu1~18.04.3 running 'init' at Tue, 13 Sep 2022 22:00:57 +0000. Up 17.59 seconds.
[   17.691793] cloud-init[995]: ci-info: ++++++++++++++++++++++++++++++++++++++Net device info++++++++++++++++++++++++++++++++++++++
[   17.692762] cloud-init[995]: ci-info: +--------+-------+---------------------------+---------------+--------+-------------------+
[   17.693674] cloud-init[995]: ci-info: | Device |   Up  |          Address          |      Mask     | Scope  |     Hw-Address    |
[   17.694667] cloud-init[995]: ci-info: +--------+-------+---------------------------+---------------+--------+-------------------+
[   17.695561] cloud-init[995]: ci-info: | enp0s3 |  True |         10.0.2.15         | 255.255.255.0 | global | 02:7d:7d:ce:01:7d |
[   17.696557] cloud-init[995]: ci-info: | enp0s3 |  True | fe80::7d:7dff:fece:17d/64 |       .       |  link  | 02:7d:7d:ce:01:7d |
[   17.697508] cloud-init[995]: ci-info: | enp0s8 | False |             .             |       .       |   .    | 08:00:27:c2:28:6f |
[   17.698453] cloud-init[995]: ci-info: |   lo   |  True |         127.0.0.1         |   255.0.0.0   |  host  |         .         |
[   17.699410] cloud-init[995]: ci-info: |   lo   |  True |          ::1/128          |       .       |  host  |         .         |
[   17.700308] cloud-init[995]: ci-info: +--------+-------+---------------------------+---------------+--------+-------------------+
[   17.701161] cloud-init[995]: ci-info: ++++++++++++++++++++++++++++Route IPv4 info+++++++++++++++++++++++++++++
[   17.701923] cloud-init[995]: ci-info: +-------+-------------+----------+-----------------+-----------+-------+
[   17.702684] cloud-init[995]: ci-info: | Route | Destination | Gateway  |     Genmask     | Interface | Flags |
[   17.703444] cloud-init[995]: ci-info: +-------+-------------+----------+-----------------+-----------+-------+
[   17.704263] cloud-init[995]: ci-info: |   0   |   0.0.0.0   | 10.0.2.2 |     0.0.0.0     |   enp0s3  |   UG  |
[   17.705053] cloud-init[995]: ci-info: |   1   |   10.0.2.0  | 0.0.0.0  |  255.255.255.0  |   enp0s3  |   U   |
[   17.705850] cloud-init[995]: ci-info: |   2   |   10.0.2.2  | 0.0.0.0  | 255.255.255.255 |   enp0s3  |   UH  |
[   17.706624] cloud-init[995]: ci-info: +-------+-------------+----------+-----------------+-----------+-------+
[   17.707379] cloud-init[995]: ci-info: +++++++++++++++++++Route IPv6 info+++++++++++++++++++
[   17.708106] cloud-init[995]: ci-info: +-------+-------------+---------+-----------+-------+
[   17.708887] cloud-init[995]: ci-info: | Route | Destination | Gateway | Interface | Flags |
[   17.709688] cloud-init[995]: ci-info: +-------+-------------+---------+-----------+-------+
[   17.710402] cloud-init[995]: ci-info: |   1   |  fe80::/64  |    ::   |   enp0s3  |   U   |
[   17.711111] cloud-init[995]: ci-info: |   3   |    local    |    ::   |   enp0s3  |   U   |
[   17.711803] cloud-init[995]: ci-info: |   4   |   ff00::/8  |    ::   |   enp0s3  |   U   |
[   17.712437] cloud-init[995]: ci-info: +-------+-------------+---------+-----------+-------+
[   18.502126] cloud-init[995]: Generating public/private rsa key pair.
[   18.502690] cloud-init[995]: Your identification has been saved in /etc/ssh/ssh_host_rsa_key.
[   18.503246] cloud-init[995]: Your public key has been saved in /etc/ssh/ssh_host_rsa_key.pub.
[   18.503817] cloud-init[995]: The key fingerprint is:
[   18.504157] cloud-init[995]: SHA256:2G72IToV5iGg8AHqNjtzmjElggPm4Ko1r92hg96P38Q root@ubuntu-bionic
[   18.504732] cloud-init[995]: The key's randomart image is:
[   18.505095] cloud-init[995]: +---[RSA 2048]----+
[   18.505408] cloud-init[995]: |..               |
[   18.505789] cloud-init[995]: |o . .            |
[   18.506181] cloud-init[995]: |++ o .           |
[   18.506540] cloud-init[995]: |O o   .o+        |
[   18.506890] cloud-init[995]: |+B .  .+So       |
[   18.507241] cloud-init[995]: |+.=    oo        |
[   18.507634] cloud-init[995]: |.*oo  ..E .      |
[   18.507990] cloud-init[995]: |..X=.+.B o .     |
[   18.508360] cloud-init[995]: |.+o.*+=.. .      |
[   18.508699] cloud-init[995]: +----[SHA256]-----+
[   18.509044] cloud-init[995]: Generating public/private dsa key pair.
[   18.509499] cloud-init[995]: Your identification has been saved in /etc/ssh/ssh_host_dsa_key.
[   18.510092] cloud-init[995]: Your public key has been saved in /etc/ssh/ssh_host_dsa_key.pub.
[   18.510676] cloud-init[995]: The key fingerprint is:
[   18.511035] cloud-init[995]: SHA256:0r56ngpQ5Bp/U/9OCcMQTbAfV6NaJ7ySMhqYOugosVc root@ubuntu-bionic
[   18.511656] cloud-init[995]: The key's randomart image is:
[   18.512049] cloud-init[995]: +---[DSA 1024]----+
[   18.512406] cloud-init[995]: |    .   o+.   o  |
[   18.512747] cloud-init[995]: |   o     o.. o . |
[   18.513089] cloud-init[995]: |  . o   + . * .  |
[   18.513433] cloud-init[995]: |   = o o = * +   |
[   18.513772] cloud-init[995]: |  o + = S X .    |
[   18.514115] cloud-init[995]: |.. oE. * o = .   |
[   18.514452] cloud-init[995]: |.oo.. . .   +    |
[   18.514794] cloud-init[995]: |= .. .  .o o     |
[   18.515135] cloud-init[995]: |oo    o=+   .    |
[   18.515481] cloud-init[995]: +----[SHA256]-----+
[   18.515824] cloud-init[995]: Generating public/private ecdsa key pair.
[   18.516287] cloud-init[995]: Your identification has been saved in /etc/ssh/ssh_host_ecdsa_key.
[   18.516859] cloud-init[995]: Your public key has been saved in /etc/ssh/ssh_host_ecdsa_key.pub.
[   18.517465] cloud-init[995]: The key fingerprint is:
[   18.517826] cloud-init[995]: SHA256:EmdxtNuNSuCIXdu95ueO2luE/5aNgzxVRy6t+BI6y7s root@ubuntu-bionic
[   18.518430] cloud-init[995]: The key's randomart image is:
[   18.518825] cloud-init[995]: +---[ECDSA 256]---+
[   18.519168] cloud-init[995]: |        ..o      |
[   18.519516] cloud-init[995]: |         o .    .|
[   18.519860] cloud-init[995]: |      . = .    + |
[   18.520214] cloud-init[995]: |     o B + + +. =|
[   18.520559] cloud-init[995]: |    . + S + =.o+.|
[   18.520947] cloud-init[995]: |       . . .o+o  |
[   18.521304] cloud-init[995]: |          .oo=o.o|
[   18.521686] cloud-init[995]: |         .o+=o=oo|
[   18.522084] cloud-init[995]: |          E*=Boo.|
[   18.522486] cloud-init[995]: +----[SHA256]-----+
[   18.522836] cloud-init[995]: Generating public/private ed25519 key pair.
[   18.523314] cloud-init[995]: Your identification has been saved in /etc/ssh/ssh_host_ed25519_key.
[   18.523911] cloud-init[995]: Your public key has been saved in /etc/ssh/ssh_host_ed25519_key.pub.
[   18.524472] cloud-init[995]: The key fingerprint is:
[   18.524801] cloud-init[995]: SHA256:w9IENGTaUCtpFxJUuUp4Si3XikBlWdWrZhQEL8HbadQ root@ubuntu-bionic
[   18.525359] cloud-init[995]: The key's randomart image is:
[   18.525713] cloud-init[995]: +--[ED25519 256]--+
[   18.526024] cloud-init[995]: |  .+OX&+o        |
[   18.526337] cloud-init[995]: | ... O+B E       |
[   18.526649] cloud-init[995]: |.  o=oBo+ .      |
[   18.526965] cloud-init[995]: |. +.=++O .       |
[   18.527274] cloud-init[995]: | o B o+ S        |
[   18.527611] cloud-init[995]: |  o o  = .       |
[   18.527927] cloud-init[995]: |      o          |
[   18.528255] cloud-init[995]: |                 |
[   18.528624] cloud-init[995]: |                 |
[   18.528938] cloud-init[995]: +----[SHA256]-----+
[[0;32m  OK  [0m] Started Initial cloud-init job (metadata service crawler).
[[0;32m  OK  [0m] Reached target System Initialization.
[[0;32m  OK  [0m] Started Discard unused blocks once a week.
[[0;32m  OK  [0m] Listening on D-Bus System Message Bus Socket.
[[0;32m  OK  [0m] Started ACPI Events Check.
[[0;32m  OK  [0m] Started Daily Cleanup of Temporary Directories.
         Starting Socket activation for snappy daemon.
[[0;32m  OK  [0m] Listening on ACPID Listen Socket.
[[0;32m  OK  [0m] Listening on UUID daemon activation socket.
[[0;32m  OK  [0m] Started Daily apt download activities.
[[0;32m  OK  [0m] Started Daily apt upgrade and clean activities.
[[0;32m  OK  [0m] Listening on Open-iSCSI iscsid Socket.
[[0;32m  OK  [0m] Reached target Paths.
[[0;32m  OK  [0m] Started Message of the Day.
[[0;32m  OK  [0m] Listening on cloud-init hotplug hook socket.
         Starting LXD - unix socket.
[[0;32m  OK  [0m] Started Ubuntu Advantage Timer for running repeated jobs.
[[0;32m  OK  [0m] Reached target Timers.
[[0;32m  OK  [0m] Reached target Cloud-config availability.
[[0;32m  OK  [0m] Reached target Network is Online.
[[0;32m  OK  [0m] Reached target Remote File Systems (Pre).
[[0;32m  OK  [0m] Reached target Remote File Systems.
         Starting Availability of block devices...
[[0;32m  OK  [0m] Listening on Socket activation for snappy daemon.
[[0;32m  OK  [0m] Listening on LXD - unix socket.
[[0;32m  OK  [0m] Started Availability of block devices.
[[0;32m  OK  [0m] Reached target Sockets.
[[0;32m  OK  [0m] Reached target Basic System.
         Starting Accounts Service...
[[0;32m  OK  [0m] Started irqbalance daemon.
         Starting Pollinate to seed the pseudo random number generator...
[[0;32m  OK  [0m] Started FUSE filesystem for LXC.
         Starting LSB: automatic crash report generation...
         Starting LXD - container startup/shutdown...
         Starting Dispatcher daemon for systemd-networkd...
[[0;32m  OK  [0m] Started D-Bus System Message Bus.
[[0;32m  OK  [0m] Started Regular background program processing daemon.
         Starting Virtualbox guest utils...
         Starting Login Service...
[[0;32m  OK  [0m] Started Deferred execution scheduler.
         Starting Permit User Sessions...
         Starting LSB: Record successful boot for GRUB...
         Starting Snap Daemon...
         Starting System Logging Service...
[[0;32m  OK  [0m] Started LXD - container startup/shutdown.
[[0;32m  OK  [0m] Started Permit User Sessions.
         Starting Hold until boot process finishes up...
         Starting Terminate Plymouth Boot Screen...
[[0;32m  OK  [0m] Started Hold until boot process finishes up.
[[0;32m  OK  [0m] Started Login Service.
[[0;32m  OK  [0m] Started System Logging Service.
[[0;32m  OK  [0m] Started LSB: automatic crash report generation.
[[0;32m  OK  [0m] Started Terminate Plymouth Boot Screen.
         Starting Authorization Manager...
[[0;32m  OK  [0m] Started Unattended Upgrades Shutdown.
[[0;32m  OK  [0m] Started Serial Getty on ttyS0.
         Starting Set console scheme...
[[0;32m  OK  [0m] Started Authorization Manager.
[[0;32m  OK  [0m] Started Accounts Service.
[[0;32m  OK  [0m] Started Set console scheme.
[[0;32m  OK  [0m] Created slice system-getty.slice.
[[0;32m  OK  [0m] Started Getty on tty1.
[[0;32m  OK  [0m] Reached target Login Prompts.
[[0;32m  OK  [0m] Started Dispatcher daemon for systemd-networkd.
[[0;32m  OK  [0m] Started Virtualbox guest utils.
[[0;32m  OK  [0m] Started LSB: Record successful boot for GRUB.
[[0;32m  OK  [0m] Started Snap Daemon.
         Starting Wait until snapd is fully seeded...
         Starting Time & Date Service...
[[0;32m  OK  [0m] Started Time & Date Service.
[[0;32m  OK  [0m] Started Pollinate to seed the pseudo random number generator.
         Starting OpenBSD Secure Shell server...
[[0;32m  OK  [0m] Started OpenBSD Secure Shell server.
[[0;32m  OK  [0m] Created slice User Slice of vagrant.
         Starting User Manager for UID 1000...
[[0;32m  OK  [0m] Started Session 1 of user vagrant.
[[0;32m  OK  [0m] Started User Manager for UID 1000.
[[0;32m  OK  [0m] Started Wait until snapd is fully seeded.
         Starting Apply the settings specified in cloud-config...
[[0;32m  OK  [0m] Started Session 3 of user vagrant.
[   23.901127] cloud-init[1830]: Cloud-init v. 22.2-0ubuntu1~18.04.3 running 'modules:config' at Tue, 13 Sep 2022 22:01:03 +0000. Up 23.43 seconds.
[[0;32m  OK  [0m] Started Apply the settings specified in cloud-config.
[[0;32m  OK  [0m] Reached target Multi-User System.
[[0;32m  OK  [0m] Reached target Graphical Interface.
         Starting Update UTMP about System Runlevel Changes...
         Starting Execute cloud user/final scripts...
[[0;32m  OK  [0m] Started Update UTMP about System Runlevel Changes.
ci-info: no authorized SSH keys fingerprints found for user ubuntu.
<14>Sep 13 22:01:04 cloud-init: #############################################################
<14>Sep 13 22:01:04 cloud-init: -----BEGIN SSH HOST KEY FINGERPRINTS-----
<14>Sep 13 22:01:04 cloud-init: 1024 SHA256:0r56ngpQ5Bp/U/9OCcMQTbAfV6NaJ7ySMhqYOugosVc root@ubuntu-bionic (DSA)
<14>Sep 13 22:01:04 cloud-init: 256 SHA256:EmdxtNuNSuCIXdu95ueO2luE/5aNgzxVRy6t+BI6y7s root@ubuntu-bionic (ECDSA)
<14>Sep 13 22:01:04 cloud-init: 256 SHA256:w9IENGTaUCtpFxJUuUp4Si3XikBlWdWrZhQEL8HbadQ root@ubuntu-bionic (ED25519)
<14>Sep 13 22:01:04 cloud-init: 2048 SHA256:2G72IToV5iGg8AHqNjtzmjElggPm4Ko1r92hg96P38Q root@ubuntu-bionic (RSA)
<14>Sep 13 22:01:04 cloud-init: -----END SSH HOST KEY FINGERPRINTS-----
<14>Sep 13 22:01:04 cloud-init: #############################################################
-----BEGIN SSH HOST KEY KEYS-----
ecdsa-sha2-nistp256 AAAAE2VjZHNhLXNoYTItbmlzdHAyNTYAAAAIbmlzdHAyNTYAAABBBAbe/6+HQyc2TweDvacLLPH/Q0vP0Cg4kJDh4ZuKSHDBCkVSGl6Z8KD5FTDGhqOI4WrubKdhixBXJ8C4MxSKILQ= root@ubuntu-bionic
ssh-ed25519 AAAAC3NzaC1lZDI1NTE5AAAAIERLFphZQw8bFVj86YZVfThFOeXjH3xu+XrS0Bp+SZOt root@ubuntu-bionic
ssh-rsa AAAAB3NzaC1yc2EAAAADAQABAAABAQC1BE22VPvxXPVjaT1SyLGoZVrYbdYwawQzkWLkeOg1KMScw7vl5xpG+80+WsShOQ3IH0mfAdusv0PWw2rO49fhEQyAKmk/NXVLbegELV5jF8Wq3aUIlkfGCRAMvg7A7L7R1Z36tSMinReCdlX4pyzNwuqRySLSdibHNGXH6M3RQTQKii+dJoVxSEwfIF4tnieT68NyaB978scNF/dhNPxLkvebIWnc8bbjlU+mbNxaEneEMtp1go4zXmMIJQo9uSEnSE7BEGz4DNMT0FR7Jwe6MZuTOibnB28WvtElRk3XLwSjxKeH0Oc3Cy1bvWaXpigQmRl+ARcnbeFFV4crG6IH root@ubuntu-bionic
-----END SSH HOST KEY KEYS-----
[   24.387282] cloud-init[1953]: Cloud-init v. 22.2-0ubuntu1~18.04.3 running 'modules:final' at Tue, 13 Sep 2022 22:01:04 +0000. Up 24.25 seconds.
[   24.387360] cloud-init[1953]: Cloud-init v. 22.2-0ubuntu1~18.04.3 finished at Tue, 13 Sep 2022 22:01:04 +0000. Datasource DataSourceNoCloud [seed=/dev/sdb][dsmode=net].  Up 24.37 seconds

Ubuntu 18.04.6 LTS ubuntu-bionic ttyS0

ubuntu-bionic login: [[0;32m  OK  [0m] Stopped target Cloud-init target.
         Stopping User Manager for UID 1000...
[[0;32m  OK  [0m] Stopped target Timers.
[[0;32m  OK  [0m] Stopped Message of the Day.
[[0;32m  OK  [0m] Stopped Discard unused blocks once a week.
[[0;32m  OK  [0m] Stopped Daily Cleanup of Temporary Directories.
[[0;32m  OK  [0m] Stopped Execute cloud user/final scripts.
[[0;32m  OK  [0m] Stopped Apply the settings specified in cloud-config.
[[0;32m  OK  [0m] Stopped target Cloud-config availability.
         Stopping Authorization Manager...
[[0;32m  OK  [0m] Closed Load/Save RF Kill Switch Status /dev/rfkill Watch.
[[0;32m  OK  [0m] Stopped Ubuntu Advantage Timer for running repeated jobs.
[[0;32m  OK  [0m] Stopped Daily apt upgrade and clean activities.
[[0;32m  OK  [0m] Stopped target Graphical Interface.
[[0;32m  OK  [0m] Stopped target Multi-User System.
         Stopping D-Bus System Message Bus...
[[0;32m  OK  [0m] Stopped target Login Prompts.
         Stopping Serial Getty on ttyS0...
         Stopping LSB: Record successful boot for GRUB...
         Stopping irqbalance daemon...
         Stopping OpenBSD Secure Shell server...
         Stoppin         Stopping The Apache HTTP Server...
         Stopping FUSE filesystem for LXC...
         Stopping Dispatcher daemon for systemd-networkd...
         Stopping Regular background program processing daemon...
         Stopping LSB: automatic crash report generation...
         Stopping vboxadd-service.service...
         Stopping Accounts Service...
         Stopping Getty on tty1...
         Stopping Availability of block devices...
         Stopping Session 4 of user vagrant.
         Stopping LXD - container startup/shutdown...
[[0;32m  OK  [0m] Stopped target Network is Online.
[[0;32m  OK  [0m] Stopped Daily apt download activities.
[[0;32m  OK  [0m] Stopped target System Time Synchronized.
         Stopping System Logging Service...
[[0;32m  OK  [0m] Stopped Wait until snapd is fully seeded.
[[0;32m  OK  [0m] Unmounted /var/lib/lxcfs.
[[0;32m  OK  [0m] Stopped Accounts Service.
[[0;32m  OK  [0m] Stopped irqbalance daemon.
[[0;32m  OK  [0m] Stopped Dispatcher daemon for systemd-networkd.
[[0;32m  OK  [0m] Stopped Regular background program processing daemon.
[[0;32m  OK  [0m] Stopped Deferred execution scheduler.
[[0;32m  OK  [0m] Stopped System Logging Service.
[[0;32m  OK  [0m] Stopped Authorization Manager.
[[0;32m  OK  [0m] Stopped Serial Getty on ttyS0.
[[0;32m  OK  [0m] Stopped Getty on tty1.
[[0;32m  OK  [0m] Stopped OpenBSD Secure Shell server.
[[0;32m  OK  [0m] Stopped User Manager for UID 1000.
[[0;32m  OK  [0m] Stopped D-Bus System Message Bus.
[[0;32m  OK  [0m] Stopped FUSE filesystem for LXC.
[[0;32m  OK  [0m] Removed slice system-getty.slice.
[[0;32m  OK  [0m] Removed slice system-serial\x2dgetty.slice.
[[0;32m  OK  [0m] Stopped Session 4 of user vagrant.
[[0;32m  OK  [0m] Removed slice User Slice of vagrant.
         Stopping Login Service...
         Stopping Permit User Sessions...
[[0;32m  OK  [0m] Stopped LXD - container startup/shutdown.
[[0;32m  OK  [0m] Stopped Permit User Sessions.
[[0;32m  OK  [0m] Stopped LSB: automatic crash report generation.
[[0;32m  OK  [0m] Stopped vboxadd-service.service.
         Stopping vboxadd.service...
[[0;32m  OK  [0m] Stopped LSB: Record successful boot for GRUB.
[[0;32m  OK  [0m] Stopped Availability of block devices.
[[0;32m  OK  [0m] Stopped Login Service.
[[0;32m  OK  [0m] Stopped target User and Group Name Lookups.
[[0;32m  OK  [0m] Stopped The Apache HTTP Server.
[[0;32m  OK  [0m] Stopped target Host and Network Name Lookups.
[[0;32m  OK  [0m] Stopped target Remote File Systems.
[[0;32m  OK  [0m] Stopped target Remote File Systems (Pre).
[[0;32m  OK  [0m] Stopped target Network.
         Stopping Network Name Resolution...
[[0;32m  OK  [0m] Stopped Network Name Resolution.
         Stopping Network Service...
[[0;32m  OK  [0m] Unmounted /vagrant.
[[0;32m  OK  [0m] Stopped vboxadd.service.
[[0;32m  OK  [0m] Stopped target Basic System.
[[0;32m  OK  [0m] Stopped target Slices.
[[0;32m  OK  [0m] Removed slice User and Session Slice.
[[0;32m  OK  [0m] Stopped target Sockets.
[[0;32m  OK  [0m] Closed UUID daemon activation socket.
[[0;32m  OK  [0m] Closed LXD - unix socket.
[[0;32m  OK  [0m] Closed Open-iSCSI iscsid Socket.
[[0;32m  OK  [0m] Closed D-Bus System Message Bus Socket.
[[0;32m  OK  [0m] Closed ACPID Listen Socket.
[[0;32m  OK  [0m] Closed Syslog Socket.
[[0;32m  OK  [0m] Closed cloud-init hotplug hook socket.
[[0;32m  OK  [0m] Closed Socket activation for snappy daemon.
[[0;32m  OK  [0m] Stopped target Paths.
[[0;32m  OK  [0m] Stopped ACPI Events Check.
[[0;32m  OK  [0m] Stopped target System Initialization.
         Stopping Update UTMP about System Boot/Shutdown...
[[0;32m  OK  [0m] Stopped Initial cloud-init job (metadata service crawler).
[[0;32m  OK  [0m] Stopped target Local Encrypted Volumes.
[[0;32m  OK  [0m] Stopped Forward Password Requests to Wall Directory Watch.
[[0;32m  OK  [0m] Stopped Dispatch Password Requests to Console Directory Watch.
[[0;32m  OK  [0m] Stopped Commit a transient machine-id on disk.
         Stopping Load/Save Random Seed...
[[0;32m  OK  [0m] Stopped Network Service.
[[0;32m  OK  [0m] Stopped target Network (Pre).
[[0;32m  OK  [0m] Stopped Initial cloud-init job (pre-networking).
[[0;32m  OK  [0m] Stopped Apply Kernel Variables.
[[0;32m  OK  [0m] Stopped Load Kernel Modules.
[[0;32m  OK  [0m] Stopped Load/Save Random Seed.
[[0;32m  OK  [0m] Stopped Update UTMP about System Boot/Shutdown.
[[0;32m  OK  [0m] Stopped Create Volatile Files and Directories.
[[0;32m  OK  [0m] Stopped target Local File Systems.
         Unmounting /run/user/1000...
[[0;32m  OK  [0m] Unmounted /run/user/1000.
[[0;32m  OK  [0m] Reached target Unmount All Filesystems.
[[0;32m  OK  [0m] Stopped target Local File Systems (Pre).
[[0;32m  OK  [0m] Stopped Create Static Device Nodes in /dev.
[[0;32m  OK  [0m] Stopped Remount Root and Kernel File Systems.
         Stopping Monitoring of LVM2 mirrors…ng dmeventd or progress polling...
[[0;32m  OK  [0m] Stopped target Swap.
[[0;32m  OK  [0m] Reached target Shutdown.
[[0;32m  OK  [0m] Reached target Final Step.
         Starting Power-Off...
[  883.137932] reboot: Power down
