[    0.000000] Linux version 4.15.0-191-generic (buildd@lcy02-amd64-032) (gcc version 7.5.0 (Ubuntu 7.5.0-3ubuntu1~18.04)) #202-Ubuntu SMP Thu Aug 4 01:49:29 UTC 2022 (Ubuntu 4.15.0-191.202-generic 4.15.18)
[    0.000000] Command line: BOOT_IMAGE=/boot/vmlinuz-4.15.0-191-generic root=LABEL=cloudimg-rootfs ro console=tty1 console=ttyS0
[    0.000000] KERNEL supported cpus:
[    0.000000]   Intel GenuineIntel
[    0.000000]   AMD AuthenticAMD
[    0.000000]   Centaur CentaurHauls
[    0.000000] x86/fpu: Supporting XSAVE feature 0x001: 'x87 floating point registers'
[    0.000000] x86/fpu: Supporting XSAVE feature 0x002: 'SSE registers'
[    0.000000] x86/fpu: Supporting XSAVE feature 0x004: 'AVX registers'
[    0.000000] x86/fpu: xstate_offset[2]:  576, xstate_sizes[2]:  256
[    0.000000] x86/fpu: Enabled xstate features 0x7, context size is 832 bytes, using 'standard' format.
[    0.000000] e820: BIOS-provided physical RAM map:
[    0.000000] BIOS-e820: [mem 0x0000000000000000-0x000000000009fbff] usable
[    0.000000] BIOS-e820: [mem 0x000000000009fc00-0x000000000009ffff] reserved
[    0.000000] BIOS-e820: [mem 0x00000000000f0000-0x00000000000fffff] reserved
[    0.000000] BIOS-e820: [mem 0x0000000000100000-0x000000003ffeffff] usable
[    0.000000] BIOS-e820: [mem 0x000000003fff0000-0x000000003fffffff] ACPI data
[    0.000000] BIOS-e820: [mem 0x00000000fec00000-0x00000000fec00fff] reserved
[    0.000000] BIOS-e820: [mem 0x00000000fee00000-0x00000000fee00fff] reserved
[    0.000000] BIOS-e820: [mem 0x00000000fffc0000-0x00000000ffffffff] reserved
[    0.000000] NX (Execute Disable) protection: active
[    0.000000] SMBIOS 2.5 present.
[    0.000000] DMI: innotek GmbH VirtualBox/VirtualBox, BIOS VirtualBox 12/01/2006
[    0.000000] Hypervisor detected: KVM
[    0.000000] e820: last_pfn = 0x3fff0 max_arch_pfn = 0x400000000
[    0.000000] MTRR: Disabled
[    0.000000] x86/PAT: MTRRs disabled, skipping PAT initialization too.
[    0.000000] CPU MTRRs all blank - virtualized system.
[    0.000000] x86/PAT: Configuration [0-7]: WB  WT  UC- UC  WB  WT  UC- UC  
[    0.000000] found SMP MP-table at [mem 0x0009fff0-0x0009ffff]
[    0.000000] Scanning 1 areas for low memory corruption
[    0.000000] RAMDISK: [mem 0x35813000-0x36c00fff]
[    0.000000] ACPI: Early table checksum verification disabled
[    0.000000] ACPI: RSDP 0x00000000000E0000 000024 (v02 VBOX  )
[    0.000000] ACPI: XSDT 0x000000003FFF0030 00003C (v01 VBOX   VBOXXSDT 00000001 ASL  00000061)
[    0.000000] ACPI: FACP 0x000000003FFF00F0 0000F4 (v04 VBOX   VBOXFACP 00000001 ASL  00000061)
[    0.000000] ACPI: DSDT 0x000000003FFF0470 002325 (v02 VBOX   VBOXBIOS 00000002 INTL 20200925)
[    0.000000] ACPI: FACS 0x000000003FFF0200 000040
[    0.000000] ACPI: FACS 0x000000003FFF0200 000040
[    0.000000] ACPI: APIC 0x000000003FFF0240 00005C (v02 VBOX   VBOXAPIC 00000001 ASL  00000061)
[    0.000000] ACPI: SSDT 0x000000003FFF02A0 0001CC (v01 VBOX   VBOXCPUT 00000002 INTL 20200925)
[    0.000000] ACPI: Reserving FACP table memory at [mem 0x3fff00f0-0x3fff01e3]
[    0.000000] ACPI: Reserving DSDT table memory at [mem 0x3fff0470-0x3fff2794]
[    0.000000] ACPI: Reserving FACS table memory at [mem 0x3fff0200-0x3fff023f]
[    0.000000] ACPI: Reserving FACS table memory at [mem 0x3fff0200-0x3fff023f]
[    0.000000] ACPI: Reserving APIC table memory at [mem 0x3fff0240-0x3fff029b]
[    0.000000] ACPI: Reserving SSDT table memory at [mem 0x3fff02a0-0x3fff046b]
[    0.000000] No NUMA configuration found
[    0.000000] Faking a node at [mem 0x0000000000000000-0x000000003ffeffff]
[    0.000000] NODE_DATA(0) allocated [mem 0x3ffc5000-0x3ffeffff]
[    0.000000] kvm-clock: cpu 0, msr 0:3ff44001, primary cpu clock
[    0.000000] kvm-clock: Using msrs 4b564d01 and 4b564d00
[    0.000000] kvm-clock: using sched offset of 3496812583 cycles
[    0.000000] clocksource: kvm-clock: mask: 0xffffffffffffffff max_cycles: 0x1cd42e4dffb, max_idle_ns: 881590591483 ns
[    0.000000] Zone ranges:
[    0.000000]   DMA      [mem 0x0000000000001000-0x0000000000ffffff]
[    0.000000]   DMA32    [mem 0x0000000001000000-0x000000003ffeffff]
[    0.000000]   Normal   empty
[    0.000000]   Device   empty
[    0.000000] Movable zone start for each node
[    0.000000] Early memory node ranges
[    0.000000]   node   0: [mem 0x0000000000001000-0x000000000009efff]
[    0.000000]   node   0: [mem 0x0000000000100000-0x000000003ffeffff]
[    0.000000] Reserved but unavailable: 104 pages
[    0.000000] Initmem setup node 0 [mem 0x0000000000001000-0x000000003ffeffff]
[    0.000000] ACPI: PM-Timer IO Port: 0x4008
[    0.000000] IOAPIC[0]: apic_id 2, version 32, address 0xfec00000, GSI 0-23
[    0.000000] ACPI: INT_SRC_OVR (bus 0 bus_irq 0 global_irq 2 dfl dfl)
[    0.000000] ACPI: INT_SRC_OVR (bus 0 bus_irq 9 global_irq 9 low level)
[    0.000000] Using ACPI (MADT) for SMP configuration information
[    0.000000] smpboot: Allowing 2 CPUs, 0 hotplug CPUs
[    0.000000] PM: Registered nosave memory: [mem 0x00000000-0x00000fff]
[    0.000000] PM: Registered nosave memory: [mem 0x0009f000-0x0009ffff]
[    0.000000] PM: Registered nosave memory: [mem 0x000a0000-0x000effff]
[    0.000000] PM: Registered nosave memory: [mem 0x000f0000-0x000fffff]
[    0.000000] e820: [mem 0x40000000-0xfebfffff] available for PCI devices
[    0.000000] Booting paravirtualized kernel on KVM
[    0.000000] clocksource: refined-jiffies: mask: 0xffffffff max_cycles: 0xffffffff, max_idle_ns: 7645519600211568 ns
[    0.000000] random: get_random_bytes called from start_kernel+0x99/0x500 with crng_init=0
[    0.000000] setup_percpu: NR_CPUS:8192 nr_cpumask_bits:2 nr_cpu_ids:2 nr_node_ids:1
[    0.000000] percpu: Embedded 50 pages/cpu s167936 r8192 d28672 u1048576
[    0.000000] PV qspinlock hash table entries: 256 (order: 0, 4096 bytes)
[    0.000000] Built 1 zonelists, mobility grouping on.  Total pages: 257913
[    0.000000] Policy zone: DMA32
[    0.000000] Kernel command line: BOOT_IMAGE=/boot/vmlinuz-4.15.0-191-generic root=LABEL=cloudimg-rootfs ro console=tty1 console=ttyS0
[    0.000000] Memory: 981768K/1048120K available (12300K kernel code, 2484K rwdata, 4324K rodata, 2468K init, 2724K bss, 66352K reserved, 0K cma-reserved)
[    0.000000] SLUB: HWalign=64, Order=0-3, MinObjects=0, CPUs=2, Nodes=1
[    0.000000] Kernel/User page tables isolation: enabled
[    0.000000] ftrace: allocating 39485 entries in 155 pages
[    0.004000] Hierarchical RCU implementation.
[    0.004000] 	RCU restricting CPUs from NR_CPUS=8192 to nr_cpu_ids=2.
[    0.004000] 	Tasks RCU enabled.
[    0.004000] RCU: Adjusting geometry for rcu_fanout_leaf=16, nr_cpu_ids=2
[    0.004000] NR_IRQS: 524544, nr_irqs: 440, preallocated irqs: 16
[    0.004000] Console: colour VGA+ 80x25
[    0.004000] console [tty1] enabled
[    0.004000] console [ttyS0] enabled
[    0.004000] ACPI: Core revision 20170831
[    0.004000] ACPI: 2 ACPI AML tables successfully acquired and loaded
[    0.004000] APIC: Switch to symmetric I/O mode setup
[    0.004000] x2apic enabled
[    0.004000] Switched APIC routing to physical x2apic.
[    0.004000] ..TIMER: vector=0x30 apic1=0 pin1=2 apic2=-1 pin2=-1
[    0.004000] tsc: Detected 2419.200 MHz processor
[    0.004000] Calibrating delay loop (skipped) preset value.. 4838.40 BogoMIPS (lpj=9676800)
[    0.004003] pid_max: default: 32768 minimum: 301
[    0.004491] Security Framework initialized
[    0.004901] Yama: becoming mindful.
[    0.005272] AppArmor: AppArmor initialized
[    0.006416] Dentry cache hash table entries: 131072 (order: 8, 1048576 bytes)
[    0.007251] Inode-cache hash table entries: 65536 (order: 7, 524288 bytes)
[    0.008010] Mount-cache hash table entries: 2048 (order: 2, 16384 bytes)
[    0.008702] Mountpoint-cache hash table entries: 2048 (order: 2, 16384 bytes)
[    0.009762] Last level iTLB entries: 4KB 0, 2MB 0, 4MB 0
[    0.010320] Last level dTLB entries: 4KB 0, 2MB 0, 4MB 0, 1GB 0
[    0.010934] Spectre V1 : Mitigation: usercopy/swapgs barriers and __user pointer sanitization
[    0.011831] Spectre V2 : Mitigation: Retpolines
[    0.012001] Spectre V2 : Spectre v2 / SpectreRSB mitigation: Filling RSB on context switch
[    0.012863] Speculative Store Bypass: Vulnerable
[    0.013411] MDS: Mitigation: Clear CPU buffers
[    0.014032] Freeing SMP alternatives memory: 36K
[    0.125140] smpboot: CPU0: 11th Gen Intel(R) Core(TM) i5-1135G7 @ 2.40GHz (family: 0x6, model: 0x8c, stepping: 0x1)
[    0.126723] Performance Events: unsupported p6 CPU model 140 no PMU driver, software events only.
[    0.127612] Hierarchical SRCU implementation.
[    0.128000] NMI watchdog: Perf event create on CPU 0 failed with -2
[    0.128001] NMI watchdog: Perf NMI watchdog permanently disabled
[    0.128609] smp: Bringing up secondary CPUs ...
[    0.129106] x86: Booting SMP configuration:
[    0.129518] .... node  #0, CPUs:      #1
[    0.004000] kvm-clock: cpu 1, msr 0:3ff44041, secondary cpu clock
[    0.132018] smp: Brought up 1 node, 2 CPUs
[    0.132445] smpboot: Max logical packages: 1
[    0.132867] smpboot: Total of 2 processors activated (9676.80 BogoMIPS)
[    0.133588] devtmpfs: initialized
[    0.133588] x86/mm: Memory block size: 128MB
[    0.133588] evm: security.selinux
[    0.136004] evm: security.SMACK64
[    0.136345] evm: security.SMACK64EXEC
[    0.136713] evm: security.SMACK64TRANSMUTE
[    0.137129] evm: security.SMACK64MMAP
[    0.137499] evm: security.apparmor
[    0.137847] evm: security.ima
[    0.138172] evm: security.capability
[    0.138606] clocksource: jiffies: mask: 0xffffffff max_cycles: 0xffffffff, max_idle_ns: 7645041785100000 ns
[    0.138606] futex hash table entries: 512 (order: 3, 32768 bytes)
[    0.140041] pinctrl core: initialized pinctrl subsystem
[    0.141149] RTC time: 16:44:53, date: 09/25/22
[    0.141770] NET: Registered protocol family 16
[    0.142332] audit: initializing netlink subsys (disabled)
[    0.142866] audit: type=2000 audit(1664124298.237:1): state=initialized audit_enabled=0 res=1
[    0.144011] cpuidle: using governor ladder
[    0.144447] cpuidle: using governor menu
[    0.144868] ACPI: bus type PCI registered
[    0.145305] acpiphp: ACPI Hot Plug PCI Controller Driver version: 0.5
[    0.145977] PCI: Using configuration type 1 for base access
[    0.146582] HugeTLB registered 2.00 MiB page size, pre-allocated 0 pages
[    0.148045] ACPI: Added _OSI(Module Device)
[    0.148522] ACPI: Added _OSI(Processor Device)
[    0.148979] ACPI: Added _OSI(3.0 _SCP Extensions)
[    0.149450] ACPI: Added _OSI(Processor Aggregator Device)
[    0.149969] ACPI: Added _OSI(Linux-Dell-Video)
[    0.150435] ACPI: Added _OSI(Linux-Lenovo-NV-HDMI-Audio)
[    0.150945] ACPI: Added _OSI(Linux-HPI-Hybrid-Graphics)
[    0.151674] ACPI: Executed 1 blocks of module-level executable AML code
[    0.154082] ACPI: Interpreter enabled
[    0.154501] ACPI: (supports S0 S5)
[    0.154883] ACPI: Using IOAPIC for interrupt routing
[    0.156141] PCI: Using host bridge windows from ACPI; if necessary, use "pci=nocrs" and report a bug
[    0.157126] ACPI: Enabled 2 GPEs in block 00 to 07
[    0.161028] ACPI: PCI Root Bridge [PCI0] (domain 0000 [bus 00-ff])
[    0.161659] acpi PNP0A03:00: _OSC: OS supports [ASPM ClockPM Segments MSI]
[    0.162648] acpi PNP0A03:00: _OSC: not requesting OS control; OS requires [ExtendedConfig ASPM ClockPM MSI]
[    0.163563] acpi PNP0A03:00: fail to add MMCONFIG information, can't access extended PCI configuration space under this bridge.
[    0.164207] PCI host bridge to bus 0000:00
[    0.164642] pci_bus 0000:00: root bus resource [io  0x0000-0x0cf7 window]
[    0.165302] pci_bus 0000:00: root bus resource [io  0x0d00-0xffff window]
[    0.166004] pci_bus 0000:00: root bus resource [mem 0x000a0000-0x000bffff window]
[    0.166722] pci_bus 0000:00: root bus resource [mem 0x40000000-0xfdffffff window]
[    0.168002] pci_bus 0000:00: root bus resource [bus 00-ff]
[    0.169613] pci 0000:00:01.1: legacy IDE quirk: reg 0x10: [io  0x01f0-0x01f7]
[    0.170352] pci 0000:00:01.1: legacy IDE quirk: reg 0x14: [io  0x03f6]
[    0.171018] pci 0000:00:01.1: legacy IDE quirk: reg 0x18: [io  0x0170-0x0177]
[    0.172002] pci 0000:00:01.1: legacy IDE quirk: reg 0x1c: [io  0x0376]
[    0.180373] pci 0000:00:07.0: quirk: [io  0x4000-0x403f] claimed by PIIX4 ACPI
[    0.181130] pci 0000:00:07.0: quirk: [io  0x4100-0x410f] claimed by PIIX4 SMB
[    0.185977] ACPI: PCI Interrupt Link [LNKA] (IRQs 5 9 10 *11)
[    0.186769] ACPI: PCI Interrupt Link [LNKB] (IRQs 5 9 *10 11)
[    0.187391] ACPI: PCI Interrupt Link [LNKC] (IRQs 5 *9 10 11)
[    0.188005] ACPI: PCI Interrupt Link [LNKD] (IRQs 5 9 10 *11)
[    0.188872] SCSI subsystem initialized
[    0.189382] pci 0000:00:02.0: vgaarb: setting as boot VGA device
[    0.189382] pci 0000:00:02.0: vgaarb: VGA device added: decodes=io+mem,owns=io+mem,locks=none
[    0.189549] pci 0000:00:02.0: vgaarb: bridge control possible
[    0.190094] vgaarb: loaded
[    0.190398] ACPI: bus type USB registered
[    0.192024] usbcore: registered new interface driver usbfs
[    0.192566] usbcore: registered new interface driver hub
[    0.193123] usbcore: registered new device driver usb
[    0.193644] EDAC MC: Ver: 3.0.0
[    0.193644] PCI: Using ACPI for IRQ routing
[    0.193644] NetLabel: Initializing
[    0.193644] NetLabel:  domain hash size = 128
[    0.193644] NetLabel:  protocols = UNLABELED CIPSOv4 CALIPSO
[    0.196021] NetLabel:  unlabeled traffic allowed by default
[    0.196584] clocksource: Switched to clocksource kvm-clock
[    0.204706] VFS: Disk quotas dquot_6.6.0
[    0.205235] VFS: Dquot-cache hash table entries: 512 (order 0, 4096 bytes)
[    0.206017] AppArmor: AppArmor Filesystem Enabled
[    0.206539] pnp: PnP ACPI init
[    0.207430] pnp: PnP ACPI: found 3 devices
[    0.214571] clocksource: acpi_pm: mask: 0xffffff max_cycles: 0xffffff, max_idle_ns: 2085701024 ns
[    0.215704] NET: Registered protocol family 2
[    0.216211] IP idents hash table entries: 16384 (order: 5, 131072 bytes)
[    0.217661] TCP established hash table entries: 8192 (order: 4, 65536 bytes)
[    0.218360] TCP bind hash table entries: 8192 (order: 5, 131072 bytes)
[    0.219004] TCP: Hash tables configured (established 8192 bind 8192)
[    0.219634] UDP hash table entries: 512 (order: 2, 16384 bytes)
[    0.220231] UDP-Lite hash table entries: 512 (order: 2, 16384 bytes)
[    0.220949] NET: Registered protocol family 1
[    0.221489] pci 0000:00:00.0: Limiting direct PCI/PCI transfers
[    0.222120] pci 0000:00:01.0: Activating ISA DMA hang workarounds
[    0.222778] pci 0000:00:02.0: Video device with shadowed ROM at [mem 0x000c0000-0x000dffff]
[    0.223719] Unpacking initramfs...
[    0.433428] Freeing initrd memory: 20408K
[    0.434209] clocksource: tsc: mask: 0xffffffffffffffff max_cycles: 0x22df1149949, max_idle_ns: 440795312789 ns
[    0.435302] platform rtc_cmos: registered platform RTC device (no PNP device found)
[    0.436154] Scanning for low memory corruption every 60 seconds
[    0.437259] Initialise system trusted keyrings
[    0.437802] Key type blacklist registered
[    0.438316] workingset: timestamp_bits=36 max_order=18 bucket_order=0
[    0.439626] zbud: loaded
[    0.440266] squashfs: version 4.0 (2009/01/31) Phillip Lougher
[    0.440944] fuse init (API version 7.26)
[    0.442447] Key type asymmetric registered
[    0.442903] Asymmetric key parser 'x509' registered
[    0.443408] Block layer SCSI generic (bsg) driver version 0.4 loaded (major 246)
[    0.444180] io scheduler noop registered
[    0.444603] io scheduler deadline registered
[    0.445045] io scheduler cfq registered (default)
[    0.445742] ACPI: AC Adapter [AC] (off-line)
[    0.446263] input: Power Button as /devices/LNXSYSTM:00/LNXPWRBN:00/input/input0
[    0.447005] ACPI: Power Button [PWRF]
[    0.447453] input: Sleep Button as /devices/LNXSYSTM:00/LNXSLPBN:00/input/input1
[    0.448187] ACPI: Sleep Button [SLPF]
[    0.448776] Serial: 8250/16550 driver, 32 ports, IRQ sharing enabled
[    0.449391] ACPI: Battery Slot [BAT0] (battery present)
[    0.470608] 00:02: ttyS0 at I/O 0x3f8 (irq = 4, base_baud = 115200) is a 16550A
[    0.472452] Linux agpgart interface v0.103
[    0.473616] loop: module loaded
[    0.474368] scsi host0: ata_piix
[    0.474797] scsi host1: ata_piix
[    0.475153] ata1: PATA max UDMA/33 cmd 0x1f0 ctl 0x3f6 bmdma 0xd000 irq 14
[    0.475807] ata2: PATA max UDMA/33 cmd 0x170 ctl 0x376 bmdma 0xd008 irq 15
[    0.476557] tun: Universal TUN/TAP device driver, 1.6
[    0.477150] PPP generic driver version 2.4.2
[    0.477640] ehci_hcd: USB 2.0 'Enhanced' Host Controller (EHCI) Driver
[    0.478272] ehci-pci: EHCI PCI platform driver
[    0.478720] ehci-platform: EHCI generic platform driver
[    0.479235] ohci_hcd: USB 1.1 'Open' Host Controller (OHCI) Driver
[    0.479864] ohci-pci: OHCI PCI platform driver
[    0.480443] ohci-platform: OHCI generic platform driver
[    0.481017] uhci_hcd: USB Universal Host Controller Interface driver
[    0.481741] i8042: PNP: PS/2 Controller [PNP0303:PS2K,PNP0f03:PS2M] at 0x60,0x64 irq 1,12
[    0.482984] serio: i8042 KBD port at 0x60,0x64 irq 1
[    0.483564] serio: i8042 AUX port at 0x60,0x64 irq 12
[    0.484203] mousedev: PS/2 mouse device common for all mice
[    0.485002] input: AT Translated Set 2 keyboard as /devices/platform/i8042/serio0/input/input2
[    0.486205] rtc_cmos rtc_cmos: rtc core: registered rtc_cmos as rtc0
[    0.486923] rtc_cmos rtc_cmos: alarms up to one day, 114 bytes nvram
[    0.487598] i2c /dev entries driver
[    0.488035] device-mapper: uevent: version 1.0.3
[    0.488625] device-mapper: ioctl: 4.37.0-ioctl (2017-09-20) initialised: dm-devel@redhat.com
[    0.489553] ledtrig-cpu: registered to indicate activity on CPUs
[    0.490432] NET: Registered protocol family 10
[    0.493327] Segment Routing with IPv6
[    0.493843] NET: Registered protocol family 17
[    0.494375] Key type dns_resolver registered
[    0.494951] mce: Using 0 MCE banks
[    0.495362] RAS: Correctable Errors collector initialized.
[    0.495958] sched_clock: Marking stable (494904443, 0)->(588132881, -93228438)
[    0.496961] registered taskstats version 1
[    0.497448] Loading compiled-in X.509 certificates
[    0.499431] Loaded X.509 cert 'Build time autogenerated kernel key: c22b55fccca0ab4a1b471e83eb5a5035df964114'
[    0.500963] Loaded X.509 cert 'Canonical Ltd. Live Patch Signing: 14df34d1a87cf37625abec039ef2bf521249b969'
[    0.502442] Loaded X.509 cert 'Canonical Ltd. Kernel Module Signing: 88f752e560a1e0737e31163a466ad7b70a850c19'
[    0.503499] blacklist: Loading compiled-in revocation X.509 certificates
[    0.504213] Loaded X.509 cert 'Canonical Ltd. Secure Boot Signing: 61482aa2830d0ab2ad5af10b7250da9033ddcef0'
[    0.505297] zswap: loaded using pool lzo/zbud
[    0.507929] Key type big_key registered
[    0.508440] Key type trusted registered
[    0.509898] Key type encrypted registered
[    0.510373] AppArmor: AppArmor sha1 policy hashing enabled
[    0.510916] ima: No TPM chip found, activating TPM-bypass! (rc=-19)
[    0.511524] ima: Allocated hash algorithm: sha1
[    0.511986] evm: HMAC attrs: 0x1
[    0.512533]   Magic number: 6:280:743
[    0.512979] rtc_cmos rtc_cmos: setting system clock to 2022-09-25 16:44:54 UTC (1664124294)
[    0.513887] BIOS EDD facility v0.16 2004-Jun-25, 0 devices found
[    0.514485] EDD information not available.
[    0.663780] Freeing unused kernel image memory: 2468K
[    0.676180] Write protecting the kernel read-only data: 20480k
[    0.678032] Freeing unused kernel image memory: 2008K
[    0.679470] Freeing unused kernel image memory: 1820K
[    0.685125] x86/mm: Checked W+X mappings: passed, no W+X pages found.
[    0.685891] x86/mm: Checking user space page tables
[    0.690562] x86/mm: Checked W+X mappings: passed, no W+X pages found.
Loading, please wait...
starting version 237
[    0.739270] e1000: Intel(R) PRO/1000 Network Driver - version 7.3.21-k8-NAPI
[    0.740067] e1000: Copyright (c) 1999-2006 Intel Corporation.
[    0.743925] Fusion MPT base driver 3.04.20
[    0.744527] Copyright (c) 1999-2008 LSI Corporation
[    0.753552] Fusion MPT SPI Host driver 3.04.20
[    0.758345] AVX2 version of gcm_enc/dec engaged.
[    0.758901] AES CTR mode by8 optimization enabled
[    0.762453] mptbase: ioc0: Initiating bringup
[    0.774317] vboxvideo: loading out-of-tree module taints kernel.
[    0.776522] vboxvideo: module verification failed: signature and/or required key missing - tainting kernel
[    0.778786] vboxvideo: loading version 6.1.38 r153438
[    0.856766] ioc0: LSI53C1030 A0: Capabilities={Initiator}
[    0.959356] input: ImExPS/2 Generic Explorer Mouse as /devices/platform/i8042/serio1/input/input4
[    1.100249] scsi host2: ioc0: LSI53C1030 A0, FwRev=00000000h, Ports=1, MaxQ=256, IRQ=20
[    1.270004] scsi 2:0:0:0: Direct-Access     VBOX     HARDDISK         1.0  PQ: 0 ANSI: 5
[    1.308216] scsi target2:0:0: Beginning Domain Validation
[    1.312149] scsi target2:0:0: Domain Validation skipping write tests
[    1.314545] scsi target2:0:0: Ending Domain Validation
[    1.315166] scsi target2:0:0: asynchronous
[    1.315835] scsi 2:0:1:0: Direct-Access     VBOX     HARDDISK         1.0  PQ: 0 ANSI: 5
[    1.560174] scsi target2:0:1: Beginning Domain Validation
[    1.561455] random: fast init done
[    1.561850] scsi target2:0:1: Domain Validation skipping write tests
[    1.562550] scsi target2:0:1: Ending Domain Validation
[    1.563139] scsi target2:0:1: asynchronous
[    1.565285] random: systemd-udevd: uninitialized urandom read (16 bytes read)
[    1.566109] random: systemd-udevd: uninitialized urandom read (16 bytes read)
[    1.570312] sd 2:0:0:0: [sda] 83886080 512-byte logical blocks: (42.9 GB/40.0 GiB)
[    1.571263] sd 2:0:0:0: [sda] Write Protect is off
[    1.571827] random: systemd-udevd: uninitialized urandom read (16 bytes read)
[    1.572658] sd 2:0:0:0: [sda] Incomplete mode parameter data
[    1.573374] sd 2:0:0:0: [sda] Assuming drive cache: write through
[    1.574102] sd 2:0:0:0: Attached scsi generic sg0 type 0
[    1.574993] sd 2:0:1:0: [sdb] 20480 512-byte logical blocks: (10.5 MB/10.0 MiB)
[    1.575829] sd 2:0:1:0: [sdb] Write Protect is off
[    1.576076] sd 2:0:1:0: Attached scsi generic sg1 type 0
[    1.577014] sd 2:0:1:0: [sdb] Incomplete mode parameter data
[    1.577610] sd 2:0:1:0: [sdb] Assuming drive cache: write through
[    1.585952]  sda: sda1
[    1.586835] sd 2:0:0:0: [sda] Attached SCSI disk
[    1.587477] sd 2:0:1:0: [sdb] Attached SCSI disk
[    1.619339] e1000 0000:00:03.0 eth0: (PCI:33MHz:32-bit) 02:7d:7d:ce:01:7d
[    1.620277] e1000 0000:00:03.0 eth0: Intel(R) PRO/1000 Network Connection
[    1.621749] [drm] VRAM 01000000
[    1.622293] [TTM] Zone  kernel: Available graphics memory: 504254 kiB
[    1.622994] [TTM] Initializing pool allocator
[    1.623473] [TTM] Initializing DMA pool allocator
[    1.625244] fbcon: vboxdrmfb (fb0) is primary device
[    1.626655] Console: switching to colour frame buffer device 100x37
[    1.629017] vboxvideo 0000:00:02.0: fb0: vboxdrmfb frame buffer device
[    1.644238] [drm] Initialized vboxvideo 1.0.0 20130823 for 0000:00:02.0 on minor 0
[    1.995027] e1000 0000:00:08.0 eth1: (PCI:33MHz:32-bit) 08:00:27:6a:5e:28
[    1.995859] e1000 0000:00:08.0 eth1: Intel(R) PRO/1000 Network Connection
[    1.997544] e1000 0000:00:03.0 enp0s3: renamed from eth0
[    2.008320] e1000 0000:00:08.0 enp0s8: renamed from eth1
Begin: Loading essential drivers ... [    2.187638] raid6: sse2x1   gen() 19132 MB/s
[    2.242159] raid6: sse2x1   xor() 12047 MB/s
[    2.293638] raid6: sse2x2   gen() 25017 MB/s
[    2.346227] raid6: sse2x2   xor() 16602 MB/s
[    2.399855] raid6: sse2x4   gen() 27678 MB/s
[    2.448013] raid6: sse2x4   xor() 13012 MB/s
[    2.502107] raid6: avx2x1   gen() 39012 MB/s
[    2.563646] raid6: avx2x1   xor() 27823 MB/s
[    2.618516] raid6: avx2x2   gen() 48549 MB/s
[    2.679483] raid6: avx2x2   xor() 36979 MB/s
[    2.746501] raid6: avx2x4   gen() 48376 MB/s
[    2.795415] raid6: avx2x4   xor() 24169 MB/s
[    2.795927] raid6: using algorithm avx2x2 gen() 48549 MB/s
[    2.796482] raid6: .... xor() 36979 MB/s, rmw enabled
[    2.796986] raid6: using avx2x2 recovery algorithm
[    2.798361] xor: automatically using best checksumming function   avx       
[    2.799717] async_tx: api initialized (async)
done.
Begin: Running /scripts/init-premount ... done.
Begin: Mounting root file system ... Begin: Running /scripts/local-top ... done.
Begin: Running /scripts/local-premount ... [    2.832064] Btrfs loaded, crc32c=crc32c-intel
Scanning for Btrfs filesystems
done.
Begin: Will now check root file system ... fsck from util-linux 2.31.1
[/sbin/fsck.ext4 (1) -- /dev/sda1] fsck.ext4 -a -C0 /dev/sda1 
cloudimg-rootfs: clean, 74135/5120000 files, 726997/10485499 blocks
done.
[    2.864459] EXT4-fs (sda1): mounted filesystem with ordered data mode. Opts: (null)
done.
Begin: Running /scripts/local-bottom ... done.
Begin: Running /scripts/init-bottom ... done.
[    3.001895] ip_tables: (C) 2000-2006 Netfilter Core Team
[    3.007102] systemd[1]: systemd 237 running in system mode. (+PAM +AUDIT +SELINUX +IMA +APPARMOR +SMACK +SYSVINIT +UTMP +LIBCRYPTSETUP +GCRYPT +GNUTLS +ACL +XZ +LZ4 +SECCOMP +BLKID +ELFUTILS +KMOD -IDN2 +IDN -PCRE2 default-hierarchy=hybrid)
[    3.009347] systemd[1]: Detected virtualization oracle.
[    3.009995] systemd[1]: Detected architecture x86-64.

Welcome to [1mUbuntu 18.04.6 LTS[0m!

[    3.014015] systemd[1]: Set hostname to <web01>.
[    3.177963] systemd[1]: Started Forward Password Requests to Wall Directory Watch.
[[0;32m  OK  [0m] Started Forward Password Requests to Wall Directory Watch.
[    3.179518] systemd[1]: Reached target User and Group Name Lookups.
[[0;32m  OK  [0m] Reached target User and Group Name Lookups.
[    3.180799] systemd[1]: Reached target System Time Synchronized.
[[0;32m  OK  [0m] Reached target System Time Synchronized.
[    3.182080] systemd[1]: Set up automount Arbitrary Executable File Formats File System Automount Point.
[[0;32m  OK  [0m] Set up automount Arbitrary Executab…rmats File System Automount Point.
[    3.183953] systemd[1]: Reached target Swap.
[[0;32m  OK  [0m] Reached target Swap.
[    3.185844] systemd[1]: Created slice System Slice.
[[0;32m  OK  [0m] Created slice System Slice.
[[0;32m  OK  [0m] Listening on udev Control Socket.
[[0;32m  OK  [0m] Listening on /dev/initctl Compatibility Named Pipe.
[[0;32m  OK  [0m] Listening on Journal Socket (/dev/log).
[[0;32m  OK  [0m] Listening on udev Kernel Socket.
[[0;32m  OK  [0m] Listening on LVM2 poll daemon socket.
[[0;32m  OK  [0m] Listening on Network Service Netlink Socket.
[[0;32m  OK  [0m] Listening on LVM2 metadata daemon socket.
[[0;32m  OK  [0m] Listening on fsck to fsckd communication Socket.
[[0;32m  OK  [0m] Listening on Journal Socket.
         Mounting Huge Pages File System...
         Starting Uncomplicated firewall...
         Starting Set the console keyboard layout...
         Mounting POSIX Message Queue File System...
         Starting Load Kernel Modules...
[[0;32m  OK  [0m] Listening on Journal Audit Socket.
[[0;32m  OK  [0m] Listening on Device-mapper event daemon FIFOs.
         Mounting Kernel Debug File System...
         Starting Remount Root and Kernel File Systems...
[[0;32m  OK  [0m] Created slice system-serial\x2dgetty.slice.
         Starting Monitoring of LVM2 mirrors…ng dmeventd or progress polling...
[[0;32m  OK  [0m] Listening on Syslog Socket.
         Starting Journal Service...
[    3.222917] Loading iSCSI transport class v2.0-870.
[    3.227707] iscsi: registered transport (tcp)
[    3.239914] iscsi: registered transport (iser)
         Starting Create list of required st…ce nodes for the current kernel...
         Starting udev Coldplug all Devices...
[[0;32m  OK  [0m] Created slice User and Session Slice.
[[0;32m  OK  [0m] Reached target Slices.
[[0;32m  OK  [0m] Mounted Huge Pages File System.
[[0;32m  OK  [0m] Started Uncomplicated firewall.
[[0;32m  OK  [0m] Mounted POSIX Message Queue File System.
[[0;32m  OK  [0m] Started Load Kernel Modules.
[[0;32m  OK  [0m] Mounted Kernel Debug File System.
[[0;32m  OK  [0m] Started LVM2 metadata daemon.
         Mounting Kernel Configuration File System...
         Mounting FUSE Control File System...
         Starting Apply Kernel Variables...
[[0;32m  OK  [0m] Mounted FUSE Control File System.
[[0;32m  OK  [0m] Mounted Kernel Configuration File System.
[    3.300343] EXT4-fs (sda1): re-mounted. Opts: (null)
[[0;32m  OK  [0m] Started Remount Root and Kernel File Systems.
         Starting Load/Save Random Seed...
[[0;32m  OK  [0m] Started Journal Service.
[[0;32m  OK  [0m] Started udev Coldplug all Devices.
         Starting Flush Journal to Persistent Storage...
[[0;32m  OK  [0m] Started Create list of required sta…vice nodes for the current kernel.
         Starting Create Static Device Nodes in /dev...
[[0;32m  OK  [0m] Started Monitoring of LVM2 mirrors,…sing dmeventd or progress polling.
[[0;32m  OK  [0m] Started Load/Save Random Seed.
[[0;32m  OK  [0m] Started Apply Kernel Variables.
[[0;32m  OK  [0m] Started Create Static Device Nodes in /dev.
         Starting udev Kernel Device Manager...
[[0;32m  OK  [0m] Started Set the console keyboard layout.
[[0;32m  OK  [0m] Reached target Local File Systems (Pre).
[[0;32m  OK  [0m] Reached target Local File Systems.
         Starting AppArmor initialization...
         Starting Tell Plymouth To Write Out Runtime Data...
         Starting Set console font and keymap...
         Starting ebtables ruleset management...
[[0;32m  OK  [0m] Started udev Kernel Device Manager.
[[0;32m  OK  [0m] Started Dispatch Password Requests to Console Directory Watch.
[[0;32m  OK  [0m] Reached target Local Encrypted Volumes.
[[0;32m  OK  [0m] Started Tell Plymouth To Write Out Runtime Data.
[[0;32m  OK  [0m] Started Set console font and keymap.
[[0;32m  OK  [0m] Started Flush Journal to Persistent Storage.
         Starting Create Volatile Files and Directories...
[[0;32m  OK  [0m] Started Create Volatile Files and Directories.
         Starting Update UTMP about System Boot/Shutdown...
[[0;32m  OK  [0m] Started ebtables ruleset management.
[[0;32m  OK  [0m] Started Update UTMP about System Boot/Shutdown.
[[0;32m  OK  [0m] Found device /dev/ttyS0.
[[0;32m  OK  [0m] Started AppArmor initialization.
         Starting Load AppArmor profiles managed internally by snapd...
         Starting Initial cloud-init job (pre-networking)...
[[0;32m  OK  [0m] Started Load AppArmor profiles managed internally by snapd.
[[0;32m  OK  [0m] Listening on Load/Save RF Kill Switch Status /dev/rfkill Watch.
[    4.427155] cloud-init[551]: Cloud-init v. 22.2-0ubuntu1~18.04.3 running 'init-local' at Sun, 25 Sep 2022 16:44:58 +0000. Up 4.30 seconds.
[[0;32m  OK  [0m] Started Initial cloud-init job (pre-networking).
[[0;32m  OK  [0m] Reached target Network (Pre).
         Starting Network Service...
[[0;32m  OK  [0m] Started Network Service.
         Starting Wait for Network to be Configured...
         Starting Network Name Resolution...
[[0;32m  OK  [0m] Started Network Name Resolution.
[[0;32m  OK  [0m] Reached target Host and Network Name Lookups.
[[0;32m  OK  [0m] Reached target Network.
[[0;32m  OK  [0m] Started Wait for Network to be Configured.
         Starting Initial cloud-init job (metadata service crawler)...
[    6.776531] cloud-init[705]: Cloud-init v. 22.2-0ubuntu1~18.04.3 running 'init' at Sun, 25 Sep 2022 16:45:00 +0000. Up 6.68 seconds.
[    6.778328] cloud-init[705]: ci-info: ++++++++++++++++++++++++++++++++++++++Net device info+++++++++++++++++++++++++++++++++++++++
[    6.780094] cloud-init[705]: ci-info: +--------+------+-----------------------------+---------------+--------+-------------------+
[    6.781545] cloud-init[705]: ci-info: | Device |  Up  |           Address           |      Mask     | Scope  |     Hw-Address    |
[    6.782627] cloud-init[705]: ci-info: +--------+------+-----------------------------+---------------+--------+-------------------+
[    6.783668] cloud-init[705]: ci-info: | enp0s3 | True |          10.0.2.15          | 255.255.255.0 | global | 02:7d:7d:ce:01:7d |
[    6.784746] cloud-init[705]: ci-info: | enp0s3 | True |  fe80::7d:7dff:fece:17d/64  |       .       |  link  | 02:7d:7d:ce:01:7d |
[    6.786031] cloud-init[705]: ci-info: | enp0s8 | True |        192.168.56.11        | 255.255.255.0 | global | 08:00:27:6a:5e:28 |
[    6.787492] cloud-init[705]: ci-info: | enp0s8 | True | fe80::a00:27ff:fe6a:5e28/64 |       .       |  link  | 08:00:27:6a:5e:28 |
[    6.788988] cloud-init[705]: ci-info: |   lo   | True |          127.0.0.1          |   255.0.0.0   |  host  |         .         |
[    6.790074] cloud-init[705]: ci-info: |   lo   | True |           ::1/128           |       .       |  host  |         .         |
[    6.791077] cloud-init[705]: ci-info: +--------+------+-----------------------------+---------------+--------+-------------------+
[    6.792138] cloud-init[705]: ci-info: +++++++++++++++++++++++++++++Route IPv4 info+++++++++++++++++++++++++++++
[    6.793083] cloud-init[705]: ci-info: +-------+--------------+----------+-----------------+-----------+-------+
[    6.794035] cloud-init[705]: ci-info: | Route | Destination  | Gateway  |     Genmask     | Interface | Flags |
[    6.794980] cloud-init[705]: ci-info: +-------+--------------+----------+-----------------+-----------+-------+
[    6.795917] cloud-init[705]: ci-info: |   0   |   0.0.0.0    | 10.0.2.2 |     0.0.0.0     |   enp0s3  |   UG  |
[    6.796881] cloud-init[705]: ci-info: |   1   |   10.0.2.0   | 0.0.0.0  |  255.255.255.0  |   enp0s3  |   U   |
[    6.797847] cloud-init[705]: ci-info: |   2   |   10.0.2.2   | 0.0.0.0  | 255.255.255.255 |   enp0s3  |   UH  |
[    6.798794] cloud-init[705]: ci-info: |   3   | 192.168.56.0 | 0.0.0.0  |  255.255.255.0  |   enp0s8  |   U   |
[    6.799750] cloud-init[705]: ci-info: +-------+--------------+----------+-----------------+-----------+-------+
[    6.800728] cloud-init[705]: ci-info: +++++++++++++++++++Route IPv6 info+++++++++++++++++++
[    6.801580] cloud-init[705]: ci-info: +-------+-------------+---------+-----------+-------+
[    6.802403] cloud-init[705]: ci-info: | Route | Destination | Gateway | Interface | Flags |
[    6.803214] cloud-init[705]: ci-info: +-------+-------------+---------+-----------+-------+
[    6.804090] cloud-init[705]: ci-info: |   1   |  fe80::/64  |    ::   |   enp0s3  |   U   |
[    6.804928] cloud-init[705]: ci-info: |   2   |  fe80::/64  |    ::   |   enp0s8  |   U   |
[    6.805736] cloud-init[705]: ci-info: |   4   |    local    |    ::   |   enp0s3  |   U   |
[    6.808245] cloud-init[705]: ci-info: |   5   |    local    |    ::   |   enp0s8  |   U   |
[    6.809087] cloud-init[705]: ci-info: |   6   |   ff00::/8  |    ::   |   enp0s3  |   U   |
[    6.809959] cloud-init[705]: ci-info: |   7   |   ff00::/8  |    ::   |   enp0s8  |   U   |
[    6.811884] cloud-init[705]: ci-info: +-------+-------------+---------+-----------+-------+
[[0;32m  OK  [0m] Started Initial cloud-init job (metadata service crawler).
[[0;32m  OK  [0m] Reached target Cloud-config availability.
[[0;32m  OK  [0m] Reached target System Initialization.
[[0;32m  OK  [0m] Listening on cloud-init hotplug hook socket.
[[0;32m  OK  [0m] Listening on Open-iSCSI iscsid Socket.
[[0;32m  OK  [0m] Started Daily Cleanup of Temporary Directories.
[[0;32m  OK  [0m] Started Discard unused blocks once a week.
         Starting Socket activation for snappy daemon.
[[0;32m  OK  [0m] Started Daily apt download activities.
[[0;32m  OK  [0m] Listening on ACPID Listen Socket.
[[0;32m  OK  [0m] Started Daily apt upgrade and clean activities.
[[0;32m  OK  [0m] Listening on UUID daemon activation socket.
[[0;32m  OK  [0m] Started Ubuntu Advantage Timer for running repeated jobs.
         Starting LXD - unix socket.
[[0;32m  OK  [0m] Started ACPI Events Check.
[[0;32m  OK  [0m] Reached target Paths.
[[0;32m  OK  [0m] Listening on D-Bus System Message Bus Socket.
[[0;32m  OK  [0m] Started Message of the Day.
[[0;32m  OK  [0m] Reached target Timers.
[[0;32m  OK  [0m] Reached target Network is Online.
[[0;32m  OK  [0m] Reached target Remote File Systems (Pre).
[[0;32m  OK  [0m] Reached target Remote File Systems.
         Starting Availability of block devices...
[[0;32m  OK  [0m] Listening on Socket activation for snappy daemon.
[[0;32m  OK  [0m] Listening on LXD - unix socket.
[[0;32m  OK  [0m] Reached target Sockets.
[[0;32m  OK  [0m] Reached target Basic System.
         Starting LSB: Record successful boot for GRUB...
         Starting Dispatcher daemon for systemd-networkd...
         Starting OpenBSD Secure Shell server...
[[0;32m  OK  [0m] Started D-Bus System Message Bus.
         Starting System Logging Service...
         Starting vboxadd.service...
         Starting Permit User Sessions...
[[0;32m  OK  [0m] Started irqbalance daemon.
[[0;32m  OK  [0m] Started Deferred execution scheduler.
         Starting LXD - container startup/shutdown...
[[0;32m  OK  [0m] Started FUSE filesystem for LXC.
[[0;32m  OK  [0m] Started Regular background program processing daemon.
         Starting Accounts Service...
         Starting Login Service...
         Starting LSB: automatic crash report generation...
         Starting Snap Daemon...
[[0;32m  OK  [0m] Started Availability of block devices.
[[0;32m  OK  [0m] Started Permit User Sessions.
         Starting Terminate Plymouth Boot Screen...
         Starting Hold until boot process finishes up...
[[0;32m  OK  [0m] Started Hold until boot process finishes up.
[[0;32m  OK  [0m] Started OpenBSD Secure Shell server.
[[0;32m  OK  [0m] Started Serial Getty on ttyS0.
         Starting Set console scheme...
[[0;32m  OK  [0m] Started System Logging Service.
[[0;32m  OK  [0m] Started Terminate Plymouth Boot Screen.
[[0;32m  OK  [0m] Started Login Service.
[[0;32m  OK  [0m] Started Unattended Upgrades Shutdown.
[[0;32m  OK  [0m] Started Set console scheme.
[[0;32m  OK  [0m] Created slice system-getty.slice.
[[0;32m  OK  [0m] Started Getty on tty1.
[[0;32m  OK  [0m] Reached target Login Prompts.
[[0;32m  OK  [0m] Started LSB: Record successful boot for GRUB.
         Starting Authorization Manager...
[[0;32m  OK  [0m] Started LSB: automatic crash report generation.
[[0;32m  OK  [0m] Started Authorization Manager.
[[0;32m  OK  [0m] Started Accounts Service.
[[0;32m  OK  [0m] Started Dispatcher daemon for systemd-networkd.
[[0;32m  OK  [0m] Started LXD - container startup/shutdown.
[[0;32m  OK  [0m] Started Snap Daemon.
         Starting Wait until snapd is fully seeded...
         Starting Time & Date Service...
[[0;32m  OK  [0m] Started Time & Date Service.
[[0;32m  OK  [0m] Started Wait until snapd is fully seeded.
         Starting Apply the settings specified in cloud-config...
[[0;32m  OK  [0m] Started vboxadd.service.
         Starting vboxadd-service.service...
[[0;32m  OK  [0m] Started vboxadd-service.service.
[    8.405630] cloud-init[1149]: Cloud-init v. 22.2-0ubuntu1~18.04.3 running 'modules:config' at Sun, 25 Sep 2022 16:45:02 +0000. Up 8.33 seconds.
[[0;32m  OK  [0m] Started Apply the settings specified in cloud-config.
[[0;32m  OK  [0m] Reached target Multi-User System.
[[0;32m  OK  [0m] Reached target Graphical Interface.
         Starting Update UTMP about System Runlevel Changes...
         Starting Execute cloud user/final scripts...
[[0;32m  OK  [0m] Started Update UTMP about System Runlevel Changes.
[    8.757265] cloud-init[1269]: Cloud-init v. 22.2-0ubuntu1~18.04.3 running 'modules:final' at Sun, 25 Sep 2022 16:45:02 +0000. Up 8.67 seconds.
[    8.758360] cloud-init[1269]: Cloud-init v. 22.2-0ubuntu1~18.04.3 finished at Sun, 25 Sep 2022 16:45:02 +0000. Datasource DataSourceNoCloud [seed=/dev/sdb][dsmode=net].  Up 8.75 seconds
[[0;32m  OK  [0m] Started Execute cloud user/final scripts.
[[0;32m  OK  [0m] Reached target Cloud-init target.

Ubuntu 18.04.6 LTS web01 ttyS0

web01 login: 