[    0.000000] Initializing cgroup subsys cpuset
[    0.000000] Initializing cgroup subsys cpu
[    0.000000] Initializing cgroup subsys cpuacct
[    0.000000] Linux version 4.4.0-210-generic (buildd@lgw01-amd64-009) (gcc version 5.4.0 20160609 (Ubuntu 5.4.0-6ubuntu1~16.04.12) ) #242-Ubuntu SMP Fri Apr 16 09:57:56 UTC 2021 (Ubuntu 4.4.0-210.242-generic 4.4.262)
[    0.000000] Command line: BOOT_IMAGE=/boot/vmlinuz-4.4.0-210-generic root=LABEL=cloudimg-rootfs ro console=tty1 console=ttyS0
[    0.000000] KERNEL supported cpus:
[    0.000000]   Intel GenuineIntel
[    0.000000]   AMD AuthenticAMD
[    0.000000]   Centaur CentaurHauls
[    0.000000] x86/fpu: xstate_offset[2]:  576, xstate_sizes[2]:  256
[    0.000000] x86/fpu: Supporting XSAVE feature 0x01: 'x87 floating point registers'
[    0.000000] x86/fpu: Supporting XSAVE feature 0x02: 'SSE registers'
[    0.000000] x86/fpu: Supporting XSAVE feature 0x04: 'AVX registers'
[    0.000000] x86/fpu: Enabled xstate features 0x7, context size is 832 bytes, using 'standard' format.
[    0.000000] e820: BIOS-provided physical RAM map:
[    0.000000] BIOS-e820: [mem 0x0000000000000000-0x000000000009fbff] usable
[    0.000000] BIOS-e820: [mem 0x000000000009fc00-0x000000000009ffff] reserved
[    0.000000] BIOS-e820: [mem 0x00000000000f0000-0x00000000000fffff] reserved
[    0.000000] BIOS-e820: [mem 0x0000000000100000-0x000000003ffeffff] usable
[    0.000000] BIOS-e820: [mem 0x000000003fff0000-0x000000003fffffff] ACPI data
[    0.000000] BIOS-e820: [mem 0x00000000fec00000-0x00000000fec00fff] reserved
[    0.000000] BIOS-e820: [mem 0x00000000fee00000-0x00000000fee00fff] reserved
[    0.000000] BIOS-e820: [mem 0x00000000fffc0000-0x00000000ffffffff] reserved
[    0.000000] NX (Execute Disable) protection: active
[    0.000000] SMBIOS 2.5 present.
[    0.000000] Hypervisor detected: KVM
[    0.000000] e820: last_pfn = 0x3fff0 max_arch_pfn = 0x400000000
[    0.000000] MTRR: Disabled
[    0.000000] x86/PAT: MTRRs disabled, skipping PAT initialization too.
[    0.000000] CPU MTRRs all blank - virtualized system.
[    0.000000] x86/PAT: Configuration [0-7]: WB  WT  UC- UC  WB  WT  UC- UC  
[    0.000000] found SMP MP-table at [mem 0x0009fff0-0x0009ffff] mapped at [ffff88000009fff0]
[    0.000000] Scanning 1 areas for low memory corruption
[    0.000000] RAMDISK: [mem 0x362dc000-0x37165fff]
[    0.000000] ACPI: Early table checksum verification disabled
[    0.000000] ACPI: RSDP 0x00000000000E0000 000024 (v02 VBOX  )
[    0.000000] ACPI: XSDT 0x000000003FFF0030 00003C (v01 VBOX   VBOXXSDT 00000001 ASL  00000061)
[    0.000000] ACPI: FACP 0x000000003FFF00F0 0000F4 (v04 VBOX   VBOXFACP 00000001 ASL  00000061)
[    0.000000] ACPI: DSDT 0x000000003FFF0470 002325 (v02 VBOX   VBOXBIOS 00000002 INTL 20200925)
[    0.000000] ACPI: FACS 0x000000003FFF0200 000040
[    0.000000] ACPI: FACS 0x000000003FFF0200 000040
[    0.000000] ACPI: APIC 0x000000003FFF0240 00005C (v02 VBOX   VBOXAPIC 00000001 ASL  00000061)
[    0.000000] ACPI: SSDT 0x000000003FFF02A0 0001CC (v01 VBOX   VBOXCPUT 00000002 INTL 20200925)
[    0.000000] No NUMA configuration found
[    0.000000] Faking a node at [mem 0x0000000000000000-0x000000003ffeffff]
[    0.000000] NODE_DATA(0) allocated [mem 0x3ffeb000-0x3ffeffff]
[    0.000000] kvm-clock: Using msrs 4b564d01 and 4b564d00
[    0.000000] kvm-clock: cpu 0, msr 0:3ffe3001, primary cpu clock
[    0.000000] kvm-clock: using sched offset of 2954385308 cycles
[    0.000000] clocksource: kvm-clock: mask: 0xffffffffffffffff max_cycles: 0x1cd42e4dffb, max_idle_ns: 881590591483 ns
[    0.000000] Zone ranges:
[    0.000000]   DMA      [mem 0x0000000000001000-0x0000000000ffffff]
[    0.000000]   DMA32    [mem 0x0000000001000000-0x000000003ffeffff]
[    0.000000]   Normal   empty
[    0.000000]   Device   empty
[    0.000000] Movable zone start for each node
[    0.000000] Early memory node ranges
[    0.000000]   node   0: [mem 0x0000000000001000-0x000000000009efff]
[    0.000000]   node   0: [mem 0x0000000000100000-0x000000003ffeffff]
[    0.000000] Initmem setup node 0 [mem 0x0000000000001000-0x000000003ffeffff]
[    0.000000] ACPI: PM-Timer IO Port: 0x4008
[    0.000000] IOAPIC[0]: apic_id 2, version 32, address 0xfec00000, GSI 0-23
[    0.000000] ACPI: INT_SRC_OVR (bus 0 bus_irq 0 global_irq 2 dfl dfl)
[    0.000000] ACPI: INT_SRC_OVR (bus 0 bus_irq 9 global_irq 9 low level)
[    0.000000] Using ACPI (MADT) for SMP configuration information
[    0.000000] smpboot: Allowing 2 CPUs, 0 hotplug CPUs
[    0.000000] PM: Registered nosave memory: [mem 0x00000000-0x00000fff]
[    0.000000] PM: Registered nosave memory: [mem 0x0009f000-0x0009ffff]
[    0.000000] PM: Registered nosave memory: [mem 0x000a0000-0x000effff]
[    0.000000] PM: Registered nosave memory: [mem 0x000f0000-0x000fffff]
[    0.000000] e820: [mem 0x40000000-0xfebfffff] available for PCI devices
[    0.000000] Booting paravirtualized kernel on KVM
[    0.000000] clocksource: refined-jiffies: mask: 0xffffffff max_cycles: 0xffffffff, max_idle_ns: 7645519600211568 ns
[    0.000000] setup_percpu: NR_CPUS:512 nr_cpumask_bits:512 nr_cpu_ids:2 nr_node_ids:1
[    0.000000] PERCPU: Embedded 33 pages/cpu @ffff88003fc00000 s95192 r8192 d31784 u1048576
[    0.000000] Built 1 zonelists in Node order, mobility grouping on.  Total pages: 257912
[    0.000000] Policy zone: DMA32
[    0.000000] Kernel command line: BOOT_IMAGE=/boot/vmlinuz-4.4.0-210-generic root=LABEL=cloudimg-rootfs ro console=tty1 console=ttyS0
[    0.000000] PID hash table entries: 4096 (order: 3, 32768 bytes)
[    0.000000] Memory: 997792K/1048120K available (8644K kernel code, 1332K rwdata, 4044K rodata, 1492K init, 1164K bss, 50328K reserved, 0K cma-reserved)
[    0.000000] SLUB: HWalign=64, Order=0-3, MinObjects=0, CPUs=2, Nodes=1
[    0.000000] Kernel/User page tables isolation: enabled
[    0.000000] Hierarchical RCU implementation.
[    0.000000] 	Build-time adjustment of leaf fanout to 64.
[    0.000000] 	RCU restricting CPUs from NR_CPUS=512 to nr_cpu_ids=2.
[    0.000000] RCU: Adjusting geometry for rcu_fanout_leaf=64, nr_cpu_ids=2
[    0.000000] NR_IRQS:33024 nr_irqs:440 16
[    0.000000] Console: colour VGA+ 80x25
[    0.000000] console [tty1] enabled
[    0.000000] console [ttyS0] enabled
[    0.000000] tsc: Detected 2419.198 MHz processor
[    0.092226] Calibrating delay loop (skipped) preset value.. 4838.39 BogoMIPS (lpj=9676792)
[    0.093349] pid_max: default: 32768 minimum: 301
[    0.093977] ACPI: Core revision 20150930
[    0.095171] ACPI: 2 ACPI AML tables successfully acquired and loaded
[    0.096110] Security Framework initialized
[    0.096682] Yama: becoming mindful.
[    0.097192] AppArmor: AppArmor initialized
[    0.097796] Dentry cache hash table entries: 131072 (order: 8, 1048576 bytes)
[    0.099415] Inode-cache hash table entries: 65536 (order: 7, 524288 bytes)
[    0.100430] Mount-cache hash table entries: 2048 (order: 2, 16384 bytes)
[    0.101250] Mountpoint-cache hash table entries: 2048 (order: 2, 16384 bytes)
[    0.102217] Initializing cgroup subsys io
[    0.102795] Initializing cgroup subsys memory
[    0.103383] Initializing cgroup subsys devices
[    0.104047] Initializing cgroup subsys freezer
[    0.104661] Initializing cgroup subsys net_cls
[    0.105270] Initializing cgroup subsys perf_event
[    0.105904] Initializing cgroup subsys net_prio
[    0.106524] Initializing cgroup subsys hugetlb
[    0.107129] Initializing cgroup subsys pids
[    0.132908] mce: CPU supports 0 MCE banks
[    0.133540] Last level iTLB entries: 4KB 0, 2MB 0, 4MB 0
[    0.134148] Last level dTLB entries: 4KB 0, 2MB 0, 4MB 0, 1GB 0
[    0.134832] Spectre V1 : Mitigation: usercopy/swapgs barriers and __user pointer sanitization
[    0.135954] Spectre V2 : Mitigation: Full generic retpoline
[    0.136613] Spectre V2 : Spectre v2 / SpectreRSB mitigation: Filling RSB on context switch
[    0.137646] Speculative Store Bypass: Vulnerable
[    0.138271] MDS: Mitigation: Clear CPU buffers
[    0.140844] Freeing SMP alternatives memory: 36K
[    0.145776] ftrace: allocating 32380 entries in 127 pages
[    0.187852] smpboot: APIC(0) Converting physical 0 to logical package 0
[    0.188726] smpboot: Max logical packages: 1
[    0.189494] x2apic enabled
[    0.190107] Switched APIC routing to physical x2apic.
[    0.191594] ..TIMER: vector=0x30 apic1=0 pin1=2 apic2=-1 pin2=-1
[    0.300405] smpboot: CPU0: 11th Gen Intel(R) Core(TM) i5-1135G7 @ 2.40GHz (family: 0x6, model: 0x8c, stepping: 0x1)
[    0.302119] Performance Events: unsupported p6 CPU model 140 no PMU driver, software events only.
[    0.311777] KVM setup paravirtual spinlock
[    0.313346] x86: Booting SMP configuration:
[    0.313962] .... node  #0, CPUs:      #1
[    0.314603] kvm-clock: cpu 1, msr 0:3ffe3041, secondary cpu clock
[    0.340363] mce: CPU supports 0 MCE banks
[    0.342805] x86: Booted up 1 node, 2 CPUs
[    0.343597] smpboot: Total of 2 processors activated (9676.79 BogoMIPS)
[    0.344800] devtmpfs: initialized
[    0.346268] evm: security.selinux
[    0.346807] evm: security.SMACK64
[    0.347332] evm: security.SMACK64EXEC
[    0.347889] evm: security.SMACK64TRANSMUTE
[    0.348481] evm: security.SMACK64MMAP
[    0.349058] evm: security.ima
[    0.349537] evm: security.capability
[    0.350211] clocksource: jiffies: mask: 0xffffffff max_cycles: 0xffffffff, max_idle_ns: 7645041785100000 ns
[    0.351536] futex hash table entries: 512 (order: 3, 32768 bytes)
[    0.352482] pinctrl core: initialized pinctrl subsystem
[    0.353399] RTC time: 11:12:42, date: 09/27/22
[    0.354518] NET: Registered protocol family 16
[    0.364801] cpuidle: using governor ladder
[    0.376210] cpuidle: using governor menu
[    0.376842] PCCT header not found.
[    0.377549] ACPI: bus type PCI registered
[    0.378260] acpiphp: ACPI Hot Plug PCI Controller Driver version: 0.5
[    0.379360] PCI: Using configuration type 1 for base access
[    0.390086] ACPI: Added _OSI(Module Device)
[    0.390700] ACPI: Added _OSI(Processor Device)
[    0.391428] ACPI: Added _OSI(3.0 _SCP Extensions)
[    0.392135] ACPI: Added _OSI(Processor Aggregator Device)
[    0.393330] ACPI: Executed 1 blocks of module-level executable AML code
[    0.395649] ACPI: Interpreter enabled
[    0.396199] ACPI: (supports S0 S5)
[    0.396708] ACPI: Using IOAPIC for interrupt routing
[    0.397448] PCI: Using host bridge windows from ACPI; if necessary, use "pci=nocrs" and report a bug
[    0.400995] ACPI: PCI Root Bridge [PCI0] (domain 0000 [bus 00-ff])
[    0.401766] acpi PNP0A03:00: _OSC: OS supports [ASPM ClockPM Segments MSI]
[    0.402819] acpi PNP0A03:00: _OSC: not requesting OS control; OS requires [ExtendedConfig ASPM ClockPM MSI]
[    0.404052] acpi PNP0A03:00: fail to add MMCONFIG information, can't access extended PCI configuration space under this bridge.
[    0.405663] PCI host bridge to bus 0000:00
[    0.406247] pci_bus 0000:00: root bus resource [io  0x0000-0x0cf7 window]
[    0.407078] pci_bus 0000:00: root bus resource [io  0x0d00-0xffff window]
[    0.407879] pci_bus 0000:00: root bus resource [mem 0x000a0000-0x000bffff window]
[    0.408919] pci_bus 0000:00: root bus resource [mem 0x40000000-0xfdffffff window]
[    0.409948] pci_bus 0000:00: root bus resource [bus 00-ff]
[    0.411687] pci 0000:00:01.1: legacy IDE quirk: reg 0x10: [io  0x01f0-0x01f7]
[    0.412520] pci 0000:00:01.1: legacy IDE quirk: reg 0x14: [io  0x03f6]
[    0.413250] pci 0000:00:01.1: legacy IDE quirk: reg 0x18: [io  0x0170-0x0177]
[    0.414029] pci 0000:00:01.1: legacy IDE quirk: reg 0x1c: [io  0x0376]
[    0.428634] pci 0000:00:07.0: quirk: [io  0x4000-0x403f] claimed by PIIX4 ACPI
[    0.429671] pci 0000:00:07.0: quirk: [io  0x4100-0x410f] claimed by PIIX4 SMB
[    0.434710] ACPI: PCI Interrupt Link [LNKA] (IRQs 5 9 10 *11)
[    0.435848] ACPI: PCI Interrupt Link [LNKB] (IRQs 5 9 *10 11)
[    0.436830] ACPI: PCI Interrupt Link [LNKC] (IRQs 5 *9 10 11)
[    0.437817] ACPI: PCI Interrupt Link [LNKD] (IRQs 5 9 10 *11)
[    0.438787] ACPI: Enabled 2 GPEs in block 00 to 07
[    0.439684] vgaarb: setting as boot device: PCI:0000:00:02.0
[    0.440412] vgaarb: device added: PCI:0000:00:02.0,decodes=io+mem,owns=io+mem,locks=none
[    0.441415] vgaarb: loaded
[    0.441823] vgaarb: bridge control possible 0000:00:02.0
[    0.442622] SCSI subsystem initialized
[    0.443250] ACPI: bus type USB registered
[    0.443813] usbcore: registered new interface driver usbfs
[    0.444493] usbcore: registered new interface driver hub
[    0.445169] usbcore: registered new device driver usb
[    0.446743] PCI: Using ACPI for IRQ routing
[    0.447555] NetLabel: Initializing
[    0.448084] NetLabel:  domain hash size = 128
[    0.448620] NetLabel:  protocols = UNLABELED CIPSOv4
[    0.449210] NetLabel:  unlabeled traffic allowed by default
[    0.450014] amd_nb: Cannot enumerate AMD northbridges
[    0.450735] clocksource: Switched to clocksource kvm-clock
[    0.456638] AppArmor: AppArmor Filesystem Enabled
[    0.457325] pnp: PnP ACPI init
[    0.458229] pnp: PnP ACPI: found 3 devices
[    0.466020] clocksource: acpi_pm: mask: 0xffffff max_cycles: 0xffffff, max_idle_ns: 2085701024 ns
[    0.467515] NET: Registered protocol family 2
[    0.468286] TCP established hash table entries: 8192 (order: 4, 65536 bytes)
[    0.469174] TCP bind hash table entries: 8192 (order: 5, 131072 bytes)
[    0.469986] TCP: Hash tables configured (established 8192 bind 8192)
[    0.470787] UDP hash table entries: 512 (order: 2, 16384 bytes)
[    0.471583] UDP-Lite hash table entries: 512 (order: 2, 16384 bytes)
[    0.472397] NET: Registered protocol family 1
[    0.473004] pci 0000:00:00.0: Limiting direct PCI/PCI transfers
[    0.473764] pci 0000:00:01.0: Activating ISA DMA hang workarounds
[    0.474615] Unpacking initramfs...
[    0.630847] Freeing initrd memory: 14888K
[    0.631880] clocksource: tsc: mask: 0xffffffffffffffff max_cycles: 0x22df0f35937, max_idle_ns: 440795269039 ns
[    0.633133] platform rtc_cmos: registered platform RTC device (no PNP device found)
[    0.634215] Scanning for low memory corruption every 60 seconds
[    0.635359] audit: initializing netlink subsys (disabled)
[    0.636659] audit: type=2000 audit(1664277166.782:1): initialized
[    0.638259] Initialise system trusted keyring
[    0.639591] HugeTLB registered 2 MB page size, pre-allocated 0 pages
[    0.641141] zbud: loaded
[    0.641875] VFS: Disk quotas dquot_6.6.0
[    0.642433] VFS: Dquot-cache hash table entries: 512 (order 0, 4096 bytes)
[    0.643419] squashfs: version 4.0 (2009/01/31) Phillip Lougher
[    0.644457] fuse init (API version 7.23)
[    0.645054] Key type big_key registered
[    0.645578] Allocating IMA MOK and blacklist keyrings.
[    0.646684] Key type asymmetric registered
[    0.647739] Asymmetric key parser 'x509' registered
[    0.648413] Block layer SCSI generic (bsg) driver version 0.4 loaded (major 249)
[    0.649620] io scheduler noop registered
[    0.650164] io scheduler deadline registered (default)
[    0.650787] io scheduler cfq registered
[    0.651435] pci_hotplug: PCI Hot Plug PCI Core version: 0.5
[    0.652099] pciehp: PCI Express Hot Plug Controller Driver version: 0.4
[    0.652914] ACPI: AC Adapter [AC] (on-line)
[    0.653481] input: Power Button as /devices/LNXSYSTM:00/LNXPWRBN:00/input/input0
[    0.654431] ACPI: Power Button [PWRF]
[    0.655028] input: Sleep Button as /devices/LNXSYSTM:00/LNXSLPBN:00/input/input1
[    0.655982] ACPI: Sleep Button [SLPF]
[    0.657122] ACPI: Battery Slot [BAT0] (battery present)
[    0.657772] GHES: HEST is not enabled!
[    0.658327] Serial: 8250/16550 driver, 32 ports, IRQ sharing enabled
[    0.679634] 00:02: ttyS0 at I/O 0x3f8 (irq = 4, base_baud = 115200) is a 16550A
[    0.681619] Linux agpgart interface v0.103
[    0.683456] loop: module loaded
[    0.684432] scsi host0: ata_piix
[    0.685047] scsi host1: ata_piix
[    0.685536] ata1: PATA max UDMA/33 cmd 0x1f0 ctl 0x3f6 bmdma 0xd000 irq 14
[    0.686308] ata2: PATA max UDMA/33 cmd 0x170 ctl 0x376 bmdma 0xd008 irq 15
[    0.687252] libphy: Fixed MDIO Bus: probed
[    0.687801] tun: Universal TUN/TAP device driver, 1.6
[    0.688396] tun: (C) 1999-2004 Max Krasnyansky <maxk@qualcomm.com>
[    0.689269] PPP generic driver version 2.4.2
[    0.689983] ehci_hcd: USB 2.0 'Enhanced' Host Controller (EHCI) Driver
[    0.690797] ehci-pci: EHCI PCI platform driver
[    0.691444] ehci-platform: EHCI generic platform driver
[    0.692133] ohci_hcd: USB 1.1 'Open' Host Controller (OHCI) Driver
[    0.692913] ohci-pci: OHCI PCI platform driver
[    0.693527] ohci-platform: OHCI generic platform driver
[    0.694208] uhci_hcd: USB Universal Host Controller Interface driver
[    0.695054] i8042: PNP: PS/2 Controller [PNP0303:PS2K,PNP0f03:PS2M] at 0x60,0x64 irq 1,12
[    0.696491] serio: i8042 KBD port at 0x60,0x64 irq 1
[    0.697133] serio: i8042 AUX port at 0x60,0x64 irq 12
[    0.697872] mousedev: PS/2 mouse device common for all mice
[    0.698924] input: AT Translated Set 2 keyboard as /devices/platform/i8042/serio0/input/input2
[    0.700094] rtc_cmos rtc_cmos: rtc core: registered rtc_cmos as rtc0
[    0.700990] rtc_cmos rtc_cmos: alarms up to one day, 114 bytes nvram
[    0.701781] i2c /dev entries driver
[    0.702338] device-mapper: uevent: version 1.0.3
[    0.703030] device-mapper: ioctl: 4.34.0-ioctl (2015-10-28) initialised: dm-devel@redhat.com
[    0.704169] ledtrig-cpu: registered to indicate activity on CPUs
[    0.705252] NET: Registered protocol family 10
[    0.706039] NET: Registered protocol family 17
[    0.706681] Key type dns_resolver registered
[    0.707506] registered taskstats version 1
[    0.708090] Loading compiled-in X.509 certificates
[    0.709312] Loaded X.509 cert 'Build time autogenerated kernel key: cf00e047681d67edb2720680708b7d9498083038'
[    0.710591] zswap: loaded using pool lzo/zbud
[    0.712659] Key type trusted registered
[    0.715294] Key type encrypted registered
[    0.715853] AppArmor: AppArmor sha1 policy hashing enabled
[    0.716563] ima: No TPM chip found, activating TPM-bypass!
[    0.717287] ima: Allocated hash algorithm: sha1
[    0.717909] evm: HMAC attrs: 0x1
[    0.718668]   Magic number: 6:382:227
[    0.719275] acpi PNP0200:00: hash matches
[    0.719887] rtc_cmos rtc_cmos: setting system clock to 2022-09-27 11:12:42 UTC (1664277162)
[    0.721098] BIOS EDD facility v0.16 2004-Jun-25, 0 devices found
[    0.721857] EDD information not available.
[    0.939638] Freeing unused kernel memory: 1492K
[    0.940314] Write protecting the kernel read-only data: 14336k
[    0.941504] Freeing unused kernel memory: 1584K
[    0.942319] Freeing unused kernel memory: 52K
Loading, please wait...
starting version 229
[    0.951618] random: systemd-udevd: uninitialized urandom read (16 bytes read, 3 bits of entropy available)
[    0.952046] random: udevadm: uninitialized urandom read (16 bytes read, 3 bits of entropy available)
[    0.952075] random: udevadm: uninitialized urandom read (16 bytes read, 3 bits of entropy available)
[    0.955395] random: systemd-udevd: uninitialized urandom read (16 bytes read, 3 bits of entropy available)
[    0.956713] random: systemd-udevd: uninitialized urandom read (16 bytes read, 3 bits of entropy available)
[    0.956951] random: udevadm: uninitialized urandom read (16 bytes read, 3 bits of entropy available)
[    0.956997] random: udevadm: uninitialized urandom read (16 bytes read, 3 bits of entropy available)
[    0.957096] random: udevadm: uninitialized urandom read (16 bytes read, 3 bits of entropy available)
[    0.957143] random: udevadm: uninitialized urandom read (16 bytes read, 3 bits of entropy available)
[    0.957188] random: udevadm: uninitialized urandom read (16 bytes read, 3 bits of entropy available)
[    1.004209] e1000: Intel(R) PRO/1000 Network Driver - version 7.3.21-k8-NAPI
[    1.006760] e1000: Copyright (c) 1999-2006 Intel Corporation.
[    1.010523] Fusion MPT base driver 3.04.20
[    1.011461] Copyright (c) 1999-2008 LSI Corporation
[    1.032779] AVX2 version of gcm_enc/dec engaged.
[    1.033601] AES CTR mode by8 optimization enabled
[    1.035870] Fusion MPT SPI Host driver 3.04.20
[    1.042342] mptbase: ioc0: Initiating bringup
[    1.115369] ioc0: LSI53C1030 A0: Capabilities={Initiator}
[    1.229356] input: ImExPS/2 Generic Explorer Mouse as /devices/platform/i8042/serio1/input/input4
[    1.278436] scsi host2: ioc0: LSI53C1030 A0, FwRev=00000000h, Ports=1, MaxQ=256, IRQ=20
[    1.395734] scsi 2:0:0:0: Direct-Access     VBOX     HARDDISK         1.0  PQ: 0 ANSI: 5
[    1.399115] scsi target2:0:0: Beginning Domain Validation
[    1.402339] scsi target2:0:0: Domain Validation skipping write tests
[    1.403176] scsi target2:0:0: Ending Domain Validation
[    1.403981] scsi target2:0:0: asynchronous
[    1.404944] scsi 2:0:1:0: Direct-Access     VBOX     HARDDISK         1.0  PQ: 0 ANSI: 5
[    1.406054] scsi target2:0:1: Beginning Domain Validation
[    1.407386] scsi target2:0:1: Domain Validation skipping write tests
[    1.408188] scsi target2:0:1: Ending Domain Validation
[    1.408905] scsi target2:0:1: asynchronous
[    1.412339] sd 2:0:0:0: Attached scsi generic sg0 type 0
[    1.412737] sd 2:0:0:0: [sda] 83886080 512-byte logical blocks: (42.9 GB/40.0 GiB)
[    1.412796] sd 2:0:0:0: [sda] Write Protect is off
[    1.412835] sd 2:0:0:0: [sda] Incomplete mode parameter data
[    1.412836] sd 2:0:0:0: [sda] Assuming drive cache: write through
[    1.427028]  sda: sda1
[    1.428097] sd 2:0:0:0: [sda] Attached SCSI disk
[    1.428968] sd 2:0:1:0: [sdb] 20480 512-byte logical blocks: (10.5 MB/10.0 MiB)
[    1.430144] sd 2:0:1:0: [sdb] Write Protect is off
[    1.430992] sd 2:0:1:0: [sdb] Incomplete mode parameter data
[    1.431816] sd 2:0:1:0: [sdb] Assuming drive cache: write through
[    1.432951] sd 2:0:1:0: Attached scsi generic sg1 type 0
[    1.434839] sd 2:0:1:0: [sdb] Attached SCSI disk
[    1.930517] e1000 0000:00:03.0 eth0: (PCI:33MHz:32-bit) 02:be:82:6b:cc:1d
[    1.932683] e1000 0000:00:03.0 eth0: Intel(R) PRO/1000 Network Connection
[    2.656200] e1000 0000:00:08.0 eth1: (PCI:33MHz:32-bit) 08:00:27:83:3d:82
[    2.658102] e1000 0000:00:08.0 eth1: Intel(R) PRO/1000 Network Connection
[    2.660948] e1000 0000:00:03.0 enp0s3: renamed from eth0
[    2.675215] e1000 0000:00:08.0 enp0s8: renamed from eth1
Begin: Loading essential drivers ... [    3.904654] md: linear personality registered for level -1
[    3.907426] md: multipath personality registered for level -4
[    3.910237] md: raid0 personality registered for level 0
[    3.912930] md: raid1 personality registered for level 1
[    3.982803] raid6: sse2x1   gen() 15422 MB/s
[    4.050837] raid6: sse2x1   xor() 11029 MB/s
[    4.118838] raid6: sse2x2   gen() 22464 MB/s
[    4.186838] raid6: sse2x2   xor() 15190 MB/s
[    4.254841] raid6: sse2x4   gen() 23534 MB/s
[    4.322838] raid6: sse2x4   xor() 14760 MB/s
[    4.390835] raid6: avx2x1   gen() 30140 MB/s
[    4.458842] raid6: avx2x2   gen() 39422 MB/s
[    4.526812] raid6: avx2x4   gen() 40150 MB/s
[    4.527386] raid6: using algorithm avx2x4 gen() 40150 MB/s
[    4.528014] raid6: using avx2x2 recovery algorithm
[    4.529630] xor: automatically using best checksumming function:
[    4.626361]    avx       : 119905.000 MB/sec
[    4.628213] async_tx: api initialized (async)
[    4.636006] md: raid6 personality registered for level 6
[    4.636746] md: raid5 personality registered for level 5
[    4.637417] md: raid4 personality registered for level 4
[    4.642530] md: raid10 personality registered for level 10
done.
Begin: Running /scripts/init-premount ... done.
Begin: Mounting root file system ... Begin: Running /scripts/local-top ... done.
Begin: Running /scripts/local-premount ... [    4.667480] Btrfs loaded
Scanning for Btrfs filesystems
done.
Warning: fsck not present, so skipping root file system
[    4.684718] EXT4-fs (sda1): mounted filesystem with ordered data mode. Opts: (null)
done.
Begin: Running /scripts/local-bottom ... done.
Begin: Running /scripts/init-bottom ... done.
[    4.735233] systemd[1]: systemd 229 running in system mode. (+PAM +AUDIT +SELINUX +IMA +APPARMOR +SMACK +SYSVINIT +UTMP +LIBCRYPTSETUP +GCRYPT +GNUTLS +ACL +XZ -LZ4 +SECCOMP +BLKID +ELFUTILS +KMOD -IDN)
[    4.737421] systemd[1]: Detected virtualization oracle.
[    4.738107] systemd[1]: Detected architecture x86-64.

Welcome to [1mUbuntu 16.04.7 LTS[0m!

[    4.740045] systemd[1]: Set hostname to <ubuntu>.
[    4.741709] systemd[1]: Initializing machine ID from random generator.
[    4.742541] systemd[1]: Installed transient /etc/machine-id file.
[    4.830608] systemd[1]: Set up automount Arbitrary Executable File Formats File System Automount Point.
[[0;32m  OK  [0m] Set up automount Arbitrary Executab...ats File System Automount Point.
[    4.832849] systemd[1]: Created slice System Slice.
[[0;32m  OK  [0m] Created slice System Slice.
[    4.833902] systemd[1]: Listening on Device-mapper event daemon FIFOs.
[[0;32m  OK  [0m] Listening on Device-mapper event daemon FIFOs.
[    4.835259] systemd[1]: Listening on LVM2 poll daemon socket.
[[0;32m  OK  [0m] Listening on LVM2 poll daemon socket.
[    4.836433] systemd[1]: Reached target Encrypted Volumes.
[[0;32m  OK  [0m] Reached target Encrypted Volumes.
[    4.837544] systemd[1]: Reached target User and Group Name Lookups.
[[0;32m  OK  [0m] Reached target User and Group Name Lookups.
[    4.838849] systemd[1]: Started Forward Password Requests to Wall Directory Watch.
[[0;32m  OK  [0m] Started Forward Password Requests to Wall Directory Watch.
[    4.840472] systemd[1]: Started Trigger resolvconf update for networkd DNS.
[[0;32m  OK  [0m] Started Trigger resolvconf update for networkd DNS.
[    4.841849] systemd[1]: Listening on udev Kernel Socket.
[[0;32m  OK  [0m] Listening on udev Kernel Socket.
[    4.843119] systemd[1]: Created slice User and Session Slice.
[[0;32m  OK  [0m] Created slice User and Session Slice.
[    4.844292] systemd[1]: Reached target Slices.
[[0;32m  OK  [0m] Reached target Slices.
[    4.845320] systemd[1]: Listening on Syslog Socket.
[[0;32m  OK  [0m] Listening on Syslog Socket.
[    4.846354] systemd[1]: Reached target System Time Synchronized.
[[0;32m  OK  [0m] Reached target System Time Synchronized.
[    4.847673] systemd[1]: Listening on fsck to fsckd communication Socket.
[[0;32m  OK  [0m] Listening on fsck to fsckd communication Socket.
[    4.849016] systemd[1]: Listening on udev Control Socket.
[[0;32m  OK  [0m] Listening on udev Control Socket.
[    4.850185] systemd[1]: Listening on Journal Audit Socket.
[[0;32m  OK  [0m] Listening on Journal Audit Socket.
[    4.851310] systemd[1]: Listening on LVM2 metadata daemon socket.
[[0;32m  OK  [0m] Listening on LVM2 metadata daemon socket.
[    4.852754] systemd[1]: Created slice system-serial\x2dgetty.slice.
[[0;32m  OK  [0m] Created slice system-serial\x2dgetty.slice.
[    4.854079] systemd[1]: Reached target Swap.
[[0;32m  OK  [0m] Reached target Swap.
[    4.855145] systemd[1]: Listening on Journal Socket.
[[0;32m  OK  [0m] Listening on Journal Socket.
[    4.866899] systemd[1]: Starting Create list of required static device nodes for the current kernel...
         Starting Create list of required st... nodes for the current kernel...
[    4.869977] systemd[1]: Starting Load Kernel Modules...
         Starting Load Kernel Modules...
[    4.871570] systemd[1]: Starting Set console keymap...
         Starting Set console keymap...
[    4.873785] systemd[1]: Starting Nameserver information manager...
         Starting Nameserver information manager...
[    4.875498] systemd[1]: Starting File System Check on Root Device...
[    4.876433] Loading iSCSI transport class v2.0-870.
         Starting File System Check on Root Device...
[    4.878074] systemd[1]: Starting Uncomplicated firewall...
         Starting Uncomplicated firewall...
[    4.880355] systemd[1]: Mounting POSIX Message Queue File System...
         Mounting POSIX Message Queue File System...
[    4.884142] systemd[1]: Mounting Debug File System...
         Mounting Debug File System...
[    4.885709] systemd[1]: Starting Monitoring of LVM2 mirrors, snapshots etc. using dmeventd or progress polling...
         Starting Monitoring of LVM2 mirrors... dmeventd or progress polling...
[    4.889031] systemd[1]: Mounting Huge Pages File System...
         Mounting Huge Pages File System...
[    4.891548] systemd[1]: Listening on Journal Socket (/dev/log).
[[0;32m  OK  [0m] Listening on Journal Socket (/dev/log).
[    4.894270] iscsi: registered transport (tcp)
[    4.894449] systemd[1]: Starting Journal Service...
         Starting Journal Service...
[    4.896293] systemd[1]: Listening on /dev/initctl Compatibility Named Pipe.
[[0;32m  OK  [0m] Listening on /dev/initctl Compatibility Named Pipe.
[    4.898927] systemd[1]: Mounted Huge Pages File System.
[[0;32m  OK  [0m] Mounted Huge Pages File System.
[    4.900192] systemd[1]: Mounted POSIX Message Queue File System.
[[0;32m  OK  [0m] Mounted POSIX Message Queue File System.
[    4.901511] systemd[1]: Mounted Debug File System.
[[0;32m  OK  [0m] Mounted Debug File System.
[    4.902983] systemd[1]: Started Create list of required static device nodes for the current kernel.
[[0;32m  OK  [0m] Started Create list of required sta...ce nodes for the current kernel.
[    4.907962] systemd[1]: Started File System Check on Root Device.
[[0;32m  OK  [0m] Started File System Check on Root Device.
[    4.909688] systemd[1]: Started Uncomplicated firewall.
[[0;32m  OK  [0m] Started Uncomplicated firewall.
[    4.915261] systemd[1]: Started Nameserver information manager.
[[0;32m  OK  [0m] Started Nameserver information manager.
[    4.917253] systemd[1]: Started Journal Service.
[[0;32m  OK  [0m] Started Journal Service.
[[0;32m  OK  [0m] Started LVM2 metadata daemon.
[[0;32m  OK  [0m] Started File System Check Daemon to report status.
         Starting Remount Root and Kernel File Systems...
         Starting Create Static Device Nodes in /dev...
[    4.929971] EXT4-fs (sda1): re-mounted. Opts: (null)
[[0;32m  OK  [0m] Started Remount Root and Kernel File Systems.
         Starting Load/Save Random Seed...
         Starting Flush Journal to Persistent Storage...
         Starting udev Coldplug all Devices...
[    4.942981] systemd-journald[402]: Received request to flush runtime journal from PID 1
[[0;32m  OK  [0m] Started Load/Save Random Seed.
[[0;32m  OK  [0m] Started Flush Journal to Persistent Storage.
[[0;32m  OK  [0m] Started Set console keymap.
[[0;32m  OK  [0m] Started Create Static Device Nodes in /dev.
[    4.958477] iscsi: registered transport (iser)
         Starting udev Kernel Device Manager...
[[0;32m  OK  [0m] Started Load Kernel Modules.
[[0;32m  OK  [0m] Started udev Coldplug all Devices.
         Mounting FUSE Control File System...
         Starting Apply Kernel Variables...
[[0;32m  OK  [0m] Mounted FUSE Control File System.
[[0;32m  OK  [0m] Started Apply Kernel Variables.
[[0;32m  OK  [0m] Started udev Kernel Device Manager.
[[0;32m  OK  [0m] Started Dispatch Password Requests to Console Directory Watch.
[[0;32m  OK  [0m] Found device /dev/ttyS0.
[[0;32m  OK  [0m] Listening on Load/Save RF Kill Switch Status /dev/rfkill Watch.
[[0;32m  OK  [0m] Started Monitoring of LVM2 mirrors,...ng dmeventd or progress polling.
[[0;32m  OK  [0m] Reached target Local File Systems (Pre).
[[0;32m  OK  [0m] Reached target Local File Systems.
         Starting Create Volatile Files and Directories...
         Starting Commit a transient machine-id on disk...
         Starting Set console font and keymap...
         Starting Initial cloud-init job (pre-networking)...
         Starting Tell Plymouth To Write Out Runtime Data...
         Starting LSB: AppArmor initialization...
[[0;32m  OK  [0m] Started Create Volatile Files and Directories.
         Starting Update UTMP about System Boot/Shutdown...
[[0;32m  OK  [0m] Started Update UTMP about System Boot/Shutdown.
[[0;32m  OK  [0m] Started Tell Plymouth To Write Out Runtime Data.
[[0;32m  OK  [0m] Started Commit a transient machine-id on disk.
[[0;32m  OK  [0m] Started Set console font and keymap.
[[0;32m  OK  [0m] Created slice system-getty.slice.
[[0;32m  OK  [0m] Started LSB: AppArmor initialization.
         Starting Load AppArmor profiles managed internally by snapd...
[[0;32m  OK  [0m] Started Load AppArmor profiles managed internally by snapd.
[    5.920429] cloud-init[650]: Cloud-init v. 21.1-19-gbad84ad4-0ubuntu1~16.04.2 running 'init-local' at Tue, 27 Sep 2022 11:12:47 +0000. Up 5.75 seconds.
[[0;32m  OK  [0m] Started Initial cloud-init job (pre-networking).
[[0;32m  OK  [0m] Reached target Network (Pre).
         Starting Raise network interfaces...
[[0;32m  OK  [0m] Started Raise network interfaces.
[[0;32m  OK  [0m] Reached target Network.
         Starting Initial cloud-init job (metadata service crawler)...
[    6.620354] cloud-init[967]: Cloud-init v. 21.1-19-gbad84ad4-0ubuntu1~16.04.2 running 'init' at Tue, 27 Sep 2022 11:12:48 +0000. Up 6.24 seconds.
[    6.621680] cloud-init[967]: ci-info: ++++++++++++++++++++++++++++++++++++++Net device info+++++++++++++++++++++++++++++++++++++++
[    6.622699] cloud-init[967]: ci-info: +--------+-------+----------------------------+---------------+--------+-------------------+
[    6.623736] cloud-init[967]: ci-info: | Device |   Up  |          Address           |      Mask     | Scope  |     Hw-Address    |
[    6.624784] cloud-init[967]: ci-info: +--------+-------+----------------------------+---------------+--------+-------------------+
[    6.625764] cloud-init[967]: ci-info: | enp0s3 |  True |         10.0.2.15          | 255.255.255.0 | global | 02:be:82:6b:cc:1d |
[    6.626824] cloud-init[967]: ci-info: | enp0s3 |  True | fe80::be:82ff:fe6b:cc1d/64 |       .       |  link  | 02:be:82:6b:cc:1d |
[    6.627869] cloud-init[967]: ci-info: | enp0s8 | False |             .              |       .       |   .    | 08:00:27:83:3d:82 |
[    6.628939] cloud-init[967]: ci-info: |   lo   |  True |         127.0.0.1          |   255.0.0.0   |  host  |         .         |
[    6.629976] cloud-init[967]: ci-info: |   lo   |  True |          ::1/128           |       .       |  host  |         .         |
[    6.631020] cloud-init[967]: ci-info: +--------+-------+----------------------------+---------------+--------+-------------------+
[    6.632086] cloud-init[967]: ci-info: +++++++++++++++++++++++++++Route IPv4 info++++++++++++++++++++++++++++
[    6.633008] cloud-init[967]: ci-info: +-------+-------------+----------+---------------+-----------+-------+
[    6.633926] cloud-init[967]: ci-info: | Route | Destination | Gateway  |    Genmask    | Interface | Flags |
[    6.634785] cloud-init[967]: ci-info: +-------+-------------+----------+---------------+-----------+-------+
[    6.635649] cloud-init[967]: ci-info: |   0   |   0.0.0.0   | 10.0.2.2 |    0.0.0.0    |   enp0s3  |   UG  |
[    6.636518] cloud-init[967]: ci-info: |   1   |   10.0.2.0  | 0.0.0.0  | 255.255.255.0 |   enp0s3  |   U   |
[    6.637370] cloud-init[967]: ci-info: +-------+-------------+----------+---------------+-----------+-------+
[    6.638289] cloud-init[967]: ci-info: +++++++++++++++++++Route IPv6 info+++++++++++++++++++
[    6.639048] cloud-init[967]: ci-info: +-------+-------------+---------+-----------+-------+
[    6.639855] cloud-init[967]: ci-info: | Route | Destination | Gateway | Interface | Flags |
[    6.640666] cloud-init[967]: ci-info: +-------+-------------+---------+-----------+-------+
[    6.641466] cloud-init[967]: ci-info: |   0   |  fe80::/64  |    ::   |   enp0s3  |   U   |
[    6.660439] cloud-init[967]: ci-info: |   3   |   ff00::/8  |    ::   |   enp0s3  |   U   |
[    6.661770] [[0;32m  OK  [0m] Started Initial cloud-init job (metadata service crawler).
[[0;32m  OK  [0m] Reached target Cloud-config availability.
[[0;32m  OK  [0m] Reached target System Initialization.
cloud-init[967]: ci-info: +-------+-------------+---------+-----------+-------+
[    6.663598]          Starting LXD - unix socket.
[[0;32m  OK  [0m] Started Daily Cleanup of Temporary Directories.
[[0;32m  OK  [0m] Listening on UUID daemon activation socket.
cloud-init[967]: Generating public/private rsa key pair.
[[0;32m  OK  [0m] Started ACPI Events Check.
[    6.665595] [[0;32m  OK  [0m] Reached target Paths.
         Starting Socket activation for snappy daemon.
[[0;32m  OK  [0m] Started Daily apt download activities.
[[0;32m  OK  [0m] Started Daily apt upgrade and clean activities.
[[0;32m  OK  [0m] Listening on D-Bus System Message Bus Socket.
[[0;32m  OK  [0m] Started Message of the Day.
[[0;32m  OK  [0m] Listening on ACPID Listen Socket.
[[0;32m  OK  [0m] Started Ubuntu Advantage update messaging.
[[0;32m  OK  [0m] Reached target Timers.
[[0;32m  OK  [0m] Reached target Network is Online.
cloud-init[967]: Your identification has been saved in /etc/ssh/ssh_host_rsa_key.
[    6.669725] cloud-init[967]: Your public key has been saved in /etc/ssh/ssh_host_rsa_key.pub.
[    6.670577] cloud-init[967]: The key fingerprint is:
[    6.671182] cloud-init[967]: SHA256:5y6tMXd2gaTridB0DdbDB2w5tIVkMRBHhUkzv6U4Kwo root@ubuntu-xenial
[    6.672057] cloud-init[967]: The key's randomart image is:
[    6.672727] cloud-init[967]: +---[RSA 2048]----+
[    6.673318] cloud-init[967]: |          oO&Bo  |
[    6.673899] cloud-init[967]: |           =OO   |
[    6.674480] cloud-init[967]: |          o.*.o .|
[    6.675063] cloud-init[967]: |         . = = + |
[    6.675645] cloud-init[967]: |        S + = +  |
[    6.676262] cloud-init[967]: |       o + . o . |
[    6.676846] cloud-init[967]: |      E +.= + .  |
[    6.677428] cloud-init[967]: |       o.O.= .   |
[    6.678007] cloud-init[967]: |        +o+      |
[    6.678586] cloud-init[967]: +----[SHA256]-----+
[    6.679167] cloud-init[967]: Generating public/private dsa key pair.
[    6.679870] cloud-init[967]: Your identification has been saved in /etc/ssh/ssh_host_dsa_key.
[    6.680740] cloud-init[967]: Your public key has been saved in /etc/ssh/ssh_host_dsa_key.pub.
[    6.681577] cloud-init[967]: The key fingerprint is:
[    6.682185] cloud-init[967]: SHA256:bUTuwfmnGFcl37ehZt7/eBk8ThSD8Cv137itUY4ay8M root@ubuntu-xenial
[    6.683044] cloud-init[967]: The key's randomart image is:
[    6.683676] cloud-init[967]: +---[DSA 1024]----+
[    6.684283] cloud-init[967]: |          ... o .|
[    6.684884] cloud-init[967]: |         + ... *.|
[    6.685465] cloud-init[967]: |          *  o..*|
[    6.686048] cloud-init[967]: |         + o..+.+|
[    6.686627] cloud-init[967]: |        S =.o=+o.|
[    6.687213] cloud-init[967]: |         . +=o.Xo|
[    6.687797] cloud-init[967]: |          ..o.*.B|         Starting iSCSI initiator daemon (iscsid)...
[[0;32m  OK  [0m] Listening on LXD - unix socket.
[[0;32m  OK  [0m] Listening on Socket activation for snappy daemon.
[[0;32m  OK  [0m] Reached target Sockets.
[[0;32m  OK  [0m] Reached target Basic System.

[    6.689974]          Starting Virtualbox guest utils...
cloud-init[967]: |           .E+ Bo|[[0;32m  OK  [0m] Started D-Bus System Message Bus.

[    6.691282] cloud-init[967]: |            +.+o=|
[    6.696185] cloud-init[967]: +----[SHA256]-----+
[    6.696835] cloud-init[967]: Generating public/private ecdsa key pair.
[    6.698210] cloud-init[967]: Your identification has been saved in /etc/ssh/ssh_host_ecdsa_key.
[    6.699111] cloud-init[967]: Your public key has been saved in /etc/ssh/ssh_host_ecdsa_key.pub.
[    6.700008] cloud-init[967]: The key fingerprint is:
[    6.700704] cloud-init[967]: SHA256:ryLsRq/5sEhqWeKmX2QVloKir3liw1L0u+UFLbf9LOM root@ubuntu-xenial
[    6.701612] cloud-init[967]: The key's randomart image is:
[    6.702303] cloud-init[967]: +---[ECDSA 256]---+
[    6.702966] cloud-init[967]: |   .  o.         |
[    6.703614] cloud-init[967]: |. . ....         |
[    6.704281] cloud-init[967]: |..   ..          |
[    6.705351] cloud-init[967]: |. .  . .         |         Starting Login Service...
[[0;32m  OK  [0m] Started FUSE filesystem for LXC.
         Starting Pollinate to seed the pseudo random number generator...
         Starting LSB: Record successful boot for GRUB...
[[0;32m  OK  [0m] Started ACPI event daemon.

         Starting Accounts Service...
         Starting System Logging Service...
         Starting /etc/rc.local Compatibility...
[    6.709763] cloud-init[967]: | o .o o S        |
         Starting Snap Daemon...
[[0;32m  OK  [0m] Started Deferred execution scheduler.
[    6.714421] cloud-init[967]: | .o+o  + +       |
[[0;32m  OK  [0m] Started Regular background program processing daemon.
[    6.727484] cloud-init[967]: |o+=ooo. o o      |
[    6.731735] cloud-init[967]: |=@.o=*o. .oo     |
         Starting LSB: MD monitoring daemon...
         Starting LXD - container startup/shutdown...
[[0;32m  OK  [0m] Started System Logging Service.
[[0;32m  OK  [0m] Started /etc/rc.local Compatibility.
[    6.734679] cloud-init[967]: |O++o*=o...Eoo    |
[    6.745744] cloud-init[967]: +----[SHA256]-----+
[    6.748230] cloud-init[967]: Generating public/private ed25519 key pair.
[[0;32m  OK  [0m] Started iSCSI initiator daemon (iscsid).
[[0;32m  OK  [0m] Started Login Service.
[[0;32m  OK  [0m] Started Unattended Upgrades Shutdown.
         Starting Login to default iSCSI targets...
[    6.749429] cloud-init[967]: Your identification has been saved in /etc/ssh/ssh_host_ed25519_key.
[    6.753420] cloud-init[967]: Your public key has been saved in /etc/ssh/ssh_host_ed25519_key.pub.
[    6.755784] cloud-init[967]: The key fingerprint is:
         Starting Authenticate and Authorize Users to Run Privileged Tasks...
[    6.776436] cloud-init[[0;32m  OK  [0m] Started LSB: Record successful boot for GRUB.
[967]: SHA256:lOtkUdZmUgGDUKnGGMkfevQXj5jskhYDVX03IvI5Emg root@ubuntu-xenial[[0;32m  OK  [0m] Started Login to default iSCSI targets.
[[0;32m  OK  [0m] Reached target Remote File Systems (Pre).
[[0;32m  OK  [0m] Reached target Remote File Systems.

         Starting LSB: Set the CPU Frequency Scaling governor to "ondemand"...
         Starting Permit User Sessions...
         Starting LSB: daemon to balance interrupts for SMP systems...
         Starting LSB: automatic crash report generation...
[    6.793020] cloud-init[967]: [[0;32m  OK  [0m] Started Permit User Sessions.
The key's randomart image is:         Starting Hold until boot process finishes up...
         Starting Terminate Plymouth Boot Screen...
[[0;32m  OK  [0m] Started Hold until boot process finishes up.
[[0;32m  OK  [0m] Started Serial Getty on ttyS0.
[[0;32m  OK  [0m] Started Getty on tty1.
[[0;32m  OK  [0m] Reached target Login Prompts.

         Starting Set console scheme...
[[0;32m  OK  [0m] Started LSB: Set the CPU Frequency Scaling governor to "ondemand".
[[0;32m  OK  [0m] Started Terminate Plymouth Boot Screen.
[[0;32m  OK  [0m] Started Set console scheme.
[[0;32m  OK  [0m] Started LSB: MD monitoring daemon.
[    6.821567] cloud-init[967]: +--[ED25519 256]--+
[    6.826207] [[0;32m  OK  [0m] Started Authenticate and Authorize Users to Run Privileged Tasks.
cloud-init[967]: |   . oo=o+=+o.   |
[    6.828382] [[0;32m  OK  [0m] Started Accounts Service.
cloud-init[967]: |    = E =+=.* o  |
[    6.831739] cloud-init[967]: |     X =+* @ o . |
[    6.835071] cloud-init[967]: |    o O.*o* .    |
[    6.837985] cloud-init[967]: |     o =So .     |
[    6.839779] cloud-init[967]: |      ++.        |
[[0;32m  OK  [0m] Started LSB: daemon to balance interrupts for SMP systems.
[    6.849548] cloud-init[967]: |     . ..        |
[    6.850453] cloud-init[967]: |                 |
[[0;32m  OK  [0m] Started LSB: automatic crash report generation.
[    6.856168] cloud-init[967]: |                 |
[    6.858592] cloud-init[967]: +----[SHA256]-----+
[[0;32m  OK  [0m] Started LXD - container startup/shutdown.
[[0;32m  OK  [0m] Started Virtualbox guest utils.
[[0;32m  OK  [0m] Started Snap Daemon.
         Starting Wait until snapd is fully seeded...
[[0;32m  OK  [0m] Started Pollinate to seed the pseudo random number generator.
         Starting OpenBSD Secure Shell server...
[[0;32m  OK  [0m] Started OpenBSD Secure Shell server.
[[0;32m  OK  [0m] Started Wait until snapd is fully seeded.
         Starting Apply the settings specified in cloud-config...
[[0;32m  OK  [0m] Reached target Multi-User System.
[[0;32m  OK  [0m] Reached target Graphical Interface.
         Starting Update UTMP about System Runlevel Changes...
[[0;32m  OK  [0m] Started Update UTMP about System Runlevel Changes.
[   11.298474] cloud-init[1312]: Generating locales (this might take a while)...
[   11.715533] cloud-init[1312]:   en_US.UTF-8... done
[   11.717328] cloud-init[1312]: Generation complete.
[   11.885341] cloud-init[1312]: Cloud-init v. 21.1-19-gbad84ad4-0ubuntu1~16.04.2 running 'modules:config' at Tue, 27 Sep 2022 11:12:53 +0000. Up 11.23 seconds.
ci-info: no authorized SSH keys fingerprints found for user ubuntu.
<14>Sep 27 11:12:54 ec2: 
<14>Sep 27 11:12:54 ec2: #############################################################
<14>Sep 27 11:12:54 ec2: -----BEGIN SSH HOST KEY FINGERPRINTS-----
<14>Sep 27 11:12:54 ec2: 1024 SHA256:bUTuwfmnGFcl37ehZt7/eBk8ThSD8Cv137itUY4ay8M root@ubuntu-xenial (DSA)
<14>Sep 27 11:12:54 ec2: 256 SHA256:ryLsRq/5sEhqWeKmX2QVloKir3liw1L0u+UFLbf9LOM root@ubuntu-xenial (ECDSA)
<14>Sep 27 11:12:54 ec2: 256 SHA256:lOtkUdZmUgGDUKnGGMkfevQXj5jskhYDVX03IvI5Emg root@ubuntu-xenial (ED25519)
<14>Sep 27 11:12:54 ec2: 2048 SHA256:5y6tMXd2gaTridB0DdbDB2w5tIVkMRBHhUkzv6U4Kwo root@ubuntu-xenial (RSA)
<14>Sep 27 11:12:54 ec2: -----END SSH HOST KEY FINGERPRINTS-----
<14>Sep 27 11:12:54 ec2: #############################################################
-----BEGIN SSH HOST KEY KEYS-----
ecdsa-sha2-nistp256 AAAAE2VjZHNhLXNoYTItbmlzdHAyNTYAAAAIbmlzdHAyNTYAAABBBDTwkuhYFrGUJmNnH/VLpJRLQ++h54JEzUmfx4cPYC5F3ortYBHsIqsrdm+5f6P1OMnoC1nWz/G2QYKgbt9dYjQ= root@ubuntu-xenial
ssh-ed25519 AAAAC3NzaC1lZDI1NTE5AAAAIADVpfs5agh6WzFjptPr0Iw1YX2y9sRTM0Ghw10iyEqS root@ubuntu-xenial
ssh-rsa AAAAB3NzaC1yc2EAAAADAQABAAABAQC/ND7eaNET1VMuehESZafMGxrz7KNjUIFmGUnoRQg+OmOmCzsRkOXVXNeu9RDC8FIXYkEI/0JbmtPLHKuSUzYrp46XbYfwhZHorg5KswZYmt6UcVSazRx55+XkDKasnVBDvut/gGOhxwZQAjVUTwF+qr/5CmaiD19pLu+2T9Q4oHGZ4KmtA02eeM8u64KyOM3/zxfF+LhlCnAPU71k9/NtbFNznnrFr0VCW+U6umfb3GkJ9re+dhOaVyQZJkLIW8wm4W8c1ZAQrzvjr6iDThEKJp/lUceUyuSn+OzSm6jGUrzuPz0+vCP3umXCS+G4ri0TkBzbzfq39WHhO4ufl+l5 root@ubuntu-xenial
-----END SSH HOST KEY KEYS-----
[   12.166907] cloud-init[1360]: Cloud-init v. 21.1-19-gbad84ad4-0ubuntu1~16.04.2 running 'modules:final' at Tue, 27 Sep 2022 11:12:53 +0000. Up 12.08 seconds.
[   12.167054] cloud-init[1360]: ci-info: no authorized SSH keys fingerprints found for user ubuntu.
[   12.167372] cloud-init[1360]: Cloud-init v. 21.1-19-gbad84ad4-0ubuntu1~16.04.2 finished at Tue, 27 Sep 2022 11:12:54 +0000. Datasource DataSourceNoCloud [seed=/dev/sdb][dsmode=net].  Up 12.16 seconds

Ubuntu 16.04.7 LTS ubuntu-xenial ttyS0

ubuntu-xenial login: [[0;32m  OK  [0m] Closed Load/Save RF Kill Switch Status /dev/rfkill Watch.
         Stopping User Manager for UID 1000...
         Stopping ACPI event daemon...
         Stopping Authenticate and Authorize Users to Run Privileged Tasks...
[[0;32m  OK  [0m] Stopped target Graphical Interface.
         Stopping Accounts Service...
         Stopping Session 4 of user vagrant.
[[0;32m  OK  [0m] Stopped target Timers.
[[0;32m  OK  [0m] Stopped Daily Cleanup of Temporary Directories.
[[0;32m  OK  [0m] Stopped Daily apt upgrade and clean activities.
[[0;32m  OK  [0m] Stopped Ubuntu Advantage update messaging.
[[0;32m  OK  [0m] Stopped Message of the Day.
[[0;32m  OK  [0m] Stopped target Cloud-init target.
[[0;32m  OK  [0m] Stopped Execute cloud user/final scripts.
[[0;32m  OK  [0m] Stopped Apply the settings specified in cloud-config.
[[0;32m  OK  [0m] Stopped target Cloud-config availability.
[[0;32m  OK  [0m] Stopped target Multi-User System.
         Stopping D-Bus System Message Bus...
         Stopping LSB: MD monitoring daemon...
         Stopping LSB: Set the CPU Frequency Scaling governor to "ondemand"...
         Stopping Deferred execution scheduler...
         Stopping LXD - container startup/shutdown...
         Stopping System Logging Service...
         Stopping FUSE filesystem for LXC...
         Stopping LSB: automatic crash report generation...
         Stopping vboxadd-service.service...
         Stopping Regular background program processing daemon...
[[0;32m  OK  [0m] Stopped target Login Prompts.
         Stopping Getty on tty1...
         Stopping LSB: daemon to balance interrupts for SMP systems...
[[0;32m  OK  [0m] Stopped Wait until snapd is fully seeded.
[[0;32m  OK  [0m] Stopped Daily apt download activities.
[[0;32m  OK  [0m] Stopped target System Time Synchronized.
         Stopping Serial Getty on ttyS0...
         Stopping OpenBSD Secure Shell server...
         Stopping A high performance web server and a reverse proxy server...
         Stopping LSB: Record successful boot for GRUB...
[[0;32m  OK  [0m] Unmounted /var/lib/lxcfs.
[[0;32m  OK  [0m] Stopped Accounts Service.
[[0;32m  OK  [0m] Stopped System Logging Service.
[[0;32m  OK  [0m] Stopped Deferred execution scheduler.
[[0;32m  OK  [0m] Stopped ACPI event daemon.
[[0;32m  OK  [0m] Stopped Regular background program processing daemon.
[[0;32m  OK  [0m] Stopped Authenticate and Authorize Users to Run Privileged Tasks.
[[0;32m  OK  [0m] Stopped Serial Getty on ttyS0.
[[0;32m  OK  [0m] Stopped Getty on tty1.
[[0;32m  OK  [0m] Stopped OpenBSD Secure Shell server.
[[0;32m  OK  [0m] Stopped User Manager for UID 1000.
[[0;32m  OK  [0m] Stopped D-Bus System Message Bus.
[[0;32m  OK  [0m] Stopped Session 4 of user vagrant.
[[0;32m  OK  [0m] Stopped FUSE filesystem for LXC.
[[0;32m  OK  [0m] Stopped vboxadd-service.service.
[[0;32m  OK  [0m] Stopped A high performance web server and a reverse proxy server.
[[0;32m  OK  [0m] Stopped LXD - container startup/shutdown.
[[0;32m  OK  [0m] Stopped LSB: MD monitoring daemon.
[[0;32m  OK  [0m] Stopped LSB: Set the CPU Frequency Scaling governor to "ondemand".
[[0;32m  OK  [0m] Stopped LSB: automatic crash report generation.
[[0;32m  OK  [0m] Stopped LSB: Record successful boot for GRUB.
[[0;32m  OK  [0m] Stopped LSB: daemon to balance interrupts for SMP systems.
         Stopping vboxadd.service...
[[0;32m  OK  [0m] Removed slice User Slice of vagrant.
         Stopping Login Service...
[[0;32m  OK  [0m] Removed slice system-getty.slice.
[[0;32m  OK  [0m] Stopped /etc/rc.local Compatibility.
[[0;32m  OK  [0m] Removed slice system-serial\x2dgetty.slice.
         Stopping Permit User Sessions...
[[0;32m  OK  [0m] Stopped Permit User Sessions.
[[0;32m  OK  [0m] Stopped target Remote File Systems.
[[0;32m  OK  [0m] Stopped target Remote File Systems (Pre).
         Stopping Login to default iSCSI targets...
[[0;32m  OK  [0m] Unmounted /vagrant.
[[0;32m  OK  [0m] Stopped vboxadd.service.
[[0;32m  OK  [0m] Stopped Login to default iSCSI targets.
         Stopping iSCSI initiator daemon (iscsid)...
[[0;32m  OK  [0m] Stopped iSCSI initiator daemon (iscsid).
[[0;32m  OK  [0m] Stopped target Network is Online.
[[0;32m  OK  [0m] Stopped target Network.
[[0;32m  OK  [0m] Stopped Login Service.
[[0;32m  OK  [0m] Stopped target Basic System.
[[0;32m  OK  [0m] Stopped target Sockets.
[[0;32m  OK  [0m] Closed ACPID Listen Socket.
[[0;32m  OK  [0m] Closed Socket activation for snappy daemon.
[[0;32m  OK  [0m] Closed UUID daemon activation socket.
[[0;32m  OK  [0m] Closed Syslog Socket.
[[0;32m  OK  [0m] Closed LXD - unix socket.
[[0;32m  OK  [0m] Stopped target Slices.
[[0;32m  OK  [0m] Removed slice User and Session Slice.
[[0;32m  OK  [0m] Stopped target Paths.
[[0;32m  OK  [0m] Stopped Dispatch Password Requests to Console Directory Watch.
[[0;32m  OK  [0m] Stopped Forward Password Requests to Wall Directory Watch.
[[0;32m  OK  [0m] Stopped ACPI Events Check.
[[0;32m  OK  [0m] Closed D-Bus System Message Bus Socket.
[[0;32m  OK  [0m] Stopped target System Initialization.
[[0;32m  OK  [0m] Stopped target Encrypted Volumes.
[[0;32m  OK  [0m] Stopped Initial cloud-init job (metadata service crawler).
         Stopping Raise network interfaces...
         Stopping Update UTMP about System Boot/Shutdown...
         Stopping Load/Save Random Seed...
[[0;32m  OK  [0m] Stopped Commit a transient machine-id on disk.
[[0;32m  OK  [0m] Stopped target Swap.
[[0;32m  OK  [0m] Stopped target User and Group Name Lookups.
[[0;32m  OK  [0m] Stopped Load/Save Random Seed.
[[0;32m  OK  [0m] Stopped Update UTMP about System Boot/Shutdown.
[[0;32m  OK  [0m] Stopped Create Volatile Files and Directories.
[[0;32m  OK  [0m] Stopped Raise network interfaces.
[[0;32m  OK  [0m] Stopped target Network (Pre).
[[0;32m  OK  [0m] Stopped Initial cloud-init job (pre-networking).
[[0;32m  OK  [0m] Stopped target Local File Systems.
         Unmounting /run/user/1000...
[[0;32m  OK  [0m] Stopped Apply Kernel Variables.
[[0;32m  OK  [0m] Stopped Load Kernel Modules.
[[0;32m  OK  [0m] Unmounted /run/user/1000.
[[0;32m  OK  [0m] Reached target Unmount All Filesystems.
[[0;32m  OK  [0m] Stopped target Local File Systems (Pre).
         Stopping Monitoring of LVM2 mirrors... dmeventd or progress polling...
[[0;32m  OK  [0m] Stopped Remount Root and Kernel File Systems.
[[0;32m  OK  [0m] Stopped Create Static Device Nodes in /dev.
[[0;32m  OK  [0m] Reached target Shutdown.
[  882.089634] reboot: Power down
