[    0.000000] Linux version 4.15.0-191-generic (buildd@lcy02-amd64-032) (gcc version 7.5.0 (Ubuntu 7.5.0-3ubuntu1~18.04)) #202-Ubuntu SMP Thu Aug 4 01:49:29 UTC 2022 (Ubuntu 4.15.0-191.202-generic 4.15.18)
[    0.000000] Command line: BOOT_IMAGE=/boot/vmlinuz-4.15.0-191-generic root=LABEL=cloudimg-rootfs ro console=tty1 console=ttyS0
[    0.000000] KERNEL supported cpus:
[    0.000000]   Intel GenuineIntel
[    0.000000]   AMD AuthenticAMD
[    0.000000]   Centaur CentaurHauls
[    0.000000] x86/fpu: Supporting XSAVE feature 0x001: 'x87 floating point registers'
[    0.000000] x86/fpu: Supporting XSAVE feature 0x002: 'SSE registers'
[    0.000000] x86/fpu: Supporting XSAVE feature 0x004: 'AVX registers'
[    0.000000] x86/fpu: xstate_offset[2]:  576, xstate_sizes[2]:  256
[    0.000000] x86/fpu: Enabled xstate features 0x7, context size is 832 bytes, using 'standard' format.
[    0.000000] e820: BIOS-provided physical RAM map:
[    0.000000] BIOS-e820: [mem 0x0000000000000000-0x000000000009fbff] usable
[    0.000000] BIOS-e820: [mem 0x000000000009fc00-0x000000000009ffff] reserved
[    0.000000] BIOS-e820: [mem 0x00000000000f0000-0x00000000000fffff] reserved
[    0.000000] BIOS-e820: [mem 0x0000000000100000-0x000000003ffeffff] usable
[    0.000000] BIOS-e820: [mem 0x000000003fff0000-0x000000003fffffff] ACPI data
[    0.000000] BIOS-e820: [mem 0x00000000fec00000-0x00000000fec00fff] reserved
[    0.000000] BIOS-e820: [mem 0x00000000fee00000-0x00000000fee00fff] reserved
[    0.000000] BIOS-e820: [mem 0x00000000fffc0000-0x00000000ffffffff] reserved
[    0.000000] NX (Execute Disable) protection: active
[    0.000000] SMBIOS 2.5 present.
[    0.000000] DMI: innotek GmbH VirtualBox/VirtualBox, BIOS VirtualBox 12/01/2006
[    0.000000] Hypervisor detected: KVM
[    0.000000] e820: last_pfn = 0x3fff0 max_arch_pfn = 0x400000000
[    0.000000] MTRR: Disabled
[    0.000000] x86/PAT: MTRRs disabled, skipping PAT initialization too.
[    0.000000] CPU MTRRs all blank - virtualized system.
[    0.000000] x86/PAT: Configuration [0-7]: WB  WT  UC- UC  WB  WT  UC- UC  
[    0.000000] found SMP MP-table at [mem 0x0009fff0-0x0009ffff]
[    0.000000] Scanning 1 areas for low memory corruption
[    0.000000] RAMDISK: [mem 0x359c9000-0x36cdbfff]
[    0.000000] ACPI: Early table checksum verification disabled
[    0.000000] ACPI: RSDP 0x00000000000E0000 000024 (v02 VBOX  )
[    0.000000] ACPI: XSDT 0x000000003FFF0030 00003C (v01 VBOX   VBOXXSDT 00000001 ASL  00000061)
[    0.000000] ACPI: FACP 0x000000003FFF00F0 0000F4 (v04 VBOX   VBOXFACP 00000001 ASL  00000061)
[    0.000000] ACPI: DSDT 0x000000003FFF0470 002325 (v02 VBOX   VBOXBIOS 00000002 INTL 20200925)
[    0.000000] ACPI: FACS 0x000000003FFF0200 000040
[    0.000000] ACPI: FACS 0x000000003FFF0200 000040
[    0.000000] ACPI: APIC 0x000000003FFF0240 00005C (v02 VBOX   VBOXAPIC 00000001 ASL  00000061)
[    0.000000] ACPI: SSDT 0x000000003FFF02A0 0001CC (v01 VBOX   VBOXCPUT 00000002 INTL 20200925)
[    0.000000] ACPI: Reserving FACP table memory at [mem 0x3fff00f0-0x3fff01e3]
[    0.000000] ACPI: Reserving DSDT table memory at [mem 0x3fff0470-0x3fff2794]
[    0.000000] ACPI: Reserving FACS table memory at [mem 0x3fff0200-0x3fff023f]
[    0.000000] ACPI: Reserving FACS table memory at [mem 0x3fff0200-0x3fff023f]
[    0.000000] ACPI: Reserving APIC table memory at [mem 0x3fff0240-0x3fff029b]
[    0.000000] ACPI: Reserving SSDT table memory at [mem 0x3fff02a0-0x3fff046b]
[    0.000000] No NUMA configuration found
[    0.000000] Faking a node at [mem 0x0000000000000000-0x000000003ffeffff]
[    0.000000] NODE_DATA(0) allocated [mem 0x3ffc5000-0x3ffeffff]
[    0.000000] kvm-clock: cpu 0, msr 0:3ff44001, primary cpu clock
[    0.000000] kvm-clock: Using msrs 4b564d01 and 4b564d00
[    0.000000] kvm-clock: using sched offset of 3074589873 cycles
[    0.000000] clocksource: kvm-clock: mask: 0xffffffffffffffff max_cycles: 0x1cd42e4dffb, max_idle_ns: 881590591483 ns
[    0.000000] Zone ranges:
[    0.000000]   DMA      [mem 0x0000000000001000-0x0000000000ffffff]
[    0.000000]   DMA32    [mem 0x0000000001000000-0x000000003ffeffff]
[    0.000000]   Normal   empty
[    0.000000]   Device   empty
[    0.000000] Movable zone start for each node
[    0.000000] Early memory node ranges
[    0.000000]   node   0: [mem 0x0000000000001000-0x000000000009efff]
[    0.000000]   node   0: [mem 0x0000000000100000-0x000000003ffeffff]
[    0.000000] Reserved but unavailable: 104 pages
[    0.000000] Initmem setup node 0 [mem 0x0000000000001000-0x000000003ffeffff]
[    0.000000] ACPI: PM-Timer IO Port: 0x4008
[    0.000000] IOAPIC[0]: apic_id 2, version 32, address 0xfec00000, GSI 0-23
[    0.000000] ACPI: INT_SRC_OVR (bus 0 bus_irq 0 global_irq 2 dfl dfl)
[    0.000000] ACPI: INT_SRC_OVR (bus 0 bus_irq 9 global_irq 9 low level)
[    0.000000] Using ACPI (MADT) for SMP configuration information
[    0.000000] smpboot: Allowing 2 CPUs, 0 hotplug CPUs
[    0.000000] PM: Registered nosave memory: [mem 0x00000000-0x00000fff]
[    0.000000] PM: Registered nosave memory: [mem 0x0009f000-0x0009ffff]
[    0.000000] PM: Registered nosave memory: [mem 0x000a0000-0x000effff]
[    0.000000] PM: Registered nosave memory: [mem 0x000f0000-0x000fffff]
[    0.000000] e820: [mem 0x40000000-0xfebfffff] available for PCI devices
[    0.000000] Booting paravirtualized kernel on KVM
[    0.000000] clocksource: refined-jiffies: mask: 0xffffffff max_cycles: 0xffffffff, max_idle_ns: 7645519600211568 ns
[    0.000000] random: get_random_bytes called from start_kernel+0x99/0x500 with crng_init=0
[    0.000000] setup_percpu: NR_CPUS:8192 nr_cpumask_bits:2 nr_cpu_ids:2 nr_node_ids:1
[    0.000000] percpu: Embedded 50 pages/cpu s167936 r8192 d28672 u1048576
[    0.000000] PV qspinlock hash table entries: 256 (order: 0, 4096 bytes)
[    0.000000] Built 1 zonelists, mobility grouping on.  Total pages: 257913
[    0.000000] Policy zone: DMA32
[    0.000000] Kernel command line: BOOT_IMAGE=/boot/vmlinuz-4.15.0-191-generic root=LABEL=cloudimg-rootfs ro console=tty1 console=ttyS0
[    0.000000] Memory: 982644K/1048120K available (12300K kernel code, 2484K rwdata, 4324K rodata, 2468K init, 2724K bss, 65476K reserved, 0K cma-reserved)
[    0.000000] SLUB: HWalign=64, Order=0-3, MinObjects=0, CPUs=2, Nodes=1
[    0.000000] Kernel/User page tables isolation: enabled
[    0.000000] ftrace: allocating 39485 entries in 155 pages
[    0.004000] Hierarchical RCU implementation.
[    0.004000] 	RCU restricting CPUs from NR_CPUS=8192 to nr_cpu_ids=2.
[    0.004000] 	Tasks RCU enabled.
[    0.004000] RCU: Adjusting geometry for rcu_fanout_leaf=16, nr_cpu_ids=2
[    0.004000] NR_IRQS: 524544, nr_irqs: 440, preallocated irqs: 16
[    0.004000] Console: colour VGA+ 80x25
[    0.004000] console [tty1] enabled
[    0.004000] console [ttyS0] enabled
[    0.004000] ACPI: Core revision 20170831
[    0.004000] ACPI: 2 ACPI AML tables successfully acquired and loaded
[    0.004000] APIC: Switch to symmetric I/O mode setup
[    0.004000] x2apic enabled
[    0.004000] Switched APIC routing to physical x2apic.
[    0.004000] ..TIMER: vector=0x30 apic1=0 pin1=2 apic2=-1 pin2=-1
[    0.004000] tsc: Detected 2419.200 MHz processor
[    0.004000] Calibrating delay loop (skipped) preset value.. 4838.40 BogoMIPS (lpj=9676800)
[    0.004004] pid_max: default: 32768 minimum: 301
[    0.004505] Security Framework initialized
[    0.004915] Yama: becoming mindful.
[    0.005287] AppArmor: AppArmor initialized
[    0.006373] Dentry cache hash table entries: 131072 (order: 8, 1048576 bytes)
[    0.007163] Inode-cache hash table entries: 65536 (order: 7, 524288 bytes)
[    0.008008] Mount-cache hash table entries: 2048 (order: 2, 16384 bytes)
[    0.008649] Mountpoint-cache hash table entries: 2048 (order: 2, 16384 bytes)
[    0.009555] Last level iTLB entries: 4KB 0, 2MB 0, 4MB 0
[    0.010085] Last level dTLB entries: 4KB 0, 2MB 0, 4MB 0, 1GB 0
[    0.010650] Spectre V1 : Mitigation: usercopy/swapgs barriers and __user pointer sanitization
[    0.011504] Spectre V2 : Mitigation: Retpolines
[    0.012001] Spectre V2 : Spectre v2 / SpectreRSB mitigation: Filling RSB on context switch
[    0.012798] Speculative Store Bypass: Vulnerable
[    0.013286] MDS: Mitigation: Clear CPU buffers
[    0.013864] Freeing SMP alternatives memory: 36K
[    0.124191] smpboot: CPU0: 11th Gen Intel(R) Core(TM) i5-1135G7 @ 2.40GHz (family: 0x6, model: 0x8c, stepping: 0x1)
[    0.125786] Performance Events: unsupported p6 CPU model 140 no PMU driver, software events only.
[    0.126686] Hierarchical SRCU implementation.
[    0.127921] NMI watchdog: Perf event create on CPU 0 failed with -2
[    0.128001] NMI watchdog: Perf NMI watchdog permanently disabled
[    0.128599] smp: Bringing up secondary CPUs ...
[    0.129096] x86: Booting SMP configuration:
[    0.129509] .... node  #0, CPUs:      #1
[    0.004000] kvm-clock: cpu 1, msr 0:3ff44041, secondary cpu clock
[    0.132017] smp: Brought up 1 node, 2 CPUs
[    0.132477] smpboot: Max logical packages: 1
[    0.132946] smpboot: Total of 2 processors activated (9676.80 BogoMIPS)
[    0.133727] devtmpfs: initialized
[    0.133727] x86/mm: Memory block size: 128MB
[    0.134374] evm: security.selinux
[    0.135422] evm: security.SMACK64
[    0.136003] evm: security.SMACK64EXEC
[    0.136415] evm: security.SMACK64TRANSMUTE
[    0.140001] evm: security.SMACK64MMAP
[    0.140414] evm: security.apparmor
[    0.140800] evm: security.ima
[    0.141156] evm: security.capability
[    0.141584] clocksource: jiffies: mask: 0xffffffff max_cycles: 0xffffffff, max_idle_ns: 7645041785100000 ns
[    0.141584] futex hash table entries: 512 (order: 3, 32768 bytes)
[    0.141734] pinctrl core: initialized pinctrl subsystem
[    0.144646] RTC time: 12:04:31, date: 09/13/22
[    0.145277] NET: Registered protocol family 16
[    0.145849] audit: initializing netlink subsys (disabled)
[    0.146444] audit: type=2000 audit(1663070676.276:1): state=initialized audit_enabled=0 res=1
[    0.146444] cpuidle: using governor ladder
[    0.146444] cpuidle: using governor menu
[    0.148044] ACPI: bus type PCI registered
[    0.148453] acpiphp: ACPI Hot Plug PCI Controller Driver version: 0.5
[    0.149149] PCI: Using configuration type 1 for base access
[    0.149777] HugeTLB registered 2.00 MiB page size, pre-allocated 0 pages
[    0.149777] ACPI: Added _OSI(Module Device)
[    0.152002] ACPI: Added _OSI(Processor Device)
[    0.152444] ACPI: Added _OSI(3.0 _SCP Extensions)
[    0.152912] ACPI: Added _OSI(Processor Aggregator Device)
[    0.153433] ACPI: Added _OSI(Linux-Dell-Video)
[    0.153911] ACPI: Added _OSI(Linux-Lenovo-NV-HDMI-Audio)
[    0.154470] ACPI: Added _OSI(Linux-HPI-Hybrid-Graphics)
[    0.155182] ACPI: Executed 1 blocks of module-level executable AML code
[    0.157997] ACPI: Interpreter enabled
[    0.158454] ACPI: (supports S0 S5)
[    0.158837] ACPI: Using IOAPIC for interrupt routing
[    0.159480] PCI: Using host bridge windows from ACPI; if necessary, use "pci=nocrs" and report a bug
[    0.160094] ACPI: Enabled 2 GPEs in block 00 to 07
[    0.164634] ACPI: PCI Root Bridge [PCI0] (domain 0000 [bus 00-ff])
[    0.165328] acpi PNP0A03:00: _OSC: OS supports [ASPM ClockPM Segments MSI]
[    0.166277] acpi PNP0A03:00: _OSC: not requesting OS control; OS requires [ExtendedConfig ASPM ClockPM MSI]
[    0.167254] acpi PNP0A03:00: fail to add MMCONFIG information, can't access extended PCI configuration space under this bridge.
[    0.168204] PCI host bridge to bus 0000:00
[    0.168647] pci_bus 0000:00: root bus resource [io  0x0000-0x0cf7 window]
[    0.169296] pci_bus 0000:00: root bus resource [io  0x0d00-0xffff window]
[    0.169944] pci_bus 0000:00: root bus resource [mem 0x000a0000-0x000bffff window]
[    0.170682] pci_bus 0000:00: root bus resource [mem 0x40000000-0xfdffffff window]
[    0.172001] pci_bus 0000:00: root bus resource [bus 00-ff]
[    0.173545] pci 0000:00:01.1: legacy IDE quirk: reg 0x10: [io  0x01f0-0x01f7]
[    0.174241] pci 0000:00:01.1: legacy IDE quirk: reg 0x14: [io  0x03f6]
[    0.174862] pci 0000:00:01.1: legacy IDE quirk: reg 0x18: [io  0x0170-0x0177]
[    0.175561] pci 0000:00:01.1: legacy IDE quirk: reg 0x1c: [io  0x0376]
[    0.183317] pci 0000:00:07.0: quirk: [io  0x4000-0x403f] claimed by PIIX4 ACPI
[    0.184011] pci 0000:00:07.0: quirk: [io  0x4100-0x410f] claimed by PIIX4 SMB
[    0.190895] ACPI: PCI Interrupt Link [LNKA] (IRQs 5 9 10 *11)
[    0.191701] ACPI: PCI Interrupt Link [LNKB] (IRQs 5 9 *10 11)
[    0.192065] ACPI: PCI Interrupt Link [LNKC] (IRQs 5 *9 10 11)
[    0.192677] ACPI: PCI Interrupt Link [LNKD] (IRQs 5 9 10 *11)
[    0.193493] SCSI subsystem initialized
[    0.193936] pci 0000:00:02.0: vgaarb: setting as boot VGA device
[    0.193936] pci 0000:00:02.0: vgaarb: VGA device added: decodes=io+mem,owns=io+mem,locks=none
[    0.193936] pci 0000:00:02.0: vgaarb: bridge control possible
[    0.196007] vgaarb: loaded
[    0.196323] ACPI: bus type USB registered
[    0.196749] usbcore: registered new interface driver usbfs
[    0.197287] usbcore: registered new interface driver hub
[    0.197812] usbcore: registered new device driver usb
[    0.198337] EDAC MC: Ver: 3.0.0
[    0.198337] PCI: Using ACPI for IRQ routing
[    0.200195] NetLabel: Initializing
[    0.200597] NetLabel:  domain hash size = 128
[    0.201035] NetLabel:  protocols = UNLABELED CIPSOv4 CALIPSO
[    0.201602] NetLabel:  unlabeled traffic allowed by default
[    0.202152] clocksource: Switched to clocksource kvm-clock
[    0.209256] VFS: Disk quotas dquot_6.6.0
[    0.209746] VFS: Dquot-cache hash table entries: 512 (order 0, 4096 bytes)
[    0.210500] AppArmor: AppArmor Filesystem Enabled
[    0.211016] pnp: PnP ACPI init
[    0.211915] pnp: PnP ACPI: found 3 devices
[    0.218984] clocksource: acpi_pm: mask: 0xffffff max_cycles: 0xffffff, max_idle_ns: 2085701024 ns
[    0.220131] NET: Registered protocol family 2
[    0.220640] IP idents hash table entries: 16384 (order: 5, 131072 bytes)
[    0.221962] TCP established hash table entries: 8192 (order: 4, 65536 bytes)
[    0.222674] TCP bind hash table entries: 8192 (order: 5, 131072 bytes)
[    0.223308] TCP: Hash tables configured (established 8192 bind 8192)
[    0.223935] UDP hash table entries: 512 (order: 2, 16384 bytes)
[    0.224522] UDP-Lite hash table entries: 512 (order: 2, 16384 bytes)
[    0.225178] NET: Registered protocol family 1
[    0.225624] pci 0000:00:00.0: Limiting direct PCI/PCI transfers
[    0.226209] pci 0000:00:01.0: Activating ISA DMA hang workarounds
[    0.226822] pci 0000:00:02.0: Video device with shadowed ROM at [mem 0x000c0000-0x000dffff]
[    0.227703] Unpacking initramfs...
[    0.425334] Freeing initrd memory: 19532K
[    0.426019] clocksource: tsc: mask: 0xffffffffffffffff max_cycles: 0x22df1149949, max_idle_ns: 440795312789 ns
[    0.427003] platform rtc_cmos: registered platform RTC device (no PNP device found)
[    0.427788] Scanning for low memory corruption every 60 seconds
[    0.428981] Initialise system trusted keyrings
[    0.429493] Key type blacklist registered
[    0.430112] workingset: timestamp_bits=36 max_order=18 bucket_order=0
[    0.431386] zbud: loaded
[    0.432187] squashfs: version 4.0 (2009/01/31) Phillip Lougher
[    0.433139] fuse init (API version 7.26)
[    0.434862] Key type asymmetric registered
[    0.435338] Asymmetric key parser 'x509' registered
[    0.435889] Block layer SCSI generic (bsg) driver version 0.4 loaded (major 246)
[    0.436773] io scheduler noop registered
[    0.437765] io scheduler deadline registered
[    0.438870] io scheduler cfq registered (default)
[    0.440358] ACPI: AC Adapter [AC] (off-line)
[    0.441068] input: Power Button as /devices/LNXSYSTM:00/LNXPWRBN:00/input/input0
[    0.441988] ACPI: Power Button [PWRF]
[    0.442460] input: Sleep Button as /devices/LNXSYSTM:00/LNXSLPBN:00/input/input1
[    0.443258] ACPI: Sleep Button [SLPF]
[    0.444403] ACPI: Battery Slot [BAT0] (battery present)
[    0.445188] Serial: 8250/16550 driver, 32 ports, IRQ sharing enabled
[    0.466350] 00:02: ttyS0 at I/O 0x3f8 (irq = 4, base_baud = 115200) is a 16550A
[    0.468754] Linux agpgart interface v0.103
[    0.470195] loop: module loaded
[    0.470975] scsi host0: ata_piix
[    0.471545] scsi host1: ata_piix
[    0.471981] ata1: PATA max UDMA/33 cmd 0x1f0 ctl 0x3f6 bmdma 0xd000 irq 14
[    0.472707] ata2: PATA max UDMA/33 cmd 0x170 ctl 0x376 bmdma 0xd008 irq 15
[    0.473499] tun: Universal TUN/TAP device driver, 1.6
[    0.474136] PPP generic driver version 2.4.2
[    0.474677] ehci_hcd: USB 2.0 'Enhanced' Host Controller (EHCI) Driver
[    0.475363] ehci-pci: EHCI PCI platform driver
[    0.475858] ehci-platform: EHCI generic platform driver
[    0.476445] ohci_hcd: USB 1.1 'Open' Host Controller (OHCI) Driver
[    0.477097] ohci-pci: OHCI PCI platform driver
[    0.477585] ohci-platform: OHCI generic platform driver
[    0.478147] uhci_hcd: USB Universal Host Controller Interface driver
[    0.478845] i8042: PNP: PS/2 Controller [PNP0303:PS2K,PNP0f03:PS2M] at 0x60,0x64 irq 1,12
[    0.480069] serio: i8042 KBD port at 0x60,0x64 irq 1
[    0.480643] serio: i8042 AUX port at 0x60,0x64 irq 12
[    0.481300] mousedev: PS/2 mouse device common for all mice
[    0.482252] input: AT Translated Set 2 keyboard as /devices/platform/i8042/serio0/input/input2
[    0.483326] rtc_cmos rtc_cmos: rtc core: registered rtc_cmos as rtc0
[    0.484047] rtc_cmos rtc_cmos: alarms up to one day, 114 bytes nvram
[    0.484735] i2c /dev entries driver
[    0.485172] device-mapper: uevent: version 1.0.3
[    0.485747] device-mapper: ioctl: 4.37.0-ioctl (2017-09-20) initialised: dm-devel@redhat.com
[    0.486691] ledtrig-cpu: registered to indicate activity on CPUs
[    0.487608] NET: Registered protocol family 10
[    0.490441] Segment Routing with IPv6
[    0.490905] NET: Registered protocol family 17
[    0.491545] Key type dns_resolver registered
[    0.492171] mce: Using 0 MCE banks
[    0.492595] RAS: Correctable Errors collector initialized.
[    0.493191] sched_clock: Marking stable (492153674, 0)->(584117604, -91963930)
[    0.494246] registered taskstats version 1
[    0.494726] Loading compiled-in X.509 certificates
[    0.496838] Loaded X.509 cert 'Build time autogenerated kernel key: c22b55fccca0ab4a1b471e83eb5a5035df964114'
[    0.498317] Loaded X.509 cert 'Canonical Ltd. Live Patch Signing: 14df34d1a87cf37625abec039ef2bf521249b969'
[    0.499774] Loaded X.509 cert 'Canonical Ltd. Kernel Module Signing: 88f752e560a1e0737e31163a466ad7b70a850c19'
[    0.500847] blacklist: Loading compiled-in revocation X.509 certificates
[    0.501561] Loaded X.509 cert 'Canonical Ltd. Secure Boot Signing: 61482aa2830d0ab2ad5af10b7250da9033ddcef0'
[    0.502588] zswap: loaded using pool lzo/zbud
[    0.505394] Key type big_key registered
[    0.505860] Key type trusted registered
[    0.507425] Key type encrypted registered
[    0.507906] AppArmor: AppArmor sha1 policy hashing enabled
[    0.508524] ima: No TPM chip found, activating TPM-bypass! (rc=-19)
[    0.509213] ima: Allocated hash algorithm: sha1
[    0.509718] evm: HMAC attrs: 0x1
[    0.510273]   Magic number: 6:779:76
[    0.510783] rtc_cmos rtc_cmos: setting system clock to 2022-09-13 12:04:31 UTC (1663070671)
[    0.511768] BIOS EDD facility v0.16 2004-Jun-25, 0 devices found
[    0.512419] EDD information not available.
[    0.656739] Freeing unused kernel image memory: 2468K
[    0.807652] Write protecting the kernel read-only data: 20480k
[    0.811219] Freeing unused kernel image memory: 2008K
[    0.813941] Freeing unused kernel image memory: 1820K
[    0.819195] x86/mm: Checked W+X mappings: passed, no W+X pages found.
[    0.819843] x86/mm: Checking user space page tables
[    0.823512] x86/mm: Checked W+X mappings: passed, no W+X pages found.
Loading, please wait...
starting version 237
[    0.863202] e1000: Intel(R) PRO/1000 Network Driver - version 7.3.21-k8-NAPI
[    0.864133] e1000: Copyright (c) 1999-2006 Intel Corporation.
[    0.869987] Fusion MPT base driver 3.04.20
[    0.870517] Copyright (c) 1999-2008 LSI Corporation
[    0.875511] Fusion MPT SPI Host driver 3.04.20
[    0.883209] AVX2 version of gcm_enc/dec engaged.
[    0.883743] AES CTR mode by8 optimization enabled
[    1.080926] input: ImExPS/2 Generic Explorer Mouse as /devices/platform/i8042/serio1/input/input4
[    1.218921] e1000 0000:00:03.0 eth0: (PCI:33MHz:32-bit) 02:7d:7d:ce:01:7d
[    1.220047] e1000 0000:00:03.0 eth0: Intel(R) PRO/1000 Network Connection
[    1.222064] mptbase: ioc0: Initiating bringup
[    1.316638] ioc0: LSI53C1030 A0: Capabilities={Initiator}
[    1.560870] scsi host2: ioc0: LSI53C1030 A0, FwRev=00000000h, Ports=1, MaxQ=256, IRQ=20
[    1.728769] scsi 2:0:0:0: Direct-Access     VBOX     HARDDISK         1.0  PQ: 0 ANSI: 5
[    1.832024] scsi target2:0:0: Beginning Domain Validation
[    1.833253] scsi target2:0:0: Domain Validation skipping write tests
[    1.833949] scsi target2:0:0: Ending Domain Validation
[    1.834573] scsi target2:0:0: asynchronous
[    1.835235] scsi 2:0:1:0: Direct-Access     VBOX     HARDDISK         1.0  PQ: 0 ANSI: 5
[    2.075377] scsi target2:0:1: Beginning Domain Validation
[    2.079736] random: fast init done
[    2.081406] scsi target2:0:1: Domain Validation skipping write tests
[    2.084857] scsi target2:0:1: Ending Domain Validation
[    2.085595] scsi target2:0:1: asynchronous
[    2.087743] random: systemd-udevd: uninitialized urandom read (16 bytes read)
[    2.088583] random: systemd-udevd: uninitialized urandom read (16 bytes read)
[    2.089370] random: systemd-udevd: uninitialized urandom read (16 bytes read)
[    2.090385] sd 2:0:0:0: Attached scsi generic sg0 type 0
[    2.091711] e1000 0000:00:08.0 eth1: (PCI:33MHz:32-bit) 08:00:27:23:87:9c
[    2.092224] sd 2:0:1:0: Attached scsi generic sg1 type 0
[    2.092622] e1000 0000:00:08.0 eth1: Intel(R) PRO/1000 Network Connection
[    2.093336] sd 2:0:1:0: [sdb] 20480 512-byte logical blocks: (10.5 MB/10.0 MiB)
[    2.095062] sd 2:0:1:0: [sdb] Write Protect is off
[    2.095701] sd 2:0:0:0: [sda] 83886080 512-byte logical blocks: (42.9 GB/40.0 GiB)
[    2.095756] sd 2:0:1:0: [sdb] Incomplete mode parameter data
[    2.097205] sd 2:0:1:0: [sdb] Assuming drive cache: write through
[    2.097316] sd 2:0:0:0: [sda] Write Protect is off
[    2.098642] sd 2:0:0:0: [sda] Incomplete mode parameter data
[    2.099306] sd 2:0:0:0: [sda] Assuming drive cache: write through
[    2.106270]  sda: sda1
[    2.106928] sd 2:0:0:0: [sda] Attached SCSI disk
[    2.106989] sd 2:0:1:0: [sdb] Attached SCSI disk
[    2.450096] e1000 0000:00:09.0 eth2: (PCI:33MHz:32-bit) 08:00:27:6a:52:f5
[    2.451091] e1000 0000:00:09.0 eth2: Intel(R) PRO/1000 Network Connection
[    2.452771] e1000 0000:00:03.0 enp0s3: renamed from eth0
[    2.488547] e1000 0000:00:08.0 enp0s8: renamed from eth1
[    2.572626] e1000 0000:00:09.0 enp0s9: renamed from eth2
Begin: Loading essential drivers ... [    3.924106] raid6: sse2x1   gen() 23194 MB/s
[    3.975754] raid6: sse2x1   xor() 11516 MB/s
[    4.027957] raid6: sse2x2   gen() 24904 MB/s
[    4.079972] raid6: sse2x2   xor() 16024 MB/s
[    4.131816] raid6: sse2x4   gen() 25562 MB/s
[    4.187791] raid6: sse2x4   xor() 16179 MB/s
[    4.239767] raid6: avx2x1   gen() 37826 MB/s
[    4.295732] raid6: avx2x1   xor() 23938 MB/s
[    4.347897] raid6: avx2x2   gen() 44288 MB/s
[    4.399859] raid6: avx2x2   xor() 30038 MB/s
[    4.451978] raid6: avx2x4   gen() 42652 MB/s
[    4.507665] raid6: avx2x4   xor() 27736 MB/s
[    4.508151] raid6: using algorithm avx2x2 gen() 44288 MB/s
[    4.508695] raid6: .... xor() 30038 MB/s, rmw enabled
[    4.509200] raid6: using avx2x2 recovery algorithm
[    4.510688] xor: automatically using best checksumming function   avx       
[    4.512185] async_tx: api initialized (async)
done.
Begin: Running /scripts/init-premount ... done.
Begin: Mounting root file system ... Begin: Running /scripts/local-top ... done.
Begin: Running /scripts/local-premount ... [    4.542722] Btrfs loaded, crc32c=crc32c-intel
Scanning for Btrfs filesystems
done.
Warning: fsck not present, so skipping root file system
[    4.570633] EXT4-fs (sda1): mounted filesystem with ordered data mode. Opts: (null)
done.
Begin: Running /scripts/local-bottom ... done.
Begin: Running /scripts/init-bottom ... done.
[    4.735007] ip_tables: (C) 2000-2006 Netfilter Core Team
[    4.740944] systemd[1]: systemd 237 running in system mode. (+PAM +AUDIT +SELINUX +IMA +APPARMOR +SMACK +SYSVINIT +UTMP +LIBCRYPTSETUP +GCRYPT +GNUTLS +ACL +XZ +LZ4 +SECCOMP +BLKID +ELFUTILS +KMOD -IDN2 +IDN -PCRE2 default-hierarchy=hybrid)
[    4.743155] systemd[1]: Detected virtualization oracle.
[    4.743737] systemd[1]: Detected architecture x86-64.

Welcome to [1mUbuntu 18.04.6 LTS[0m!

[    4.747502] systemd[1]: Set hostname to <ubuntu>.
[    4.749615] systemd[1]: Initializing machine ID from random generator.
[    4.750323] systemd[1]: Installed transient /etc/machine-id file.
[    4.984554] systemd[1]: Reached target Swap.
[[0;32m  OK  [0m] Reached target Swap.
[    4.985601] systemd[1]: Started Forward Password Requests to Wall Directory Watch.
[[0;32m  OK  [0m] Started Forward Password Requests to Wall Directory Watch.
[    4.987838] systemd[1]: Created slice User and Session Slice.
[[0;32m  OK  [0m] Created slice User and Session Slice.
[    4.988919] systemd[1]: Reached target User and Group Name Lookups.
[[0;32m  OK  [0m] Reached target User and Group Name Lookups.
[[0;32m  OK  [0m] Reached target System Time Synchronized.
[[0;32m  OK  [0m] Set up automount Arbitrary Executab…rmats File System Automount Point.
[[0;32m  OK  [0m] Created slice System Slice.
[[0;32m  OK  [0m] Listening on fsck to fsckd communication Socket.
[[0;32m  OK  [0m] Listening on Journal Socket (/dev/log).
[[0;32m  OK  [0m] Listening on LVM2 metadata daemon socket.
[[0;32m  OK  [0m] Listening on udev Kernel Socket.
[[0;32m  OK  [0m] Reached target Slices.
[[0;32m  OK  [0m] Listening on Journal Audit Socket.
[[0;32m  OK  [0m] Listening on Syslog Socket.
[[0;32m  OK  [0m] Listening on udev Control Socket.
[[0;32m  OK  [0m] Listening on /dev/initctl Compatibility Named Pipe.
[[0;32m  OK  [0m] Listening on Network Service Netlink Socket.
[[0;32m  OK  [0m] Listening on LVM2 poll daemon socket.
[[0;32m  OK  [0m] Listening on Journal Socket.
         Mounting POSIX Message Queue File System...
         Mounting Kernel Debug File System...
         Starting Uncomplicated firewall...
         Starting Set the console keyboard layout...
         Starting Load Kernel Modules...
         Starting Journal Service...
         Starting File System Check on Root Device...
         Starting udev Coldplug all Devices...
         Mounting Huge Pages File System...
         Starting Create list of required st…ce nodes for the current kernel...
[[0;32m  OK  [0m] Listening on Device-mapper event daemon FIFOs.
         Starting Monitoring of LVM2 mirrors…ng dmeventd or progress polling...
[[0;32m  OK  [0m] Created slice system-serial\x2dgetty.slice.
[[0;32m  OK  [0m] Mounted POSIX Message Queue File System.
[[0;32m  OK  [0m] Mounted Kernel Debug File System.
[[0;32m  OK  [0m] Mounted Huge Pages File System.
[[0;32m  OK  [0m] Started Uncomplicated firewall.
[    5.032815] Loading iSCSI transport class v2.0-870.
[    5.037032] iscsi: registered transport (tcp)
[    5.048179] iscsi: registered transport (iser)
[[0;32m  OK  [0m] Started Load Kernel Modules.
         Starting Apply Kernel Variables...
         Mounting FUSE Control File System...
         Mounting Kernel Configuration File System...
[[0;32m  OK  [0m] Mounted FUSE Control File System.
[[0;32m  OK  [0m] Mounted Kernel Configuration File System.
[[0;32m  OK  [0m] Started Journal Service.
[[0;32m  OK  [0m] Started File System Check Daemon to report status.
[[0;32m  OK  [0m] Started Create list of required sta…vice nodes for the current kernel.
         Starting Create Static Device Nodes in /dev...
[[0;32m  OK  [0m] Started udev Coldplug all Devices.
[[0;32m  OK  [0m] Started Create Static Device Nodes in /dev.
[[0;32m  OK  [0m] Started File System Check on Root Device.
         Starting Remount Root and Kernel File Systems...
[[0;32m  OK  [0m] Started LVM2 metadata daemon.
[[0;32m  OK  [0m] Started Apply Kernel Variables.
[[0;32m  OK  [0m] Started Remount Root and Kernel File Systems.
         Starting Load/Save Random Seed...
         Starting Flush Journal to Persistent Storage...
         Starting udev Kernel Device Manager...
[[0;32m  OK  [0m] Started Load/Save Random Seed.
[[0;32m  OK  [0m] Started Monitoring of LVM2 mirrors,…sing dmeventd or progress polling.
[[0;32m  OK  [0m] Started udev Kernel Device Manager.
[[0;32m  OK  [0m] Started Flush Journal to Persistent Storage.
[[0;32m  OK  [0m] Found device /dev/ttyS0.
[[0;32m  OK  [0m] Listening on Load/Save RF Kill Switch Status /dev/rfkill Watch.
[[0;32m  OK  [0m] Started Set the console keyboard layout.
[[0;32m  OK  [0m] Reached target Local File Systems (Pre).
[[0;32m  OK  [0m] Reached target Local File Systems.
         Starting Tell Plymouth To Write Out Runtime Data...
         Starting ebtables ruleset management...
         Starting Commit a transient machine-id on disk...
         Starting Create Volatile Files and Directories...
         Starting Set console font and keymap...
         Starting AppArmor initialization...
[[0;32m  OK  [0m] Started Dispatch Password Requests to Console Directory Watch.
[[0;32m  OK  [0m] Reached target Local Encrypted Volumes.
[[0;32m  OK  [0m] Started Tell Plymouth To Write Out Runtime Data.
[[0;32m  OK  [0m] Started Create Volatile Files and Directories.
         Starting Update UTMP about System Boot/Shutdown...
[[0;32m  OK  [0m] Started Update UTMP about System Boot/Shutdown.
[[0;32m  OK  [0m] Started Commit a transient machine-id on disk.
[[0;32m  OK  [0m] Started ebtables ruleset management.
[[0;32m  OK  [0m] Started AppArmor initialization.
         Starting Load AppArmor profiles managed internally by snapd...
         Starting Initial cloud-init job (pre-networking)...
[[0;32m  OK  [0m] Started Load AppArmor profiles managed internally by snapd.
[[0;32m  OK  [0m] Started Set console font and keymap.
[    7.485092] cloud-init[846]: Cloud-init v. 22.2-0ubuntu1~18.04.3 running 'init-local' at Tue, 13 Sep 2022 12:04:38 +0000. Up 7.26 seconds.
[[0;32m  OK  [0m] Started Initial cloud-init job (pre-networking).
[[0;32m  OK  [0m] Reached target Network (Pre).
         Starting Network Service...
[[0;32m  OK  [0m] Started Network Service.
         Starting Network Name Resolution...
         Starting Wait for Network to be Configured...
[[0;32m  OK  [0m] Started Network Name Resolution.
[[0;32m  OK  [0m] Reached target Network.
[[0;32m  OK  [0m] Reached target Host and Network Name Lookups.
[[0;32m  OK  [0m] Started Wait for Network to be Configured.
         Starting Initial cloud-init job (metadata service crawler)...
[    8.899552] cloud-init[1032]: Cloud-init v. 22.2-0ubuntu1~18.04.3 running 'init' at Tue, 13 Sep 2022 12:04:39 +0000. Up 8.80 seconds.
[    8.900497] cloud-init[1032]: ci-info: ++++++++++++++++++++++++++++++++++++++Net device info++++++++++++++++++++++++++++++++++++++
[    8.901409] cloud-init[1032]: ci-info: +--------+-------+---------------------------+---------------+--------+-------------------+
[    8.902239] cloud-init[1032]: ci-info: | Device |   Up  |          Address          |      Mask     | Scope  |     Hw-Address    |
[    8.903073] cloud-init[1032]: ci-info: +--------+-------+---------------------------+---------------+--------+-------------------+
[    8.903994] cloud-init[1032]: ci-info: | enp0s3 |  True |         10.0.2.15         | 255.255.255.0 | global | 02:7d:7d:ce:01:7d |
[    8.904975] cloud-init[1032]: ci-info: | enp0s3 |  True | fe80::7d:7dff:fece:17d/64 |       .       |  link  | 02:7d:7d:ce:01:7d |
[    8.905888] cloud-init[1032]: ci-info: | enp0s8 | False |             .             |       .       |   .    | 08:00:27:23:87:9c |
[    8.906840] cloud-init[1032]: ci-info: | enp0s9 | False |             .             |       .       |   .    | 08:00:27:6a:52:f5 |
[    8.907799] cloud-init[1032]: ci-info: |   lo   |  True |         127.0.0.1         |   255.0.0.0   |  host  |         .         |
[    8.908754] cloud-init[1032]: ci-info: |   lo   |  True |          ::1/128          |       .       |  host  |         .         |
[    8.909689] cloud-init[1032]: ci-info: +--------+-------+---------------------------+---------------+--------+-------------------+
[    8.910602] cloud-init[1032]: ci-info: ++++++++++++++++++++++++++++Route IPv4 info+++++++++++++++++++++++++++++
[    8.911442] cloud-init[1032]: ci-info: +-------+-------------+----------+-----------------+-----------+-------+
[    8.912312] cloud-init[1032]: ci-info: | Route | Destination | Gateway  |     Genmask     | Interface | Flags |
[    8.913120] cloud-init[1032]: ci-info: +-------+-------------+----------+-----------------+-----------+-------+
[    8.913927] cloud-init[1032]: ci-info: |   0   |   0.0.0.0   | 10.0.2.2 |     0.0.0.0     |   enp0s3  |   UG  |
[    8.914773] cloud-init[1032]: ci-info: |   1   |   10.0.2.0  | 0.0.0.0  |  255.255.255.0  |   enp0s3  |   U   |
[    8.915574] cloud-init[1032]: ci-info: |   2   |   10.0.2.2  | 0.0.0.0  | 255.255.255.255 |   enp0s3  |   UH  |
[    8.916434] cloud-init[1032]: ci-info: +-------+-------------+----------+-----------------+-----------+-------+
[    8.917237] cloud-init[1032]: ci-info: +++++++++++++++++++Route IPv6 info+++++++++++++++++++
[    8.917939] cloud-init[1032]: ci-info: +-------+-------------+---------+-----------+-------+
[    8.918675] cloud-init[1032]: ci-info: | Route | Destination | Gateway | Interface | Flags |
[    8.919376] cloud-init[1032]: ci-info: +-------+-------------+---------+-----------+-------+
[    8.920117] cloud-init[1032]: ci-info: |   1   |  fe80::/64  |    ::   |   enp0s3  |   U   |
[    8.920815] cloud-init[1032]: ci-info: |   3   |    local    |    ::   |   enp0s3  |   U   |
[    8.921542] cloud-init[1032]: ci-info: |   4   |   ff00::/8  |    ::   |   enp0s3  |   U   |
[    8.922236] cloud-init[1032]: ci-info: +-------+-------------+---------+-----------+-------+
[   10.983624] cloud-init[1032]: Generating public/private rsa key pair.
[   10.984265] cloud-init[1032]: Your identification has been saved in /etc/ssh/ssh_host_rsa_key.
[   10.984994] cloud-init[1032]: Your public key has been saved in /etc/ssh/ssh_host_rsa_key.pub.
[   10.985707] cloud-init[1032]: The key fingerprint is:
[   10.986189] cloud-init[1032]: SHA256:sthkGREqzvbcgDXnjhX+MWOxlw7rKxgEZhw47GfP39s root@ubuntu-bionic
[   10.986927] cloud-init[1032]: The key's randomart image is:
[   10.987456] cloud-init[1032]: +---[RSA 2048]----+
[   10.987948] cloud-init[1032]: |.o..  o.         |
[   10.988514] cloud-init[1032]: |o.=  . .         |
[   10.988984] cloud-init[1032]: |.+..+ + .        |
[   10.989447] cloud-init[1032]: | + *.= + o .     |
[   10.989917] cloud-init[1032]: |  B.+ O S o      |
[   10.990386] cloud-init[1032]: | . o.& = O       |
[   10.990863] cloud-init[1032]: |    =o* + .      |
[   10.991328] cloud-init[1032]: |    . .o ..      |
[   10.991800] cloud-init[1032]: |       .oo.E     |
[   10.992283] cloud-init[1032]: +----[SHA256]-----+
[   10.992751] cloud-init[1032]: Generating public/private dsa key pair.
[   10.993329] cloud-init[1032]: Your identification has been saved in /etc/ssh/ssh_host_dsa_key.
[   10.994066] cloud-init[1032]: Your public key has been saved in /etc/ssh/ssh_host_dsa_key.pub.
[   10.994789] cloud-init[1032]: The key fingerprint is:
[   10.995270] cloud-init[1032]: SHA256:hVLkB/8K8+LAVvEtnKffRVFFJNdG6+0BU0MuL/fCWoc root@ubuntu-bionic
[   10.996068] cloud-init[1032]: The key's randomart image is:
[   10.996585] cloud-init[1032]: +---[DSA 1024]----+
[   10.997057] cloud-init[1032]: |       .+     oBX|
[   10.997527] cloud-init[1032]: |       o +    oo*|
[   10.997992] cloud-init[1032]: |      . + +  + = |
[   10.998454] cloud-init[1032]: |       . * +  * o|
[   10.998918] cloud-init[1032]: |        S = +. =o|
[   10.999285] cloud-init[1032]: |     . . + = .o+o|
[   10.999764] cloud-init[1032]: |      + . +   E =|
[   11.000259] cloud-init[1032]: |     . o . . + + |
[   11.000726] cloud-init[1032]: |        .   o .  |
[   11.001204] cloud-init[1032]: +----[SHA256]-----+
[   11.001672] cloud-init[1032]: Generating public/private ecdsa key pair.
[   11.002263] cloud-init[1032]: Your identification has been saved in /etc/ssh/ssh_host_ecdsa_key.
[   11.003004] cloud-init[1032]: Your public key has been saved in /etc/ssh/ssh_host_ecdsa_key.pub.
[   11.003739] cloud-init[1032]: The key fingerprint is:
[   11.004255] cloud-init[1032]: SHA256:747smKoBd0F+4cl2biLoicNfqRPiVrpnEZrmsetqys4 root@ubuntu-bionic
[   11.005001] cloud-init[1032]: The key's randomart image is:
[   11.005515] cloud-init[1032]: +---[ECDSA 256]---+
[   11.016260] cloud-init[1032]: |    . .          |
[   11.016639] cloud-init[1032]: |   o o o         |
[   11.017119] cloud-init[1032]: |    o * .        |
[   11.017587] cloud-init[1032]: |   o + o         |
[   11.018059] cloud-init[1032]: |. = + . S        |
[   11.018527] cloud-init[1032]: |.@ * ..o .       |
[   11.018996] cloud-init[1032]: |*.X oo    .      |
[   11.019458] cloud-init[1032]: |oO.=o  + o       |
[   11.019931] cloud-init[1032]: |XE*+o.o.+.o      |
[   11.020450] cloud-init[[0;32m  OK  [0m] Started Initial cloud-init job (metadata service crawler).
[[0;32m  OK  [0m] Reached target Network is Online.
[1032]: +----[SHA256]-----+
[   11.021732] cloud-init[1032]: Generating public/private ed25519 key pair.         Starting Availability of block devices...
[[0;32m  OK  [0m] Reached target Remote File Systems (Pre).
[[0;32m  OK  [0m] Reached target Remote File Systems.
[[0;32m  OK  [0m] Reached target System Initialization.
[[0;32m  OK  [0m] Listening on Open-iSCSI iscsid Socket.
[[0;32m  OK  [0m] Started Daily Cleanup of Temporary Directories.
[[0;32m  OK  [0m] Started Discard unused blocks once a week.
[[0;32m  OK  [0m] Started Daily apt download activities.
[[0;32m  OK  [0m] Listening on D-Bus System Message Bus Socket.
[[0;32m  OK  [0m] Started Ubuntu Advantage Timer for running repeated jobs.

[[0;32m  OK  [0m] Started ACPI Events Check.
[[0;32m  OK  [0m] Started Daily apt upgrade and clean activities.
[[0;32m  OK  [0m] Started Message of the Day.
[[0;32m  OK  [0m] Reached target Timers.
         Starting Socket activation for snappy daemon.
[[0;32m  OK  [0m] Listening on UUID daemon activation socket.
[[0;32m  OK  [0m] Listening on ACPID Listen Socket.
[[0;32m  OK  [0m] Listening on cloud-init hotplug hook socket.
[[0;32m  OK  [0m] Reached target Paths.
[   11.026341] cloud-init[1032]: Your identification has been saved in /etc/ssh/ssh_host_ed25519_key.
[   11.032503] cloud-init[1032]: Your public key has been saved in /etc/ssh/ssh_host_ed25519_key.pub.
[   11.033177] cloud-init[1032]: The key fingerprint is:
         Starting LXD - unix socket.
[[0;32m  OK  [0m] Reached target Cloud-config availability.
[[0;32m  OK  [0m] Listening on Socket activation for snappy daemon.
[[0;32m  OK  [0m] Listening on LXD - unix socket.
[[0;32m  OK  [0m] Reached target Sockets.
[[0;32m  OK  [0m] Reached target Basic System.
[   11.034589] cloud-init[1032]:          Starting LSB: automatic crash report generation...
[[0;32m  OK  [0m] Started Regular background program processing daemon.
         Starting System Logging Service...
         Starting Login Service...
         Starting Permit User Sessions...
SHA256:nqB1scEcqJE3Di+sBadruhpin+2yzA/tAatyNzO990g root@ubuntu-bionic
[[0;32m  OK  [0m] Started Deferred execution scheduler.
[[0;32m  OK  [0m] Started FUSE filesystem for LXC.
[   11.045498]          Starting Accounts Service...
cloud-init[1032]: The key's randomart image is:
[   11.047475] cloud-init[1032]: +--[ED25519 256]--+
[   11.060444] cloud-init[1032]: |     . ..        |
[   11.061283] cloud-init[1032]: |  . = +o .       |
[   11.062077] cloud-init[1032]: |   = B .=        |
[   11.062837] cloud-init[1032]: |  . = o  +       |
[   11.063669] cloud-init[1032]: |   = .o S        |
[   11.064178] cloud-init[1032]: |  + +o + .       |
[   11.064641] cloud-init[1032]: |o+ o.+  E        |
[   11.065109] cloud-init[1032]: |=.*.X o...       |
[   11.065586] cloud-init[1032]: |=+ B=O.o...      |
[   11.066054] cloud-init[1032]: +----[SHA256]-----+
[[0;32m  OK  [0m] Started irqbalance daemon.
         Starting LSB: Record successful boot for GRUB...
         Starting Virtualbox guest utils...
         Starting Dispatcher daemon for systemd-networkd...
         Starting LXD - container startup/shutdown...
         Starting Pollinate to seed the pseudo random number generator...
[[0;32m  OK  [0m] Started D-Bus System Message Bus.
[[0;32m  OK  [0m] Started Login Service.
[[0;32m  OK  [0m] Started Unattended Upgrades Shutdown.
         Starting Snap Daemon...
[[0;32m  OK  [0m] Started System Logging Service.
[[0;32m  OK  [0m] Started Availability of block devices.
[[0;32m  OK  [0m] Started Permit User Sessions.
[[0;32m  OK  [0m] Started LXD - container startup/shutdown.
[[0;32m  OK  [0m] Started Dispatcher daemon for systemd-networkd.
         Starting Authorization Manager...
         Starting Hold until boot process finishes up...
         Starting Terminate Plymouth Boot Screen...
[[0;32m  OK  [0m] Started Hold until boot process finishes up.
[[0;32m  OK  [0m] Started Serial Getty on ttyS0.
         Starting Set console scheme...
[[0;32m  OK  [0m] Started LSB: automatic crash report generation.
[[0;32m  OK  [0m] Started Terminate Plymouth Boot Screen.
[[0;32m  OK  [0m] Started LSB: Record successful boot for GRUB.
[[0;32m  OK  [0m] Started Set console scheme.
[[0;32m  OK  [0m] Created slice system-getty.slice.
[[0;32m  OK  [0m] Started Getty on tty1.
[[0;32m  OK  [0m] Reached target Login Prompts.
[[0;32m  OK  [0m] Started Authorization Manager.
[[0;32m  OK  [0m] Started Accounts Service.
[[0;32m  OK  [0m] Started Virtualbox guest utils.
[[0;32m  OK  [0m] Started Snap Daemon.
         Starting Wait until snapd is fully seeded...
         Starting Time & Date Service...
[[0;32m  OK  [0m] Started Time & Date Service.
[[0;32m  OK  [0m] Started Pollinate to seed the pseudo random number generator.
         Starting OpenBSD Secure Shell server...
[[0;32m  OK  [0m] Started OpenBSD Secure Shell server.
[[0;32m  OK  [0m] Created slice User Slice of vagrant.
         Starting User Manager for UID 1000...
[[0;32m  OK  [0m] Started Session 1 of user vagrant.
[[0;32m  OK  [0m] Started Wait until snapd is fully seeded.
         Starting Apply the settings specified in cloud-config...
[[0;32m  OK  [0m] Started User Manager for UID 1000.
[   15.943349] cloud-init[1614]: Cloud-init v. 22.2-0ubuntu1~18.04.3 running 'modules:config' at Tue, 13 Sep 2022 12:04:46 +0000. Up 15.31 seconds.
[[0;32m  OK  [0m] Started Apply the settings specified in cloud-config.
[[0;32m  OK  [0m] Reached target Multi-User System.
[[0;32m  OK  [0m] Reached target Graphical Interface.
         Starting Update UTMP about System Runlevel Changes...
         Starting Execute cloud user/final scripts...
[[0;32m  OK  [0m] Started Update UTMP about System Runlevel Changes.
ci-info: no authorized SSH keys fingerprints found for user ubuntu.
<14>Sep 13 12:04:47 cloud-init: #############################################################
<14>Sep 13 12:04:47 cloud-init: -----BEGIN SSH HOST KEY FINGERPRINTS-----
<14>Sep 13 12:04:47 cloud-init: 1024 SHA256:hVLkB/8K8+LAVvEtnKffRVFFJNdG6+0BU0MuL/fCWoc root@ubuntu-bionic (DSA)
<14>Sep 13 12:04:47 cloud-init: 256 SHA256:747smKoBd0F+4cl2biLoicNfqRPiVrpnEZrmsetqys4 root@ubuntu-bionic (ECDSA)
<14>Sep 13 12:04:47 cloud-init: 256 SHA256:nqB1scEcqJE3Di+sBadruhpin+2yzA/tAatyNzO990g root@ubuntu-bionic (ED25519)
<14>Sep 13 12:04:47 cloud-init: 2048 SHA256:sthkGREqzvbcgDXnjhX+MWOxlw7rKxgEZhw47GfP39s root@ubuntu-bionic (RSA)
<14>Sep 13 12:04:47 cloud-init: -----END SSH HOST KEY FINGERPRINTS-----
<14>Sep 13 12:04:47 cloud-init: #############################################################
-----BEGIN SSH HOST KEY KEYS-----
ecdsa-sha2-nistp256 AAAAE2VjZHNhLXNoYTItbmlzdHAyNTYAAAAIbmlzdHAyNTYAAABBBErmS0geKWPBD/Mt85/0Lqfi//m+ecJV7Dc7zUcok19Sah27bl7eVnNd7jI0575JzuykH05roDCJep76hXabaRw= root@ubuntu-bionic
ssh-ed25519 AAAAC3NzaC1lZDI1NTE5AAAAIKN1J2u7fygIZt02sIcu+tqaTcYR39k7R+e+HnFS7znn root@ubuntu-bionic
ssh-rsa AAAAB3NzaC1yc2EAAAADAQABAAABAQC9OUq3DVXHVLmAmdfWf/quYLbgk6zZRbBiHCMa25DY+oqZSQbH8vYLfuFB6Q1Z0GXpV3Lwc3pKMiBWK1ED3bVfwPB+PQxTQcnuEZQKLnJek/5fVHldq/QBQAbk1IHMY2/P1ZYnSeSrN1sTNmxq0onq3HDRsv5mmL/ll9W/ihDNUCxYUx9yKnjjKBLRZMTiOTuEKik2W0vnQBiDOixENX/xZ7FmGpBwbYCjTH5HGb5x/L8LcTWb4MAll19s2eahd7cZxDMNrlakJPOBKtEAllu9zUN413RScr32oawtc1/8A2KZlmXTjOcLyIG5XbJkkGCcmDeOzrY0cu8wDMRtr0RT root@ubuntu-bionic
-----END SSH HOST KEY KEYS-----
[   16.489031] cloud-init[1720]: Cloud-init v. 22.2-0ubuntu1~18.04.3 running 'modules:final' at Tue, 13 Sep 2022 12:04:47 +0000. Up 16.26 seconds.
[   16.489129] cloud-init[1720]: Cloud-init v. 22.2-0ubuntu1~18.04.3 finished at Tue, 13 Sep 2022 12:04:47 +0000. Datasource DataSourceNoCloud [seed=/dev/sdb][dsmode=net].  Up 16.48 seconds

Ubuntu 18.04.6 LTS ubuntu-bionic ttyS0

ubuntu-bionic login: [[0;32m  OK  [0m] Stopped target Timers.
[[0;32m  OK  [0m] Stopped Message of the Day.
         Stopping User Manager for UID 1000...
[[0;32m  OK  [0m] Stopped target Cloud-init target.
[[0;32m  OK  [0m] Closed Load/Save RF Kill Switch Status /dev/rfkill Watch.
         Stopping Authorization Manager...
[[0;32m  OK  [0m] Stopped Discard unused blocks once a week.
[[0;32m  OK  [0m] Stopped Ubuntu Advantage Timer for running repeated jobs.
[[0;32m  OK  [0m] Stopped Daily apt upgrade and clean activities.
[[0;32m  OK  [0m] Stopped Daily apt download activities.
[[0;32m  OK  [0m] Stopped Execute cloud user/final scripts.
[[0;32m  OK  [0m] Stopped target Graphical Interface.
         Stopping Accounts Service...
         Stopping Availability of block devices...
[[0;32m  OK  [0m] Stopped Clean PHP session files every 30 mins.
[[0;32m  OK  [0m] Stopped target System Time Synchronized.
         Stopping Session 8 of user vagrant.
[[0;32m  OK  [0m] Stopped Daily Cleanup of Temporary Directories.
[[0;32m  OK  [0m] Stopped Apply the settings specified in cloud-config.
[[0;32m  OK  [0m] Stopped target Network is Online.
[[0;32m  OK  [0m] Stopped target Cloud-config availability.
[[0;32m  OK  [0m] Stopped target Multi-User System.
         Stopping D-Bus System Message Bus...
         Stopping FUSE filesystem for LXC...
         Stopping LSB: Record successful boot for GRUB...
         Stopping Regular background program processing daemon...
         Stopping OpenBSD Secure Shell server...
         Stopping Dispatcher daemon for systemd-networkd...
[[0;32m  OK  [0m] Stopped target Login Prompts.
         Stopping Serial Getty on ttyS0...
         Stopping Getty on tty1...
         Stopping The Apache HTTP Server...
         Stopping LSB: automatic crash report generation...
         Stopping Deferred execution scheduler...
         Stopping irqbalance daemon...
         Stopping MySQL Community Server...
         Stopping LXD - container startup/shutdown...
[[0;32m  OK  [0m] Stopped Wait until snapd is fully seeded.
         Stopping vboxadd-service.service...
         Stopping System Logging Service...
[[0;32m  OK  [0m] Unmounted /var/lib/lxcfs.
[[0;32m  OK  [0m] Stopped Regular background program processing daemon.
[[0;32m  OK  [0m] Stopped Deferred execution scheduler.
[[0;32m  OK  [0m] Stopped Accounts Service.
[[0;32m  OK  [0m] Stopped irqbalance daemon.
[[0;32m  OK  [0m] Stopped Dispatcher daemon for systemd-networkd.
[[0;32m  OK  [0m] Stopped System Logging Service.
[[0;32m  OK  [0m] Stopped Authorization Manager.
[[0;32m  OK  [0m] Stopped Serial Getty on ttyS0.
[[0;32m  OK  [0m] Stopped Getty on tty1.
[[0;32m  OK  [0m] Stopped OpenBSD Secure Shell server.
[[0;32m  OK  [0m] Stopped User Manager for UID 1000.
[[0;32m  OK  [0m] Stopped Availability of block devices.
[[0;32m  OK  [0m] Stopped D-Bus System Message Bus.
[[0;32m  OK  [0m] Stopped Session 8 of user vagrant.
[[0;32m  OK  [0m] Removed slice User Slice of vagrant.
         Stopping Login Service...
[[0;32m  OK  [0m] Removed slice system-getty.slice.
         Stopping Permit User Sessions...
[[0;32m  OK  [0m] Removed slice system-serial\x2dgetty.slice.
[[0;32m  OK  [0m] Stopped FUSE filesystem for LXC.
[[0;32m  OK  [0m] Stopped Permit User Sessions.
[[0;32m  OK  [0m] Stopped LXD - container startup/shutdown.
[[0;32m  OK  [0m] Stopped LSB: automatic crash report generation.
[[0;32m  OK  [0m] Stopped LSB: Record successful boot for GRUB.
[[0;32m  OK  [0m] Stopped vboxadd-service.service.
         Stopping vboxadd.service...
[[0;32m  OK  [0m] Stopped Login Service.
[[0;32m  OK  [0m] Stopped target User and Group Name Lookups.
[[0;32m  OK  [0m] Unmounted /vagrant.
[[0;32m  OK  [0m] Stopped vboxadd.service.
[[0;32m  OK  [0m] Stopped The Apache HTTP Server.
[[0;32m  OK  [0m] Stopped target Remote File Systems.
[[0;32m  OK  [0m] Stopped target Remote File Systems (Pre).
[[0;32m  OK  [0m] Stopped target Host and Network Name Lookups.
[[0;32m  OK  [0m] Stopped MySQL Community Server.
[[0;32m  OK  [0m] Stopped target Network.
         Stopping Network Name Resolution...
[[0;32m  OK  [0m] Stopped target Basic System.
[[0;32m  OK  [0m] Stopped target Slices.
[[0;32m  OK  [0m] Removed slice User and Session Slice.
[[0;32m  OK  [0m] Stopped target Paths.
[[0;32m  OK  [0m] Stopped ACPI Events Check.
[[0;32m  OK  [0m] Stopped target Sockets.
[[0;32m  OK  [0m] Closed Syslog Socket.
[[0;32m  OK  [0m] Closed D-Bus System Message Bus Socket.
[[0;32m  OK  [0m] Closed cloud-init hotplug hook socket.
[[0;32m  OK  [0m] Closed LXD - unix socket.
[[0;32m  OK  [0m] Closed Socket activation for snappy daemon.
[[0;32m  OK  [0m] Closed Open-iSCSI iscsid Socket.
[[0;32m  OK  [0m] Closed ACPID Listen Socket.
[[0;32m  OK  [0m] Closed UUID daemon activation socket.
[[0;32m  OK  [0m] Stopped target System Initialization.
[[0;32m  OK  [0m] Stopped target Local Encrypted Volumes.
[[0;32m  OK  [0m] Stopped Dispatch Password Requests to Console Directory Watch.
[[0;32m  OK  [0m] Stopped Forward Password Requests to Wall Directory Watch.
[[0;32m  OK  [0m] Stopped Commit a transient machine-id on disk.
         Stopping Load/Save Random Seed...
[[0;32m  OK  [0m] Stopped Initial cloud-init job (metadata service crawler).
         Stopping Update UTMP about System Boot/Shutdown...
[[0;32m  OK  [0m] Stopped Network Name Resolution.
[[0;32m  OK  [0m] Stopped Load/Save Random Seed.
         Stopping Network Service...
[[0;32m  OK  [0m] Stopped Update UTMP about System Boot/Shutdown.
[[0;32m  OK  [0m] Stopped Create Volatile Files and Directories.
[[0;32m  OK  [0m] Stopped target Local File Systems.
         Unmounting /run/user/1000...
[[0;32m  OK  [0m] Unmounted /run/user/1000.
[[0;32m  OK  [0m] Reached target Unmount All Filesystems.
[[0;32m  OK  [0m] Stopped target Local File Systems (Pre).
         Stopping Monitoring of LVM2 mirrors…ng dmeventd or progress polling...
[[0;32m  OK  [0m] Stopped Create Static Device Nodes in /dev.
[[0;32m  OK  [0m] Stopped target Swap.
[[0;32m  OK  [0m] Stopped Monitoring of LVM2 mirrors,…sing dmeventd or progress polling.
         Stopping LVM2 metadata daemon...
[[0;32m  OK  [0m] Stopped LVM2 metadata daemon.
[[0;32m  OK  [0m] Stopped Network Service.
[[0;32m  OK  [0m] Stopped Apply Kernel Variables.
[[0;32m  OK  [0m] Stopped Load Kernel Modules.
[[0;32m  OK  [0m] Stopped target Network (Pre).
[[0;32m  OK  [0m] Stopped Initial cloud-init job (pre-networking).
[[0;32m  OK  [0m] Stopped Remount Root and Kernel File Systems.
[[0;32m  OK  [0m] Reached target Shutdown.
[[0;32m  OK  [0m] Reached target Final Step.
         Starting Power-Off...
[ 2390.079889] reboot: Power down
